2024-12-25 18:00:11,330 - economy - INFO - get_fear_n_greed - fean n greed=> (254, 3) 
            date      score         rating
0    2023-12-26  81.171429  extreme greed
1    2023-12-27  81.257143  extreme greed
2    2023-12-28  80.714286  extreme greed
3    2024-01-01  79.714286  extreme greed
4    2024-01-02  76.714286  extreme greed
..          ...        ...            ...
249  2024-12-19  28.085714           fear
250  2024-12-22  29.571429           fear
251  2024-12-23  34.028571           fear
252  2024-12-24  34.028571           fear
253  2024-12-24  34.028571           fear

[254 rows x 3 columns]
2024-12-25 18:00:11,334 - economy - INFO - __init__ - filepath=./files/economy/{}, start_ds=2019-12-25 18:00:11.333930, end_ds=2024-12-25 18:00:11.333918
2024-12-25 18:00:11,774 - economy - INFO - get_gdp - gdp= (344, 2) => 1949-01-01 00:00:00 to 2034-10-01 00:00:00
2024-12-25 18:00:11,777 - economy - INFO - get_gdp - gdp=
           date                 gdp
0   1949-01-01  2256.0845794522143
1   1949-04-01  2288.0797447343202
2   1949-07-01   2321.232738068765
3   1949-10-01   2352.503145106597
4   1950-01-01    2384.66243643569
..         ...                 ...
339 2033-10-01            27326.18
340 2034-01-01            27445.78
341 2034-04-01            27565.36
342 2034-07-01            27684.89
343 2034-10-01            27804.37

[344 rows x 2 columns]
2024-12-25 18:00:12,207 - economy - INFO - get_cpi - cpi= (935, 2)
2024-12-25 18:00:53,709 - economy - INFO - get_fear_n_greed - fean n greed=> (254, 3) 
            date      score         rating
0    2023-12-26  81.171429  extreme greed
1    2023-12-27  81.257143  extreme greed
2    2023-12-28  80.714286  extreme greed
3    2024-01-01  79.714286  extreme greed
4    2024-01-02  76.714286  extreme greed
..          ...        ...            ...
249  2024-12-19  28.085714           fear
250  2024-12-22  29.571429           fear
251  2024-12-23  34.028571           fear
252  2024-12-24  34.028571           fear
253  2024-12-24  34.028571           fear

[254 rows x 3 columns]
2024-12-25 18:00:53,714 - economy - INFO - __init__ - filepath=./files/economy/{}, start_ds=2019-12-25 18:00:53.714279, end_ds=2024-12-25 18:00:53.714271
2024-12-25 18:00:54,094 - economy - INFO - get_gdp - gdp= (344, 2) => 1949-01-01 00:00:00 to 2034-10-01 00:00:00
2024-12-25 18:00:54,098 - economy - INFO - get_gdp - gdp=
           date                 gdp
0   1949-01-01  2256.0845794522143
1   1949-04-01  2288.0797447343202
2   1949-07-01   2321.232738068765
3   1949-10-01   2352.503145106597
4   1950-01-01    2384.66243643569
..         ...                 ...
339 2033-10-01            27326.18
340 2034-01-01            27445.78
341 2034-04-01            27565.36
342 2034-07-01            27684.89
343 2034-10-01            27804.37

[344 rows x 2 columns]
2024-12-25 18:00:54,446 - economy - INFO - get_cpi - cpi= (935, 2)
2024-12-25 18:00:54,449 - economy - INFO - get_cpi - cpi=
           date      cpi
0   1947-01-01    21.48
1   1947-02-01    21.62
2   1947-03-01     22.0
3   1947-04-01     22.0
4   1947-05-01    21.95
..         ...      ...
930 2024-07-01  313.534
931 2024-08-01  314.121
932 2024-09-01  314.686
933 2024-10-01  315.454
934 2024-11-01  316.441

[935 rows x 2 columns]
2024-12-25 18:00:54,883 - economy - INFO - get_mortgage - mortgage= (2804, 2)
2024-12-25 18:00:54,886 - economy - INFO - get_mortgage - mortgage=
            date mortgage
0    1971-04-02     7.33
1    1971-04-09     7.31
2    1971-04-16     7.31
3    1971-04-23     7.31
4    1971-04-30     7.29
...         ...      ...
2799 2024-11-21     6.84
2800 2024-11-27     6.81
2801 2024-12-05     6.69
2802 2024-12-12      6.6
2803 2024-12-19     6.72

[2804 rows x 2 columns]
2024-12-25 18:00:55,405 - economy - INFO - get_10yr_treasury - treasury= (12671, 2)
2024-12-25 18:00:55,409 - economy - INFO - get_10yr_treasury - treasury=
             date treasury
0     1976-06-01     0.68
1     1976-06-02     0.71
2     1976-06-03     0.70
3     1976-06-04     0.77
4     1976-06-07     0.79
...          ...      ...
12666 2024-12-18     0.15
12667 2024-12-19     0.25
12668 2024-12-20     0.22
12669 2024-12-23     0.29
12670 2024-12-24      0.3

[12671 rows x 2 columns]
2024-12-25 18:00:55,793 - economy - INFO - get_unemployment - unemployment= (923, 2), 1948-01-01 00:00:00 to 2024-11-01 00:00:00
2024-12-25 18:00:55,797 - economy - INFO - get_unemployment - unemployment=
           date unemployment
0   1948-01-01          3.4
1   1948-02-01          3.8
2   1948-03-01          4.0
3   1948-04-01          3.9
4   1948-05-01          3.5
..         ...          ...
918 2024-07-01          4.3
919 2024-08-01          4.2
920 2024-09-01          4.1
921 2024-10-01          4.1
922 2024-11-01          4.2

[923 rows x 2 columns]
2024-12-25 18:00:55,797 - economy - INFO - export_data - Exporting economy data to ./files/economy/{}
2024-12-25 18:00:55,825 - economy - INFO - export_data - Done exporting=> gdp=(344, 2), cpi=(935, 2), mortgage=(2804, 2), treasury=(12671, 2), unemployment=(923, 2)
