2024-12-25 16:35:36,618 - economy - INFO - get_fear_n_greed - fean n greed=> (254, 3) 
            date      score         rating
0    2023-12-26  81.171429  extreme greed
1    2023-12-27  81.257143  extreme greed
2    2023-12-28  80.714286  extreme greed
3    2024-01-01  79.714286  extreme greed
4    2024-01-02  76.714286  extreme greed
..          ...        ...            ...
249  2024-12-19  28.085714           fear
250  2024-12-22  29.571429           fear
251  2024-12-23  34.028571           fear
252  2024-12-24  34.028571           fear
253  2024-12-24  34.028571           fear

[254 rows x 3 columns]
2024-12-25 16:35:37,125 - economy - INFO - get_gdp - gdp=
            date       gdp
0    2019-12-25       NaN
1    2019-12-26       NaN
2    2019-12-27       NaN
3    2019-12-28       NaN
4    2019-12-29       NaN
...         ...       ...
1823 2024-12-21  22920.27
1824 2024-12-22  22920.27
1825 2024-12-23  22920.27
1826 2024-12-24  22920.27
1827 2024-12-25  22920.27

[1828 rows x 2 columns]
2024-12-25 16:35:37,489 - economy - INFO - get_cpi - cpi=
            date      cpi
0    2019-12-25      NaN
1    2019-12-26      NaN
2    2019-12-27      NaN
3    2019-12-28      NaN
4    2019-12-29      NaN
...         ...      ...
1823 2024-12-21  316.441
1824 2024-12-22  316.441
1825 2024-12-23  316.441
1826 2024-12-24  316.441
1827 2024-12-25  316.441

[1828 rows x 2 columns]
2024-12-25 16:35:37,901 - economy - INFO - get_mortgage - mortgage=
            date mortgage
0    2019-12-25      NaN
1    2019-12-26     3.74
2    2019-12-27     3.74
3    2019-12-28     3.74
4    2019-12-29     3.74
...         ...      ...
1823 2024-12-21     6.72
1824 2024-12-22     6.72
1825 2024-12-23     6.72
1826 2024-12-24     6.72
1827 2024-12-25     6.72

[1828 rows x 2 columns]
2024-12-25 16:35:38,420 - economy - INFO - get_10yr_treasury - treasury=
            date treasury
0    2019-12-25      NaN
1    2019-12-26     0.26
2    2019-12-27     0.29
3    2019-12-28     0.29
4    2019-12-29     0.29
...         ...      ...
1823 2024-12-21     0.22
1824 2024-12-22     0.22
1825 2024-12-23     0.29
1826 2024-12-24      0.3
1827 2024-12-25      0.3

[1828 rows x 2 columns]
2024-12-25 16:35:38,794 - economy - INFO - get_unemployment - unemployment=
            date unemployment
0    2019-12-25          NaN
1    2019-12-26          NaN
2    2019-12-27          NaN
3    2019-12-28          NaN
4    2019-12-29          NaN
...         ...          ...
1823 2024-12-21          4.2
1824 2024-12-22          4.2
1825 2024-12-23          4.2
1826 2024-12-24          4.2
1827 2024-12-25          4.2

[1828 rows x 2 columns]
2024-12-25 16:35:38,795 - economy - INFO - export_data - Exporting economy data to ./files/economy/{}
2024-12-25 16:35:38,818 - economy - INFO - export_data - Done exporting=> gdp=(1828, 2), cpi=(1828, 2), mortgage=(1828, 2), treasury=(1828, 2), unemployment=(1828, 2)
