2024-12-25 17:25:22,388 - economy - INFO - get_fear_n_greed - fean n greed=> (254, 3) 
            date      score         rating
0    2023-12-26  81.171429  extreme greed
1    2023-12-27  81.257143  extreme greed
2    2023-12-28  80.714286  extreme greed
3    2024-01-01  79.714286  extreme greed
4    2024-01-02  76.714286  extreme greed
..          ...        ...            ...
249  2024-12-19  28.085714           fear
250  2024-12-22  29.571429           fear
251  2024-12-23  34.028571           fear
252  2024-12-24  34.028571           fear
253  2024-12-24  34.028571           fear

[254 rows x 3 columns]
2024-12-25 17:25:22,776 - economy - INFO - get_gdp - gdp= (344, 2) => 1949-01-01 00:00:00 to 2034-10-01 00:00:00
2024-12-25 17:25:22,784 - economy - INFO - get_gdp - gdp=
             date                 gdp
0     1949-01-01  2256.0845794522143
1     1949-01-02  2256.0845794522143
2     1949-01-03  2256.0845794522143
3     1949-01-04  2256.0845794522143
4     1949-01-05  2256.0845794522143
...          ...                 ...
27663 2024-09-27            22800.63
27664 2024-09-28            22800.63
27665 2024-09-29            22800.63
27666 2024-09-30            22800.63
27667 2024-10-01            22920.27

[27668 rows x 2 columns]
2024-12-25 17:25:23,312 - economy - INFO - get_cpi - cpi= (935, 2)
