2024-12-25 17:29:30,427 - economy - INFO - get_fear_n_greed - fean n greed=> (254, 3) 
            date      score         rating
0    2023-12-26  81.171429  extreme greed
1    2023-12-27  81.257143  extreme greed
2    2023-12-28  80.714286  extreme greed
3    2024-01-01  79.714286  extreme greed
4    2024-01-02  76.714286  extreme greed
..          ...        ...            ...
249  2024-12-19  28.085714           fear
250  2024-12-22  29.571429           fear
251  2024-12-23  34.028571           fear
252  2024-12-24  34.028571           fear
253  2024-12-24  34.028571           fear

[254 rows x 3 columns]
2024-12-25 17:29:31,178 - economy - INFO - get_gdp - gdp= (344, 2) => 1949-01-01 00:00:00 to 2034-10-01 00:00:00
2024-12-25 17:29:31,190 - economy - INFO - get_gdp - gdp=
             date                 gdp
0     1949-01-01  2256.0845794522143
1     1949-01-02  2256.0845794522143
2     1949-01-03  2256.0845794522143
3     1949-01-04  2256.0845794522143
4     1949-01-05  2256.0845794522143
...          ...                 ...
27663 2024-09-27            22800.63
27664 2024-09-28            22800.63
27665 2024-09-29            22800.63
27666 2024-09-30            22800.63
27667 2024-10-01            22920.27

[27668 rows x 2 columns]
2024-12-25 17:29:31,660 - economy - INFO - get_cpi - cpi= (935, 2)
2024-12-25 17:29:31,667 - economy - INFO - get_cpi - cpi=
             date      cpi
0     1947-01-01    21.48
1     1947-01-02    21.48
2     1947-01-03    21.48
3     1947-01-04    21.48
4     1947-01-05    21.48
...          ...      ...
28425 2024-10-28  315.454
28426 2024-10-29  315.454
28427 2024-10-30  315.454
28428 2024-10-31  315.454
28429 2024-11-01  316.441

[28430 rows x 2 columns]
2024-12-25 17:29:32,358 - economy - INFO - get_mortgage - mortgage= (2804, 2)
2024-12-25 17:29:32,363 - economy - INFO - get_mortgage - mortgage=
             date mortgage
0     1971-04-02     7.33
1     1971-04-03     7.33
2     1971-04-04     7.33
3     1971-04-05     7.33
4     1971-04-06     7.33
...          ...      ...
19616 2024-12-15      6.6
19617 2024-12-16      6.6
19618 2024-12-17      6.6
19619 2024-12-18      6.6
19620 2024-12-19     6.72

[19621 rows x 2 columns]
2024-12-25 17:29:32,947 - economy - INFO - get_10yr_treasury - treasury= (12671, 2)
2024-12-25 17:29:32,952 - economy - INFO - get_10yr_treasury - treasury=
             date treasury
0     1976-06-01     0.68
1     1976-06-02     0.71
2     1976-06-03     0.70
3     1976-06-04     0.77
4     1976-06-05     0.77
...          ...      ...
17734 2024-12-20     0.22
17735 2024-12-21     0.22
17736 2024-12-22     0.22
17737 2024-12-23     0.29
17738 2024-12-24      0.3

[17739 rows x 2 columns]
2024-12-25 17:29:33,366 - economy - INFO - get_unemployment - unemployment= (923, 2)
2024-12-25 17:29:33,370 - economy - INFO - get_unemployment - unemployment=
             date unemployment
0     1948-01-01          3.4
1     1948-01-02          3.4
2     1948-01-03          3.4
3     1948-01-04          3.4
4     1948-01-05          3.4
...          ...          ...
28060 2024-10-28          4.1
28061 2024-10-29          4.1
28062 2024-10-30          4.1
28063 2024-10-31          4.1
28064 2024-11-01          4.2

[28065 rows x 2 columns]
2024-12-25 17:29:33,370 - economy - INFO - export_data - Exporting economy data to ./files/economy/{}
2024-12-25 17:29:33,485 - economy - INFO - export_data - Done exporting=> gdp=(27668, 2), cpi=(28430, 2), mortgage=(19621, 2), treasury=(17739, 2), unemployment=(28065, 2)
2024-12-25 17:29:33,485 - economy - INFO - consolidate_data - Consolidating data ./files/economy...
2024-12-25 17:29:33,486 - economy - INFO - consolidate_data - Combining directory: ./files/economy
2024-12-25 17:29:33,487 - economy - INFO - consolidate_data - Combining directory: ./files/economy/gdp
2024-12-25 17:29:33,507 - economy - INFO - consolidate_data -  -> Combined file=(58988, 2)
