2024-12-25 17:16:49,935 - economy - INFO - get_fear_n_greed - fean n greed=> (254, 3) 
            date      score         rating
0    2023-12-26  81.171429  extreme greed
1    2023-12-27  81.257143  extreme greed
2    2023-12-28  80.714286  extreme greed
3    2024-01-01  79.714286  extreme greed
4    2024-01-02  76.714286  extreme greed
..          ...        ...            ...
249  2024-12-19  28.085714           fear
250  2024-12-22  29.571429           fear
251  2024-12-23  34.028571           fear
252  2024-12-24  34.028571           fear
253  2024-12-24  34.028571           fear

[254 rows x 3 columns]
2024-12-25 17:16:50,738 - economy - INFO - get_gdp - gdp= (344, 2) => 1949-01-01 00:00:00 to 2034-10-01 00:00:00
2024-12-25 17:16:50,747 - economy - INFO - get_gdp - gdp=
             date                 gdp
0     1949-01-01  2256.0845794522143
1     1949-01-02  2256.0845794522143
2     1949-01-03  2256.0845794522143
3     1949-01-04  2256.0845794522143
4     1949-01-05  2256.0845794522143
...          ...                 ...
31315 2034-09-27            27684.89
31316 2034-09-28            27684.89
31317 2034-09-29            27684.89
31318 2034-09-30            27684.89
31319 2034-10-01            27804.37

[31320 rows x 2 columns]
2024-12-25 17:16:51,079 - economy - INFO - get_cpi - cpi= (935, 2)
2024-12-25 17:16:51,099 - economy - INFO - get_cpi - cpi=
            date      cpi
0    2019-12-25      NaN
1    2019-12-26      NaN
2    2019-12-27      NaN
3    2019-12-28      NaN
4    2019-12-29      NaN
...         ...      ...
1823 2024-12-21  316.441
1824 2024-12-22  316.441
1825 2024-12-23  316.441
1826 2024-12-24  316.441
1827 2024-12-25  316.441

[1828 rows x 2 columns]
2024-12-25 17:16:51,449 - economy - INFO - get_mortgage - mortgage= (2804, 2)
2024-12-25 17:16:51,460 - economy - INFO - get_mortgage - mortgage=
            date mortgage
0    2019-12-25      NaN
1    2019-12-26     3.74
2    2019-12-27     3.74
3    2019-12-28     3.74
4    2019-12-29     3.74
...         ...      ...
1823 2024-12-21     6.72
1824 2024-12-22     6.72
1825 2024-12-23     6.72
1826 2024-12-24     6.72
1827 2024-12-25     6.72

[1828 rows x 2 columns]
2024-12-25 17:16:51,881 - economy - INFO - get_10yr_treasury - treasury= (12671, 2)
2024-12-25 17:16:51,886 - economy - INFO - get_10yr_treasury - treasury=
            date treasury
0    2019-12-25        .
1    2019-12-26     0.26
2    2019-12-27     0.29
3    2019-12-28     0.29
4    2019-12-29     0.29
...         ...      ...
1823 2024-12-21     0.22
1824 2024-12-22     0.22
1825 2024-12-23     0.29
1826 2024-12-24      0.3
1827 2024-12-25      0.3

[1828 rows x 2 columns]
2024-12-25 17:16:52,266 - economy - INFO - get_unemployment - unemployment= (923, 2)
2024-12-25 17:16:52,278 - economy - INFO - get_unemployment - unemployment=
            date unemployment
0    2019-12-25          NaN
1    2019-12-26          NaN
2    2019-12-27          NaN
3    2019-12-28          NaN
4    2019-12-29          NaN
...         ...          ...
1823 2024-12-21          4.2
1824 2024-12-22          4.2
1825 2024-12-23          4.2
1826 2024-12-24          4.2
1827 2024-12-25          4.2

[1828 rows x 2 columns]
2024-12-25 17:16:52,279 - economy - INFO - export_data - Exporting economy data to ./files/economy/{}
2024-12-25 17:16:52,352 - economy - INFO - export_data - Done exporting=> gdp=(31320, 2), cpi=(1828, 2), mortgage=(1828, 2), treasury=(1828, 2), unemployment=(1828, 2)
