2024-12-27 12:24:28,625 - economy - INFO - fetch_data - Fetched Fear & Greed data: (255, 3)
           date      score         rating
0    2023-12-27  81.257143  extreme greed
1    2023-12-28  80.714286  extreme greed
2    2024-01-01  79.714286  extreme greed
3    2024-01-02  76.714286  extreme greed
4    2024-01-03  78.685714  extreme greed
..          ...        ...            ...
250  2024-12-23  34.914286           fear
251  2024-12-24  34.028571           fear
252  2024-12-25  33.257143           fear
253  2024-12-26  33.857143           fear
254  2024-12-27  33.828571           fear

[255 rows x 3 columns]
2024-12-27 12:24:28,633 - economy - INFO - __init__ - Initialized FederalReserve with filepath=./files/economy/{}, start_date=2019-12-27 12:24:28.633403, end_date=2024-12-27 12:24:28.633473
2024-12-27 12:24:29,758 - economy - INFO - fetch_series - Fetched gdp data: (344, 2)
          date                 gdp
0   1949-01-01  2256.0845794522143
1   1949-04-01  2288.0797447343202
2   1949-07-01   2321.232738068765
3   1949-10-01   2352.503145106597
4   1950-01-01    2384.66243643569
..         ...                 ...
339 2033-10-01            27326.18
340 2034-01-01            27445.78
341 2034-04-01            27565.36
342 2034-07-01            27684.89
343 2034-10-01            27804.37

[344 rows x 2 columns]
2024-12-27 12:24:30,157 - economy - INFO - fetch_series - Fetched cpi data: (935, 2)
          date      cpi
0   1947-01-01    21.48
1   1947-02-01    21.62
2   1947-03-01     22.0
3   1947-04-01     22.0
4   1947-05-01    21.95
..         ...      ...
930 2024-07-01  313.534
931 2024-08-01  314.121
932 2024-09-01  314.686
933 2024-10-01  315.454
934 2024-11-01  316.441

[935 rows x 2 columns]
2024-12-27 12:24:30,540 - economy - INFO - fetch_series - Fetched mortgage data: (2805, 2)
           date mortgage
0    1971-04-02     7.33
1    1971-04-09     7.31
2    1971-04-16     7.31
3    1971-04-23     7.31
4    1971-04-30     7.29
...         ...      ...
2800 2024-11-27     6.81
2801 2024-12-05     6.69
2802 2024-12-12      6.6
2803 2024-12-19     6.72
2804 2024-12-26     6.85

[2805 rows x 2 columns]
2024-12-27 12:24:30,987 - economy - INFO - fetch_series - Fetched treasury data: (12673, 2)
            date treasury
0     1976-06-01     0.68
1     1976-06-02     0.71
2     1976-06-03     0.70
3     1976-06-04     0.77
4     1976-06-07     0.79
...          ...      ...
12668 2024-12-20     0.22
12669 2024-12-23     0.29
12670 2024-12-24      0.3
12671 2024-12-25        .
12672 2024-12-26     0.28

[12673 rows x 2 columns]
2024-12-27 12:24:31,391 - economy - INFO - fetch_series - Fetched unemployment data: (923, 2)
          date unemployment
0   1948-01-01          3.4
1   1948-02-01          3.8
2   1948-03-01          4.0
3   1948-04-01          3.9
4   1948-05-01          3.5
..         ...          ...
918 2024-07-01          4.3
919 2024-08-01          4.2
920 2024-09-01          4.1
921 2024-10-01          4.1
922 2024-11-01          4.2

[923 rows x 2 columns]
2024-12-27 12:24:31,429 - economy - INFO - export_all - Exported all Federal Reserve data.
