2024-12-25 13:16:00,358 - ohlcv - INFO - 
Stock: NVDA, 
Interval: 1m, 
Lookback: 5, 
Indices: [], 
Correlated Stocks: ['INTC'] 
Data Output Base Dir: ./files/technical/NVDA
2024-12-25 13:16:00,360 - ohlcv - INFO - 
Stock: NVDA, 
Interval: 1m, 
Lookback: 5, 
Indices: [], 
Correlated Stocks: ['INTC'] 
Data Output Base Dir: ./files/technical/NVDA
2024-12-25 13:16:00,360 - ohlcv - INFO - 
Stock: NVDA, 
Interval: 1m, 
Lookback: 5, 
Indices: [], 
Correlated Stocks: ['INTC'] 
Data Output Base Dir: ./files/technical/NVDA
2024-12-25 13:16:03,240 - ohlcv - INFO - Data engine starting...
2024-12-25 13:16:03,240 - ohlcv - INFO - Data engine starting...
2024-12-25 13:16:03,240 - ohlcv - INFO -  Getting data NVDA...
2024-12-25 13:16:03,240 - ohlcv - INFO -  Getting data INTC...
2024-12-25 13:16:04,020 - ohlcv - INFO -   -> NVDA downloaded: (1380, 5)
2024-12-25 13:16:04,020 - ohlcv - INFO -  Stats: 
2024-12-25 13:16:04,020 - ohlcv - INFO -   -> Number of rows: 1380
2024-12-25 13:16:04,020 - ohlcv - INFO -   -> Number of columns: 5
2024-12-25 13:16:04,020 - ohlcv - INFO -   -> Column names: Index(['Open', 'High', 'Low', 'Close', 'Volume'], dtype='object')
2024-12-25 13:16:04,021 - ohlcv - INFO -   -> dtype:
 Open      float64
High      float64
Low       float64
Close     float64
Volume      int64
dtype: object
2024-12-25 13:16:04,025 - ohlcv - INFO -   -> Info:
 None
2024-12-25 13:16:04,026 - ohlcv - INFO -   -> nulls:
 Open      8
High      8
Low       8
Close     8
Volume    0
dtype: int64
2024-12-25 13:16:04,026 - ohlcv - INFO -  Setting data types...
2024-12-25 13:16:04,026 - ohlcv - INFO - 1380
2024-12-25 13:16:04,027 - ohlcv - INFO -  Exporting csv to ./files/technical/NVDA/NVDA_ohlcv_1m.csv
2024-12-25 13:16:04,043 - ohlcv - INFO - Success downloads!
2024-12-25 13:16:05,361 - ohlcv - INFO -   -> INTC downloaded: (0, 6)
2024-12-25 13:16:05,362 - ohlcv - INFO -  Stats: 
2024-12-25 13:16:05,362 - ohlcv - INFO -   -> Number of rows: 0
2024-12-25 13:16:05,362 - ohlcv - INFO -   -> Number of columns: 6
2024-12-25 13:16:05,363 - ohlcv - INFO -   -> Column names: Index(['Open', 'High', 'Low', 'Close', 'Adj Close', 'Volume'], dtype='object')
2024-12-25 13:16:05,369 - ohlcv - INFO -   -> dtype:
 Open         float64
High         float64
Low          float64
Close        float64
Adj Close    float64
Volume       float64
dtype: object
2024-12-25 13:16:05,379 - ohlcv - INFO -   -> Info:
 None
2024-12-25 13:16:05,380 - ohlcv - INFO -   -> nulls:
 Open         0
High         0
Low          0
Close        0
Adj Close    0
Volume       0
dtype: int64
2024-12-25 13:16:05,381 - ohlcv - INFO -  Setting data types...
2024-12-25 13:16:05,382 - ohlcv - INFO - 0
