2024-12-25 13:53:16,268 - ohlcv - INFO - __init__ - 
Stock: NVDA, 
Interval: 1m, 
Lookback: 5, 
Indices: [], 
Correlated Stocks: ['INTC'] 
Data Output Base Dir: ./files/ohlcv/NVDA/1m
2024-12-25 13:53:16,269 - ohlcv - INFO - __init__ - 
Stock: NVDA, 
Interval: 1m, 
Lookback: 5, 
Indices: [], 
Correlated Stocks: ['INTC'] 
Data Output Base Dir: ./files/ohlcv/INTC/1m
2024-12-25 13:53:16,269 - ohlcv - INFO - __init__ - 
Stock: NVDA, 
Interval: 1m, 
Lookback: 5, 
Indices: [], 
Correlated Stocks: ['INTC'] 
Data Output Base Dir: ./files/ohlcv/INTC/1m
2024-12-25 13:53:18,892 - ohlcv - INFO - driver - Data engine starting...
2024-12-25 13:53:18,892 - ohlcv - INFO - driver - Data engine starting...
2024-12-25 13:53:18,892 - ohlcv - INFO - download_data -  Getting data INTC...
2024-12-25 13:53:18,892 - ohlcv - INFO - download_data -  Getting data NVDA...
2024-12-25 13:53:19,587 - ohlcv - ERROR - driver - name 'tmp1' is not defined
