2024-12-26 14:40:42,620 - ohlcv - INFO - __init__ - 
Stock: NVDA, 
Interval: 1m, 
Lookback: 5, 
Indices: ['SPY', 'BOTZ', 'SMH', 'XLK'], 
Correlated Stocks: ['INTC', 'AMD', 'AVGO'] 
Data Output Base Dir: ./files/ohlcv/NVDA/1m
2024-12-26 14:40:42,621 - ohlcv - INFO - __init__ - 
Stock: NVDA, 
Interval: 1m, 
Lookback: 5, 
Indices: ['SPY', 'BOTZ', 'SMH', 'XLK'], 
Correlated Stocks: ['INTC', 'AMD', 'AVGO'] 
Data Output Base Dir: ./files/ohlcv/SPY/1m
2024-12-26 14:40:42,621 - ohlcv - INFO - __init__ - 
Stock: NVDA, 
Interval: 1m, 
Lookback: 5, 
Indices: ['SPY', 'BOTZ', 'SMH', 'XLK'], 
Correlated Stocks: ['INTC', 'AMD', 'AVGO'] 
Data Output Base Dir: ./files/ohlcv/SPY/1m
2024-12-26 14:40:42,625 - ohlcv - INFO - __init__ - 
Stock: NVDA, 
Interval: 1m, 
Lookback: 5, 
Indices: ['SPY', 'BOTZ', 'SMH', 'XLK'], 
Correlated Stocks: ['INTC', 'AMD', 'AVGO'] 
Data Output Base Dir: ./files/ohlcv/BOTZ/1m
2024-12-26 14:40:42,625 - ohlcv - INFO - __init__ - 
Stock: NVDA, 
Interval: 1m, 
Lookback: 5, 
Indices: ['SPY', 'BOTZ', 'SMH', 'XLK'], 
Correlated Stocks: ['INTC', 'AMD', 'AVGO'] 
Data Output Base Dir: ./files/ohlcv/BOTZ/1m
2024-12-26 14:40:42,625 - ohlcv - INFO - __init__ - 
Stock: NVDA, 
Interval: 1m, 
Lookback: 5, 
Indices: ['SPY', 'BOTZ', 'SMH', 'XLK'], 
Correlated Stocks: ['INTC', 'AMD', 'AVGO'] 
Data Output Base Dir: ./files/ohlcv/BOTZ/1m
2024-12-26 14:40:42,626 - ohlcv - INFO - __init__ - 
Stock: NVDA, 
Interval: 1m, 
Lookback: 5, 
Indices: ['SPY', 'BOTZ', 'SMH', 'XLK'], 
Correlated Stocks: ['INTC', 'AMD', 'AVGO'] 
Data Output Base Dir: ./files/ohlcv/SMH/1m
2024-12-26 14:40:42,626 - ohlcv - INFO - __init__ - 
Stock: NVDA, 
Interval: 1m, 
Lookback: 5, 
Indices: ['SPY', 'BOTZ', 'SMH', 'XLK'], 
Correlated Stocks: ['INTC', 'AMD', 'AVGO'] 
Data Output Base Dir: ./files/ohlcv/SMH/1m
2024-12-26 14:40:42,626 - ohlcv - INFO - __init__ - 
Stock: NVDA, 
Interval: 1m, 
Lookback: 5, 
Indices: ['SPY', 'BOTZ', 'SMH', 'XLK'], 
Correlated Stocks: ['INTC', 'AMD', 'AVGO'] 
Data Output Base Dir: ./files/ohlcv/SMH/1m
2024-12-26 14:40:42,626 - ohlcv - INFO - __init__ - 
Stock: NVDA, 
Interval: 1m, 
Lookback: 5, 
Indices: ['SPY', 'BOTZ', 'SMH', 'XLK'], 
Correlated Stocks: ['INTC', 'AMD', 'AVGO'] 
Data Output Base Dir: ./files/ohlcv/SMH/1m
2024-12-26 14:40:42,628 - ohlcv - INFO - __init__ - 
Stock: NVDA, 
Interval: 1m, 
Lookback: 5, 
Indices: ['SPY', 'BOTZ', 'SMH', 'XLK'], 
Correlated Stocks: ['INTC', 'AMD', 'AVGO'] 
Data Output Base Dir: ./files/ohlcv/XLK/1m
2024-12-26 14:40:42,628 - ohlcv - INFO - __init__ - 
Stock: NVDA, 
Interval: 1m, 
Lookback: 5, 
Indices: ['SPY', 'BOTZ', 'SMH', 'XLK'], 
Correlated Stocks: ['INTC', 'AMD', 'AVGO'] 
Data Output Base Dir: ./files/ohlcv/XLK/1m
2024-12-26 14:40:42,628 - ohlcv - INFO - __init__ - 
Stock: NVDA, 
Interval: 1m, 
Lookback: 5, 
Indices: ['SPY', 'BOTZ', 'SMH', 'XLK'], 
Correlated Stocks: ['INTC', 'AMD', 'AVGO'] 
Data Output Base Dir: ./files/ohlcv/XLK/1m
2024-12-26 14:40:42,628 - ohlcv - INFO - __init__ - 
Stock: NVDA, 
Interval: 1m, 
Lookback: 5, 
Indices: ['SPY', 'BOTZ', 'SMH', 'XLK'], 
Correlated Stocks: ['INTC', 'AMD', 'AVGO'] 
Data Output Base Dir: ./files/ohlcv/XLK/1m
2024-12-26 14:40:42,628 - ohlcv - INFO - __init__ - 
Stock: NVDA, 
Interval: 1m, 
Lookback: 5, 
Indices: ['SPY', 'BOTZ', 'SMH', 'XLK'], 
Correlated Stocks: ['INTC', 'AMD', 'AVGO'] 
Data Output Base Dir: ./files/ohlcv/XLK/1m
2024-12-26 14:40:42,628 - ohlcv - INFO - __init__ - 
Stock: NVDA, 
Interval: 1m, 
Lookback: 5, 
Indices: ['SPY', 'BOTZ', 'SMH', 'XLK'], 
Correlated Stocks: ['INTC', 'AMD', 'AVGO'] 
Data Output Base Dir: ./files/ohlcv/INTC/1m
2024-12-26 14:40:42,628 - ohlcv - INFO - __init__ - 
Stock: NVDA, 
Interval: 1m, 
Lookback: 5, 
Indices: ['SPY', 'BOTZ', 'SMH', 'XLK'], 
Correlated Stocks: ['INTC', 'AMD', 'AVGO'] 
Data Output Base Dir: ./files/ohlcv/INTC/1m
2024-12-26 14:40:42,628 - ohlcv - INFO - __init__ - 
Stock: NVDA, 
Interval: 1m, 
Lookback: 5, 
Indices: ['SPY', 'BOTZ', 'SMH', 'XLK'], 
Correlated Stocks: ['INTC', 'AMD', 'AVGO'] 
Data Output Base Dir: ./files/ohlcv/INTC/1m
2024-12-26 14:40:42,628 - ohlcv - INFO - __init__ - 
Stock: NVDA, 
Interval: 1m, 
Lookback: 5, 
Indices: ['SPY', 'BOTZ', 'SMH', 'XLK'], 
Correlated Stocks: ['INTC', 'AMD', 'AVGO'] 
Data Output Base Dir: ./files/ohlcv/INTC/1m
2024-12-26 14:40:42,628 - ohlcv - INFO - __init__ - 
Stock: NVDA, 
Interval: 1m, 
Lookback: 5, 
Indices: ['SPY', 'BOTZ', 'SMH', 'XLK'], 
Correlated Stocks: ['INTC', 'AMD', 'AVGO'] 
Data Output Base Dir: ./files/ohlcv/INTC/1m
2024-12-26 14:40:42,628 - ohlcv - INFO - __init__ - 
Stock: NVDA, 
Interval: 1m, 
Lookback: 5, 
Indices: ['SPY', 'BOTZ', 'SMH', 'XLK'], 
Correlated Stocks: ['INTC', 'AMD', 'AVGO'] 
Data Output Base Dir: ./files/ohlcv/INTC/1m
2024-12-26 14:40:42,629 - ohlcv - INFO - __init__ - 
Stock: NVDA, 
Interval: 1m, 
Lookback: 5, 
Indices: ['SPY', 'BOTZ', 'SMH', 'XLK'], 
Correlated Stocks: ['INTC', 'AMD', 'AVGO'] 
Data Output Base Dir: ./files/ohlcv/AMD/1m
2024-12-26 14:40:42,629 - ohlcv - INFO - __init__ - 
Stock: NVDA, 
Interval: 1m, 
Lookback: 5, 
Indices: ['SPY', 'BOTZ', 'SMH', 'XLK'], 
Correlated Stocks: ['INTC', 'AMD', 'AVGO'] 
Data Output Base Dir: ./files/ohlcv/AMD/1m
2024-12-26 14:40:42,629 - ohlcv - INFO - __init__ - 
Stock: NVDA, 
Interval: 1m, 
Lookback: 5, 
Indices: ['SPY', 'BOTZ', 'SMH', 'XLK'], 
Correlated Stocks: ['INTC', 'AMD', 'AVGO'] 
Data Output Base Dir: ./files/ohlcv/AMD/1m
2024-12-26 14:40:42,629 - ohlcv - INFO - __init__ - 
Stock: NVDA, 
Interval: 1m, 
Lookback: 5, 
Indices: ['SPY', 'BOTZ', 'SMH', 'XLK'], 
Correlated Stocks: ['INTC', 'AMD', 'AVGO'] 
Data Output Base Dir: ./files/ohlcv/AMD/1m
2024-12-26 14:40:42,629 - ohlcv - INFO - __init__ - 
Stock: NVDA, 
Interval: 1m, 
Lookback: 5, 
Indices: ['SPY', 'BOTZ', 'SMH', 'XLK'], 
Correlated Stocks: ['INTC', 'AMD', 'AVGO'] 
Data Output Base Dir: ./files/ohlcv/AMD/1m
2024-12-26 14:40:42,629 - ohlcv - INFO - __init__ - 
Stock: NVDA, 
Interval: 1m, 
Lookback: 5, 
Indices: ['SPY', 'BOTZ', 'SMH', 'XLK'], 
Correlated Stocks: ['INTC', 'AMD', 'AVGO'] 
Data Output Base Dir: ./files/ohlcv/AMD/1m
2024-12-26 14:40:42,629 - ohlcv - INFO - __init__ - 
Stock: NVDA, 
Interval: 1m, 
Lookback: 5, 
Indices: ['SPY', 'BOTZ', 'SMH', 'XLK'], 
Correlated Stocks: ['INTC', 'AMD', 'AVGO'] 
Data Output Base Dir: ./files/ohlcv/AMD/1m
2024-12-26 14:40:42,630 - ohlcv - INFO - __init__ - 
Stock: NVDA, 
Interval: 1m, 
Lookback: 5, 
Indices: ['SPY', 'BOTZ', 'SMH', 'XLK'], 
Correlated Stocks: ['INTC', 'AMD', 'AVGO'] 
Data Output Base Dir: ./files/ohlcv/AVGO/1m
2024-12-26 14:40:42,630 - ohlcv - INFO - __init__ - 
Stock: NVDA, 
Interval: 1m, 
Lookback: 5, 
Indices: ['SPY', 'BOTZ', 'SMH', 'XLK'], 
Correlated Stocks: ['INTC', 'AMD', 'AVGO'] 
Data Output Base Dir: ./files/ohlcv/AVGO/1m
2024-12-26 14:40:42,630 - ohlcv - INFO - __init__ - 
Stock: NVDA, 
Interval: 1m, 
Lookback: 5, 
Indices: ['SPY', 'BOTZ', 'SMH', 'XLK'], 
Correlated Stocks: ['INTC', 'AMD', 'AVGO'] 
Data Output Base Dir: ./files/ohlcv/AVGO/1m
2024-12-26 14:40:42,630 - ohlcv - INFO - __init__ - 
Stock: NVDA, 
Interval: 1m, 
Lookback: 5, 
Indices: ['SPY', 'BOTZ', 'SMH', 'XLK'], 
Correlated Stocks: ['INTC', 'AMD', 'AVGO'] 
Data Output Base Dir: ./files/ohlcv/AVGO/1m
2024-12-26 14:40:42,630 - ohlcv - INFO - __init__ - 
Stock: NVDA, 
Interval: 1m, 
Lookback: 5, 
Indices: ['SPY', 'BOTZ', 'SMH', 'XLK'], 
Correlated Stocks: ['INTC', 'AMD', 'AVGO'] 
Data Output Base Dir: ./files/ohlcv/AVGO/1m
2024-12-26 14:40:42,630 - ohlcv - INFO - __init__ - 
Stock: NVDA, 
Interval: 1m, 
Lookback: 5, 
Indices: ['SPY', 'BOTZ', 'SMH', 'XLK'], 
Correlated Stocks: ['INTC', 'AMD', 'AVGO'] 
Data Output Base Dir: ./files/ohlcv/AVGO/1m
2024-12-26 14:40:42,630 - ohlcv - INFO - __init__ - 
Stock: NVDA, 
Interval: 1m, 
Lookback: 5, 
Indices: ['SPY', 'BOTZ', 'SMH', 'XLK'], 
Correlated Stocks: ['INTC', 'AMD', 'AVGO'] 
Data Output Base Dir: ./files/ohlcv/AVGO/1m
2024-12-26 14:40:42,630 - ohlcv - INFO - __init__ - 
Stock: NVDA, 
Interval: 1m, 
Lookback: 5, 
Indices: ['SPY', 'BOTZ', 'SMH', 'XLK'], 
Correlated Stocks: ['INTC', 'AMD', 'AVGO'] 
Data Output Base Dir: ./files/ohlcv/AVGO/1m
2024-12-26 14:40:45,096 - ohlcv - INFO - driver - Data engine starting...
2024-12-26 14:40:45,096 - ohlcv - INFO - driver - Data engine starting...
2024-12-26 14:40:45,096 - ohlcv - INFO - driver - Data engine starting...
2024-12-26 14:40:45,096 - ohlcv - INFO - driver - Data engine starting...
2024-12-26 14:40:45,096 - ohlcv - INFO - driver - Data engine starting...
2024-12-26 14:40:45,096 - ohlcv - INFO - driver - Data engine starting...
2024-12-26 14:40:45,096 - ohlcv - INFO - driver - Data engine starting...
2024-12-26 14:40:45,096 - ohlcv - INFO - driver - Data engine starting...
2024-12-26 14:40:45,096 - ohlcv - INFO - download_data -  Getting data XLK...
2024-12-26 14:40:45,096 - ohlcv - INFO - download_data -  Getting data NVDA...
2024-12-26 14:40:45,096 - ohlcv - INFO - download_data -  Getting data AVGO...
2024-12-26 14:40:45,096 - ohlcv - INFO - download_data -  Getting data SPY...
2024-12-26 14:40:45,096 - ohlcv - INFO - download_data -  Getting data AMD...
2024-12-26 14:40:45,096 - ohlcv - INFO - download_data -  Getting data BOTZ...
2024-12-26 14:40:45,096 - ohlcv - INFO - download_data -  Getting data INTC...
2024-12-26 14:40:45,097 - ohlcv - INFO - download_data -  Getting data SMH...
2024-12-26 14:40:46,253 - ohlcv - INFO - download_data -   -> BOTZ downloaded: (1380, 5), 2024-12-20 09:30:00-05:00, 2024-12-26 15:59:00-05:00
2024-12-26 14:40:46,253 - ohlcv - INFO - log_stats -  Stats: 
2024-12-26 14:40:46,253 - ohlcv - INFO - log_stats -   -> Number of rows: 1380
2024-12-26 14:40:46,253 - ohlcv - INFO - log_stats -   -> Number of columns: 5
2024-12-26 14:40:46,253 - ohlcv - INFO - log_stats -   -> Column names: Index(['Open', 'High', 'Low', 'Close', 'Volume'], dtype='object')
2024-12-26 14:40:46,254 - ohlcv - INFO - log_stats -   -> dtype:
 Open      float64
High      float64
Low       float64
Close     float64
Volume      int64
dtype: object
2024-12-26 14:40:46,257 - ohlcv - INFO - log_stats -   -> Info:
 None
2024-12-26 14:40:46,258 - ohlcv - INFO - log_stats -   -> nulls:
 Open      401
High      401
Low       401
Close     401
Volume      0
dtype: int64
2024-12-26 14:40:46,258 - ohlcv - INFO - set_data_type -  Setting data types...
2024-12-26 14:40:46,258 - ohlcv - ERROR - driver - 'Date'
2024-12-26 14:40:46,271 - ohlcv - INFO - download_data -   -> XLK downloaded: (1380, 5), 2024-12-20 09:30:00-05:00, 2024-12-26 15:59:00-05:00
2024-12-26 14:40:46,271 - ohlcv - INFO - log_stats -  Stats: 
2024-12-26 14:40:46,271 - ohlcv - INFO - log_stats -   -> Number of rows: 1380
2024-12-26 14:40:46,271 - ohlcv - INFO - log_stats -   -> Number of columns: 5
2024-12-26 14:40:46,271 - ohlcv - INFO - log_stats -   -> Column names: Index(['Open', 'High', 'Low', 'Close', 'Volume'], dtype='object')
2024-12-26 14:40:46,271 - ohlcv - INFO - log_stats -   -> dtype:
 Open      float64
High      float64
Low       float64
Close     float64
Volume      int64
dtype: object
2024-12-26 14:40:46,274 - ohlcv - INFO - log_stats -   -> Info:
 None
2024-12-26 14:40:46,274 - ohlcv - INFO - log_stats -   -> nulls:
 Open      20
High      20
Low       20
Close     20
Volume     0
dtype: int64
2024-12-26 14:40:46,274 - ohlcv - INFO - set_data_type -  Setting data types...
2024-12-26 14:40:46,274 - ohlcv - ERROR - driver - 'Date'
2024-12-26 14:40:46,289 - ohlcv - INFO - download_data -   -> AMD downloaded: (1380, 5), 2024-12-20 09:30:00-05:00, 2024-12-26 15:59:00-05:00
2024-12-26 14:40:46,290 - ohlcv - INFO - log_stats -  Stats: 
2024-12-26 14:40:46,290 - ohlcv - INFO - log_stats -   -> Number of rows: 1380
2024-12-26 14:40:46,290 - ohlcv - INFO - log_stats -   -> Number of columns: 5
2024-12-26 14:40:46,290 - ohlcv - INFO - log_stats -   -> Column names: Index(['Open', 'High', 'Low', 'Close', 'Volume'], dtype='object')
2024-12-26 14:40:46,290 - ohlcv - INFO - log_stats -   -> dtype:
 Open      float64
High      float64
Low       float64
Close     float64
Volume      int64
dtype: object
2024-12-26 14:40:46,293 - ohlcv - INFO - log_stats -   -> Info:
 None
2024-12-26 14:40:46,294 - ohlcv - INFO - log_stats -   -> nulls:
 Open      5
High      5
Low       5
Close     5
Volume    0
dtype: int64
2024-12-26 14:40:46,294 - ohlcv - INFO - set_data_type -  Setting data types...
2024-12-26 14:40:46,294 - ohlcv - ERROR - driver - 'Date'
2024-12-26 14:40:46,296 - ohlcv - INFO - download_data -   -> INTC downloaded: (1380, 5), 2024-12-20 09:30:00-05:00, 2024-12-26 15:59:00-05:00
2024-12-26 14:40:46,296 - ohlcv - INFO - log_stats -  Stats: 
2024-12-26 14:40:46,296 - ohlcv - INFO - log_stats -   -> Number of rows: 1380
2024-12-26 14:40:46,296 - ohlcv - INFO - log_stats -   -> Number of columns: 5
2024-12-26 14:40:46,296 - ohlcv - INFO - log_stats -   -> Column names: Index(['Open', 'High', 'Low', 'Close', 'Volume'], dtype='object')
2024-12-26 14:40:46,297 - ohlcv - INFO - log_stats -   -> dtype:
 Open      float64
High      float64
Low       float64
Close     float64
Volume      int64
dtype: object
2024-12-26 14:40:46,299 - ohlcv - INFO - download_data -   -> NVDA downloaded: (1380, 5), 2024-12-20 09:30:00-05:00, 2024-12-26 15:59:00-05:00
2024-12-26 14:40:46,299 - ohlcv - INFO - log_stats -  Stats: 
2024-12-26 14:40:46,299 - ohlcv - INFO - log_stats -   -> Number of rows: 1380
2024-12-26 14:40:46,299 - ohlcv - INFO - log_stats -   -> Number of columns: 5
2024-12-26 14:40:46,299 - ohlcv - INFO - log_stats -   -> Column names: Index(['Open', 'High', 'Low', 'Close', 'Volume'], dtype='object')
2024-12-26 14:40:46,299 - ohlcv - INFO - log_stats -   -> Info:
 None
2024-12-26 14:40:46,299 - ohlcv - INFO - log_stats -   -> dtype:
 Open      float64
High      float64
Low       float64
Close     float64
Volume      int64
dtype: object
2024-12-26 14:40:46,300 - ohlcv - INFO - log_stats -   -> nulls:
 Open      7
High      7
Low       7
Close     7
Volume    0
dtype: int64
2024-12-26 14:40:46,300 - ohlcv - INFO - set_data_type -  Setting data types...
2024-12-26 14:40:46,300 - ohlcv - ERROR - driver - 'Date'
2024-12-26 14:40:46,303 - ohlcv - INFO - log_stats -   -> Info:
 None
2024-12-26 14:40:46,304 - ohlcv - INFO - log_stats -   -> nulls:
 Open      7
High      7
Low       7
Close     7
Volume    0
dtype: int64
2024-12-26 14:40:46,304 - ohlcv - INFO - set_data_type -  Setting data types...
2024-12-26 14:40:46,304 - ohlcv - ERROR - driver - 'Date'
2024-12-26 14:40:46,318 - ohlcv - INFO - download_data -   -> SPY downloaded: (1380, 5), 2024-12-20 09:30:00-05:00, 2024-12-26 15:59:00-05:00
2024-12-26 14:40:46,319 - ohlcv - INFO - log_stats -  Stats: 
2024-12-26 14:40:46,319 - ohlcv - INFO - log_stats -   -> Number of rows: 1380
2024-12-26 14:40:46,319 - ohlcv - INFO - log_stats -   -> Number of columns: 5
2024-12-26 14:40:46,319 - ohlcv - INFO - log_stats -   -> Column names: Index(['Open', 'High', 'Low', 'Close', 'Volume'], dtype='object')
2024-12-26 14:40:46,319 - ohlcv - INFO - log_stats -   -> dtype:
 Open      float64
High      float64
Low       float64
Close     float64
Volume      int64
dtype: object
2024-12-26 14:40:46,320 - ohlcv - INFO - download_data -   -> SMH downloaded: (1380, 5), 2024-12-20 09:30:00-05:00, 2024-12-26 15:59:00-05:00
2024-12-26 14:40:46,320 - ohlcv - INFO - log_stats -  Stats: 
2024-12-26 14:40:46,320 - ohlcv - INFO - log_stats -   -> Number of rows: 1380
2024-12-26 14:40:46,320 - ohlcv - INFO - log_stats -   -> Number of columns: 5
2024-12-26 14:40:46,320 - ohlcv - INFO - log_stats -   -> Column names: Index(['Open', 'High', 'Low', 'Close', 'Volume'], dtype='object')
2024-12-26 14:40:46,321 - ohlcv - INFO - log_stats -   -> dtype:
 Open      float64
High      float64
Low       float64
Close     float64
Volume      int64
dtype: object
2024-12-26 14:40:46,322 - ohlcv - INFO - log_stats -   -> Info:
 None
2024-12-26 14:40:46,323 - ohlcv - INFO - log_stats -   -> nulls:
 Open      20
High      20
Low       20
Close     20
Volume     0
dtype: int64
2024-12-26 14:40:46,323 - ohlcv - INFO - set_data_type -  Setting data types...
2024-12-26 14:40:46,323 - ohlcv - ERROR - driver - 'Date'
2024-12-26 14:40:46,324 - ohlcv - INFO - log_stats -   -> Info:
 None
2024-12-26 14:40:46,324 - ohlcv - INFO - log_stats -   -> nulls:
 Open      10
High      10
Low       10
Close     10
Volume     0
dtype: int64
2024-12-26 14:40:46,324 - ohlcv - INFO - set_data_type -  Setting data types...
2024-12-26 14:40:46,324 - ohlcv - ERROR - driver - 'Date'
