2024-12-25 13:26:11,708 - ohlcv - INFO - 
Stock: NVDA, 
Interval: 1m, 
Lookback: 5, 
Indices: [], 
Correlated Stocks: ['INTC'] 
Data Output Base Dir: ./files/technical/NVDA
2024-12-25 13:26:11,709 - ohlcv - INFO - 
Stock: NVDA, 
Interval: 1m, 
Lookback: 5, 
Indices: [], 
Correlated Stocks: ['INTC'] 
Data Output Base Dir: ./files/technical/NVDA
2024-12-25 13:26:11,709 - ohlcv - INFO - 
Stock: NVDA, 
Interval: 1m, 
Lookback: 5, 
Indices: [], 
Correlated Stocks: ['INTC'] 
Data Output Base Dir: ./files/technical/NVDA
2024-12-25 13:26:14,274 - ohlcv - INFO - Data engine starting...
2024-12-25 13:26:14,274 - ohlcv - INFO - Data engine starting...
2024-12-25 13:26:14,274 - ohlcv - INFO -  Getting data INTC...
2024-12-25 13:26:14,274 - ohlcv - INFO -  Getting data NVDA...
2024-12-25 13:26:15,116 - ohlcv - INFO -   -> INTC downloaded: (1380, 5)
2024-12-25 13:26:15,117 - ohlcv - INFO -  Stats: 
2024-12-25 13:26:15,117 - ohlcv - INFO -   -> Number of rows: 1380
2024-12-25 13:26:15,117 - ohlcv - INFO -   -> Number of columns: 5
2024-12-25 13:26:15,117 - ohlcv - INFO -   -> Column names: Index(['Open', 'High', 'Low', 'Close', 'Volume'], dtype='object')
2024-12-25 13:26:15,118 - ohlcv - INFO -   -> dtype:
 Open      float64
High      float64
Low       float64
Close     float64
Volume      int64
dtype: object
2024-12-25 13:26:15,123 - ohlcv - INFO -   -> Info:
 None
2024-12-25 13:26:15,124 - ohlcv - INFO -   -> nulls:
 Open      8
High      8
Low       8
Close     8
Volume    0
dtype: int64
2024-12-25 13:26:15,124 - ohlcv - INFO -  Setting data types...
2024-12-25 13:26:15,125 - ohlcv - INFO - 1380
2024-12-25 13:26:15,125 - ohlcv - INFO -  Exporting csv to ./files/technical/NVDA/INTC_ohlcv_1m.csv
2024-12-25 13:26:15,126 - ohlcv - INFO -                            Open_INTC  High_INTC  ...  Close_INTC  Volume_INTC
Date                                             ...                         
2024-12-19 09:30:00-05:00  19.525000  19.690001  ...   19.664000      3526104
2024-12-19 09:31:00-05:00  19.665001  19.665001  ...   19.559999       351014
2024-12-19 09:32:00-05:00  19.549999  19.670000  ...   19.639999       319445
2024-12-19 09:33:00-05:00  19.629999  19.665001  ...   19.655001       282907
2024-12-19 09:34:00-05:00  19.655001  19.690001  ...   19.635000       338875
...                              ...        ...  ...         ...          ...
2024-12-24 12:55:00-05:00  20.330000  20.340000  ...   20.309999       192688
2024-12-24 12:56:00-05:00  20.305000  20.309999  ...   20.299999       209833
2024-12-24 12:57:00-05:00  20.309999  20.330000  ...   20.320299       445013
2024-12-24 12:58:00-05:00  20.325001  20.350000  ...   20.344999       363987
2024-12-24 12:59:00-05:00  20.344999  20.400000  ...   20.389999      1194375

[1380 rows x 5 columns]
2024-12-25 13:26:15,141 - ohlcv - INFO -   -> NVDA downloaded: (1380, 5)
2024-12-25 13:26:15,141 - ohlcv - INFO -  Stats: 
2024-12-25 13:26:15,141 - ohlcv - INFO -   -> Number of rows: 1380
2024-12-25 13:26:15,141 - ohlcv - INFO -   -> Number of columns: 5
2024-12-25 13:26:15,141 - ohlcv - INFO -   -> Column names: Index(['Open', 'High', 'Low', 'Close', 'Volume'], dtype='object')
2024-12-25 13:26:15,141 - ohlcv - INFO -   -> dtype:
 Open      float64
High      float64
Low       float64
Close     float64
Volume      int64
dtype: object
2024-12-25 13:26:15,144 - ohlcv - INFO -   -> Info:
 None
2024-12-25 13:26:15,144 - ohlcv - INFO -   -> nulls:
 Open      8
High      8
Low       8
Close     8
Volume    0
dtype: int64
2024-12-25 13:26:15,144 - ohlcv - INFO -  Setting data types...
2024-12-25 13:26:15,145 - ohlcv - INFO - 1380
2024-12-25 13:26:15,145 - ohlcv - INFO -  Exporting csv to ./files/technical/NVDA/NVDA_ohlcv_1m.csv
2024-12-25 13:26:15,145 - ohlcv - INFO -                                  Open        High  ...       Close    Volume
Date                                               ...                      
2024-12-19 09:30:00-05:00  131.720001  131.899994  ...  131.380005  11679906
2024-12-19 09:31:00-05:00  131.399994  131.850006  ...  131.020096   1436251
2024-12-19 09:32:00-05:00  131.035004  131.479996  ...  130.392105   1410558
2024-12-19 09:33:00-05:00  130.395004  131.179993  ...  131.119995   1124221
2024-12-19 09:34:00-05:00  131.115005  131.600006  ...  131.160004   1180766
...                               ...         ...  ...         ...       ...
2024-12-24 12:55:00-05:00  140.235001  140.240005  ...  140.096207    653879
2024-12-24 12:56:00-05:00  140.089996  140.229996  ...  140.039993    413707
2024-12-24 12:57:00-05:00  140.035004  140.149994  ...  140.130005    356247
2024-12-24 12:58:00-05:00  140.119995  140.130005  ...  140.035995    995791
2024-12-24 12:59:00-05:00  140.035004  140.350006  ...  140.350006   1647672

[1380 rows x 5 columns]
2024-12-25 13:26:15,155 - ohlcv - INFO - Success downloads!
2024-12-25 13:26:15,168 - ohlcv - INFO - Success downloads!
