2024-12-25 15:43:01,492 - ohlcv - INFO - __init__ - 
Stock: NVDA, 
Interval: 1m, 
Lookback: 5, 
Indices: [], 
Correlated Stocks: ['INTC'] 
Data Output Base Dir: ./files/ohlcv/NVDA/1m
2024-12-25 15:43:01,493 - ohlcv - INFO - __init__ - 
Stock: NVDA, 
Interval: 1m, 
Lookback: 5, 
Indices: [], 
Correlated Stocks: ['INTC'] 
Data Output Base Dir: ./files/ohlcv/INTC/1m
2024-12-25 15:43:01,493 - ohlcv - INFO - __init__ - 
Stock: NVDA, 
Interval: 1m, 
Lookback: 5, 
Indices: [], 
Correlated Stocks: ['INTC'] 
Data Output Base Dir: ./files/ohlcv/INTC/1m
2024-12-25 15:43:03,513 - ohlcv - INFO - driver - Data engine starting...
2024-12-25 15:43:03,513 - ohlcv - INFO - driver - Data engine starting...
2024-12-25 15:43:03,513 - ohlcv - INFO - download_data -  Getting data INTC...
2024-12-25 15:43:03,513 - ohlcv - INFO - download_data -  Getting data NVDA...
2024-12-25 15:43:04,184 - ohlcv - INFO - download_data -   -> NVDA downloaded: (1380, 5), 2024-12-19 09:30:00-05:00, 2024-12-24 12:59:00-05:00
2024-12-25 15:43:04,184 - ohlcv - INFO - log_stats -  Stats: 
2024-12-25 15:43:04,184 - ohlcv - INFO - log_stats -   -> Number of rows: 1380
2024-12-25 15:43:04,184 - ohlcv - INFO - log_stats -   -> Number of columns: 5
2024-12-25 15:43:04,184 - ohlcv - INFO - log_stats -   -> Column names: Index(['Open', 'High', 'Low', 'Close', 'Volume'], dtype='object')
2024-12-25 15:43:04,185 - ohlcv - INFO - log_stats -   -> dtype:
 Open      float64
High      float64
Low       float64
Close     float64
Volume      int64
dtype: object
2024-12-25 15:43:04,187 - ohlcv - INFO - download_data -   -> INTC downloaded: (1380, 5), 2024-12-19 09:30:00-05:00, 2024-12-24 12:59:00-05:00
2024-12-25 15:43:04,188 - ohlcv - INFO - log_stats -  Stats: 
2024-12-25 15:43:04,188 - ohlcv - INFO - log_stats -   -> Number of rows: 1380
2024-12-25 15:43:04,188 - ohlcv - INFO - log_stats -   -> Number of columns: 5
2024-12-25 15:43:04,188 - ohlcv - INFO - log_stats -   -> Column names: Index(['Open', 'High', 'Low', 'Close', 'Volume'], dtype='object')
2024-12-25 15:43:04,188 - ohlcv - INFO - log_stats -   -> Info:
 None
2024-12-25 15:43:04,188 - ohlcv - INFO - log_stats -   -> dtype:
 Open      float64
High      float64
Low       float64
Close     float64
Volume      int64
dtype: object
2024-12-25 15:43:04,189 - ohlcv - INFO - log_stats -   -> nulls:
 Open      8
High      8
Low       8
Close     8
Volume    0
dtype: int64
2024-12-25 15:43:04,189 - ohlcv - INFO - set_data_type -  Setting data types...
2024-12-25 15:43:04,190 - ohlcv - INFO - sanity_check - 1380
2024-12-25 15:43:04,190 - ohlcv - INFO - export_data -  Exporting csv to ./files/ohlcv/NVDA/1m/2024_12_19_0930_to_2024_12_24_1259.csv
2024-12-25 15:43:04,191 - ohlcv - INFO - log_stats -   -> Info:
 None
2024-12-25 15:43:04,192 - ohlcv - INFO - log_stats -   -> nulls:
 Open      8
High      8
Low       8
Close     8
Volume    0
dtype: int64
2024-12-25 15:43:04,192 - ohlcv - INFO - set_data_type -  Setting data types...
2024-12-25 15:43:04,193 - ohlcv - INFO - sanity_check - 1380
2024-12-25 15:43:04,193 - ohlcv - INFO - export_data -  Exporting csv to ./files/ohlcv/INTC/1m/2024_12_19_0930_to_2024_12_24_1259.csv
2024-12-25 15:43:04,190 - ohlcv - INFO - export_data -                                  Open        High  ...       Close    Volume
Date                                               ...                      
2024-12-19 09:30:00-05:00  131.720001  131.899994  ...  131.380005  11679906
2024-12-19 09:31:00-05:00  131.399994  131.850006  ...  131.020096   1436251
2024-12-19 09:32:00-05:00  131.035004  131.479996  ...  130.392105   1410558
2024-12-19 09:33:00-05:00  130.395004  131.179993  ...  131.119995   1124221
2024-12-19 09:34:00-05:00  131.115005  131.600006  ...  131.160004   1180766
...                               ...         ...  ...         ...       ...
2024-12-24 12:55:00-05:00  140.235001  140.240005  ...  140.096207    653879
2024-12-24 12:56:00-05:00  140.089996  140.229996  ...  140.039993    413707
2024-12-24 12:57:00-05:00  140.035004  140.149994  ...  140.130005    356247
2024-12-24 12:58:00-05:00  140.119995  140.130005  ...  140.035995    995791
2024-12-24 12:59:00-05:00  140.035004  140.350006  ...  140.350006   1647672

[1380 rows x 5 columns]
2024-12-25 15:43:04,193 - ohlcv - INFO - export_data -                                 Open       High        Low      Close   Volume
Date                                                                          
2024-12-19 09:30:00-05:00  19.525000  19.690001  19.495001  19.664000  3526104
2024-12-19 09:31:00-05:00  19.665001  19.665001  19.510000  19.559999   351014
2024-12-19 09:32:00-05:00  19.549999  19.670000  19.549999  19.639999   319445
2024-12-19 09:33:00-05:00  19.629999  19.665001  19.592699  19.655001   282907
2024-12-19 09:34:00-05:00  19.655001  19.690001  19.620100  19.635000   338875
...                              ...        ...        ...        ...      ...
2024-12-24 12:55:00-05:00  20.330000  20.340000  20.290001  20.309999   192688
2024-12-24 12:56:00-05:00  20.305000  20.309999  20.290001  20.299999   209833
2024-12-24 12:57:00-05:00  20.309999  20.330000  20.299999  20.320299   445013
2024-12-24 12:58:00-05:00  20.325001  20.350000  20.309999  20.344999   363987
2024-12-24 12:59:00-05:00  20.344999  20.400000  20.340000  20.389999  1194375

[1380 rows x 5 columns]
2024-12-25 15:43:04,218 - ohlcv - INFO - consolidate_data - Consolidating data...
2024-12-25 15:43:04,218 - ohlcv - INFO - consolidate_data - Consolidating data...
2024-12-25 15:43:04,218 - ohlcv - INFO - consolidate_data - Combining directory: ./files/ohlcv/INTC/1m
2024-12-25 15:43:04,218 - ohlcv - INFO - consolidate_data - Combining directory: ./files/ohlcv/NVDA/1m
2024-12-25 15:43:04,225 - ohlcv - INFO - consolidate_data -  -> Combined file=(2760, 7)
2024-12-25 15:43:04,225 - ohlcv - INFO - consolidate_data -  -> Combined file=(2760, 10)
2024-12-25 15:43:04,232 - ohlcv - INFO - consolidate_data -  ->Exported combined CSV: ./files/ohlcv/INTC/1m/combined.csv=(1380, 7)
2024-12-25 15:43:04,233 - ohlcv - INFO - driver - Success downloads!
2024-12-25 15:43:04,234 - ohlcv - INFO - consolidate_data -  ->Exported combined CSV: ./files/ohlcv/NVDA/1m/combined.csv=(1380, 10)
2024-12-25 15:43:04,234 - ohlcv - INFO - driver - Success downloads!
2024-12-25 15:43:13,669 - ohlcv - INFO - __init__ - 
Stock: NVDA, 
Interval: 1m, 
Lookback: 5, 
Indices: [], 
Correlated Stocks: ['INTC'] 
Data Output Base Dir: ./files/ohlcv/NVDA/1m
2024-12-25 15:43:13,670 - ohlcv - INFO - __init__ - 
Stock: NVDA, 
Interval: 1m, 
Lookback: 5, 
Indices: [], 
Correlated Stocks: ['INTC'] 
Data Output Base Dir: ./files/ohlcv/INTC/1m
2024-12-25 15:43:13,670 - ohlcv - INFO - __init__ - 
Stock: NVDA, 
Interval: 1m, 
Lookback: 5, 
Indices: [], 
Correlated Stocks: ['INTC'] 
Data Output Base Dir: ./files/ohlcv/INTC/1m
2024-12-25 15:43:15,616 - ohlcv - INFO - driver - Data engine starting...
2024-12-25 15:43:15,616 - ohlcv - INFO - driver - Data engine starting...
2024-12-25 15:43:15,616 - ohlcv - INFO - download_data -  Getting data NVDA...
2024-12-25 15:43:15,616 - ohlcv - INFO - download_data -  Getting data INTC...
2024-12-25 15:43:16,400 - ohlcv - INFO - download_data -   -> NVDA downloaded: (1380, 5), 2024-12-19 09:30:00-05:00, 2024-12-24 12:59:00-05:00
2024-12-25 15:43:16,400 - ohlcv - INFO - log_stats -  Stats: 
2024-12-25 15:43:16,400 - ohlcv - INFO - log_stats -   -> Number of rows: 1380
2024-12-25 15:43:16,400 - ohlcv - INFO - log_stats -   -> Number of columns: 5
2024-12-25 15:43:16,400 - ohlcv - INFO - log_stats -   -> Column names: Index(['Open', 'High', 'Low', 'Close', 'Volume'], dtype='object')
2024-12-25 15:43:16,401 - ohlcv - INFO - log_stats -   -> dtype:
 Open      float64
High      float64
Low       float64
Close     float64
Volume      int64
dtype: object
2024-12-25 15:43:16,401 - ohlcv - INFO - download_data -   -> INTC downloaded: (1380, 5), 2024-12-19 09:30:00-05:00, 2024-12-24 12:59:00-05:00
2024-12-25 15:43:16,401 - ohlcv - INFO - log_stats -  Stats: 
2024-12-25 15:43:16,401 - ohlcv - INFO - log_stats -   -> Number of rows: 1380
2024-12-25 15:43:16,401 - ohlcv - INFO - log_stats -   -> Number of columns: 5
2024-12-25 15:43:16,401 - ohlcv - INFO - log_stats -   -> Column names: Index(['Open', 'High', 'Low', 'Close', 'Volume'], dtype='object')
2024-12-25 15:43:16,402 - ohlcv - INFO - log_stats -   -> dtype:
 Open      float64
High      float64
Low       float64
Close     float64
Volume      int64
dtype: object
2024-12-25 15:43:16,403 - ohlcv - INFO - log_stats -   -> Info:
 None
2024-12-25 15:43:16,404 - ohlcv - INFO - log_stats -   -> nulls:
 Open      8
High      8
Low       8
Close     8
Volume    0
dtype: int64
2024-12-25 15:43:16,404 - ohlcv - INFO - set_data_type -  Setting data types...
2024-12-25 15:43:16,404 - ohlcv - INFO - log_stats -   -> Info:
 None
2024-12-25 15:43:16,405 - ohlcv - INFO - sanity_check - 1380
2024-12-25 15:43:16,405 - ohlcv - INFO - log_stats -   -> nulls:
 Open      8
High      8
Low       8
Close     8
Volume    0
dtype: int64
2024-12-25 15:43:16,405 - ohlcv - INFO - set_data_type -  Setting data types...
2024-12-25 15:43:16,405 - ohlcv - INFO - export_data -  Exporting csv to ./files/ohlcv/NVDA/1m/2024_12_19_0930_to_2024_12_24_1259.csv
2024-12-25 15:43:16,405 - ohlcv - INFO - sanity_check - 1380
2024-12-25 15:43:16,405 - ohlcv - INFO - export_data -  Exporting csv to ./files/ohlcv/INTC/1m/2024_12_19_0930_to_2024_12_24_1259.csv
2024-12-25 15:43:16,406 - ohlcv - INFO - export_data -                                 Open       High        Low      Close   Volume
Date                                                                          
2024-12-19 09:30:00-05:00  19.525000  19.690001  19.495001  19.664000  3526104
2024-12-19 09:31:00-05:00  19.665001  19.665001  19.510000  19.559999   351014
2024-12-19 09:32:00-05:00  19.549999  19.670000  19.549999  19.639999   319445
2024-12-19 09:33:00-05:00  19.629999  19.665001  19.592699  19.655001   282907
2024-12-19 09:34:00-05:00  19.655001  19.690001  19.620100  19.635000   338875
...                              ...        ...        ...        ...      ...
2024-12-24 12:55:00-05:00  20.330000  20.340000  20.290001  20.309999   192688
2024-12-24 12:56:00-05:00  20.305000  20.309999  20.290001  20.299999   209833
2024-12-24 12:57:00-05:00  20.309999  20.330000  20.299999  20.320299   445013
2024-12-24 12:58:00-05:00  20.325001  20.350000  20.309999  20.344999   363987
2024-12-24 12:59:00-05:00  20.344999  20.400000  20.340000  20.389999  1194375

[1380 rows x 5 columns]
2024-12-25 15:43:16,405 - ohlcv - INFO - export_data -                                  Open        High  ...       Close    Volume
Date                                               ...                      
2024-12-19 09:30:00-05:00  131.720001  131.899994  ...  131.380005  11679906
2024-12-19 09:31:00-05:00  131.399994  131.850006  ...  131.020096   1436251
2024-12-19 09:32:00-05:00  131.035004  131.479996  ...  130.392105   1410558
2024-12-19 09:33:00-05:00  130.395004  131.179993  ...  131.119995   1124221
2024-12-19 09:34:00-05:00  131.115005  131.600006  ...  131.160004   1180766
...                               ...         ...  ...         ...       ...
2024-12-24 12:55:00-05:00  140.235001  140.240005  ...  140.096207    653879
2024-12-24 12:56:00-05:00  140.089996  140.229996  ...  140.039993    413707
2024-12-24 12:57:00-05:00  140.035004  140.149994  ...  140.130005    356247
2024-12-24 12:58:00-05:00  140.119995  140.130005  ...  140.035995    995791
2024-12-24 12:59:00-05:00  140.035004  140.350006  ...  140.350006   1647672

[1380 rows x 5 columns]
2024-12-25 15:43:16,428 - ohlcv - INFO - consolidate_data - Consolidating data...
2024-12-25 15:43:16,430 - ohlcv - INFO - consolidate_data - Combining directory: ./files/ohlcv/INTC/1m
2024-12-25 15:43:16,432 - ohlcv - INFO - consolidate_data - Consolidating data...
2024-12-25 15:43:16,433 - ohlcv - INFO - consolidate_data - Combining directory: ./files/ohlcv/NVDA/1m
2024-12-25 15:43:16,436 - ohlcv - INFO - consolidate_data -  -> Combined file=(2760, 8)
2024-12-25 15:43:16,439 - ohlcv - INFO - consolidate_data -  -> Combined file=(2760, 11)
2024-12-25 15:43:16,444 - ohlcv - INFO - consolidate_data -  ->Exported combined CSV: ./files/ohlcv/INTC/1m/combined.csv=(1380, 8)
2024-12-25 15:43:16,444 - ohlcv - INFO - driver - Success downloads!
2024-12-25 15:43:16,448 - ohlcv - INFO - consolidate_data -  ->Exported combined CSV: ./files/ohlcv/NVDA/1m/combined.csv=(1380, 11)
2024-12-25 15:43:16,448 - ohlcv - INFO - driver - Success downloads!
2024-12-25 15:43:36,607 - ohlcv - INFO - __init__ - 
Stock: NVDA, 
Interval: 1m, 
Lookback: 5, 
Indices: [], 
Correlated Stocks: ['INTC'] 
Data Output Base Dir: ./files/ohlcv/NVDA/1m
2024-12-25 15:43:36,608 - ohlcv - INFO - __init__ - 
Stock: NVDA, 
Interval: 1m, 
Lookback: 5, 
Indices: [], 
Correlated Stocks: ['INTC'] 
Data Output Base Dir: ./files/ohlcv/INTC/1m
2024-12-25 15:43:36,608 - ohlcv - INFO - __init__ - 
Stock: NVDA, 
Interval: 1m, 
Lookback: 5, 
Indices: [], 
Correlated Stocks: ['INTC'] 
Data Output Base Dir: ./files/ohlcv/INTC/1m
2024-12-25 15:43:38,624 - ohlcv - INFO - driver - Data engine starting...
2024-12-25 15:43:38,624 - ohlcv - INFO - driver - Data engine starting...
2024-12-25 15:43:38,624 - ohlcv - INFO - download_data -  Getting data INTC...
2024-12-25 15:43:38,624 - ohlcv - INFO - download_data -  Getting data NVDA...
2024-12-25 15:43:39,331 - ohlcv - INFO - download_data -   -> INTC downloaded: (1380, 5), 2024-12-19 09:30:00-05:00, 2024-12-24 12:59:00-05:00
2024-12-25 15:43:39,331 - ohlcv - INFO - log_stats -  Stats: 
2024-12-25 15:43:39,331 - ohlcv - INFO - log_stats -   -> Number of rows: 1380
2024-12-25 15:43:39,331 - ohlcv - INFO - log_stats -   -> Number of columns: 5
2024-12-25 15:43:39,331 - ohlcv - INFO - log_stats -   -> Column names: Index(['Open', 'High', 'Low', 'Close', 'Volume'], dtype='object')
2024-12-25 15:43:39,331 - ohlcv - INFO - log_stats -   -> dtype:
 Open      float64
High      float64
Low       float64
Close     float64
Volume      int64
dtype: object
2024-12-25 15:43:39,334 - ohlcv - INFO - log_stats -   -> Info:
 None
2024-12-25 15:43:39,334 - ohlcv - INFO - log_stats -   -> nulls:
 Open      8
High      8
Low       8
Close     8
Volume    0
dtype: int64
2024-12-25 15:43:39,334 - ohlcv - INFO - set_data_type -  Setting data types...
2024-12-25 15:43:39,336 - ohlcv - INFO - sanity_check - 1380
2024-12-25 15:43:39,336 - ohlcv - INFO - export_data -  Exporting csv to ./files/ohlcv/INTC/1m/2024_12_19_0930_to_2024_12_24_1259.csv
2024-12-25 15:43:39,336 - ohlcv - INFO - export_data -                                 Open       High        Low      Close   Volume
Date                                                                          
2024-12-19 09:30:00-05:00  19.525000  19.690001  19.495001  19.664000  3526104
2024-12-19 09:31:00-05:00  19.665001  19.665001  19.510000  19.559999   351014
2024-12-19 09:32:00-05:00  19.549999  19.670000  19.549999  19.639999   319445
2024-12-19 09:33:00-05:00  19.629999  19.665001  19.592699  19.655001   282907
2024-12-19 09:34:00-05:00  19.655001  19.690001  19.620100  19.635000   338875
...                              ...        ...        ...        ...      ...
2024-12-24 12:55:00-05:00  20.330000  20.340000  20.290001  20.309999   192688
2024-12-24 12:56:00-05:00  20.305000  20.309999  20.290001  20.299999   209833
2024-12-24 12:57:00-05:00  20.309999  20.330000  20.299999  20.320299   445013
2024-12-24 12:58:00-05:00  20.325001  20.350000  20.309999  20.344999   363987
2024-12-24 12:59:00-05:00  20.344999  20.400000  20.340000  20.389999  1194375

[1380 rows x 5 columns]
2024-12-25 15:43:39,348 - ohlcv - INFO - download_data -   -> NVDA downloaded: (1380, 5), 2024-12-19 09:30:00-05:00, 2024-12-24 12:59:00-05:00
2024-12-25 15:43:39,348 - ohlcv - INFO - log_stats -  Stats: 
2024-12-25 15:43:39,348 - ohlcv - INFO - log_stats -   -> Number of rows: 1380
2024-12-25 15:43:39,348 - ohlcv - INFO - log_stats -   -> Number of columns: 5
2024-12-25 15:43:39,348 - ohlcv - INFO - log_stats -   -> Column names: Index(['Open', 'High', 'Low', 'Close', 'Volume'], dtype='object')
2024-12-25 15:43:39,349 - ohlcv - INFO - log_stats -   -> dtype:
 Open      float64
High      float64
Low       float64
Close     float64
Volume      int64
dtype: object
2024-12-25 15:43:39,351 - ohlcv - INFO - log_stats -   -> Info:
 None
2024-12-25 15:43:39,352 - ohlcv - INFO - log_stats -   -> nulls:
 Open      8
High      8
Low       8
Close     8
Volume    0
dtype: int64
2024-12-25 15:43:39,352 - ohlcv - INFO - set_data_type -  Setting data types...
2024-12-25 15:43:39,352 - ohlcv - INFO - sanity_check - 1380
2024-12-25 15:43:39,353 - ohlcv - INFO - export_data -  Exporting csv to ./files/ohlcv/NVDA/1m/2024_12_19_0930_to_2024_12_24_1259.csv
2024-12-25 15:43:39,353 - ohlcv - INFO - export_data -                                  Open        High  ...       Close    Volume
Date                                               ...                      
2024-12-19 09:30:00-05:00  131.720001  131.899994  ...  131.380005  11679906
2024-12-19 09:31:00-05:00  131.399994  131.850006  ...  131.020096   1436251
2024-12-19 09:32:00-05:00  131.035004  131.479996  ...  130.392105   1410558
2024-12-19 09:33:00-05:00  130.395004  131.179993  ...  131.119995   1124221
2024-12-19 09:34:00-05:00  131.115005  131.600006  ...  131.160004   1180766
...                               ...         ...  ...         ...       ...
2024-12-24 12:55:00-05:00  140.235001  140.240005  ...  140.096207    653879
2024-12-24 12:56:00-05:00  140.089996  140.229996  ...  140.039993    413707
2024-12-24 12:57:00-05:00  140.035004  140.149994  ...  140.130005    356247
2024-12-24 12:58:00-05:00  140.119995  140.130005  ...  140.035995    995791
2024-12-24 12:59:00-05:00  140.035004  140.350006  ...  140.350006   1647672

[1380 rows x 5 columns]
2024-12-25 15:43:39,362 - ohlcv - INFO - consolidate_data - Consolidating data...
2024-12-25 15:43:39,366 - ohlcv - INFO - consolidate_data - Combining directory: ./files/ohlcv/INTC/1m
2024-12-25 15:43:39,380 - ohlcv - INFO - consolidate_data -  -> Combined file=(2760, 9)
2024-12-25 15:43:39,386 - ohlcv - INFO - consolidate_data - Consolidating data...
2024-12-25 15:43:39,387 - ohlcv - INFO - consolidate_data - Combining directory: ./files/ohlcv/NVDA/1m
2024-12-25 15:43:39,388 - ohlcv - INFO - consolidate_data -  ->Exported combined CSV: ./files/ohlcv/INTC/1m/combined.csv=(1380, 9)
2024-12-25 15:43:39,388 - ohlcv - INFO - driver - Success downloads!
2024-12-25 15:43:39,394 - ohlcv - INFO - consolidate_data -  -> Combined file=(2760, 12)
2024-12-25 15:43:39,403 - ohlcv - INFO - consolidate_data -  ->Exported combined CSV: ./files/ohlcv/NVDA/1m/combined.csv=(1380, 12)
2024-12-25 15:43:39,404 - ohlcv - INFO - driver - Success downloads!
2024-12-25 15:43:59,407 - ohlcv - INFO - __init__ - 
Stock: NVDA, 
Interval: 1m, 
Lookback: 5, 
Indices: [], 
Correlated Stocks: ['INTC'] 
Data Output Base Dir: ./files/ohlcv/NVDA/1m
2024-12-25 15:43:59,427 - ohlcv - INFO - __init__ - 
Stock: NVDA, 
Interval: 1m, 
Lookback: 5, 
Indices: [], 
Correlated Stocks: ['INTC'] 
Data Output Base Dir: ./files/ohlcv/INTC/1m
2024-12-25 15:43:59,427 - ohlcv - INFO - __init__ - 
Stock: NVDA, 
Interval: 1m, 
Lookback: 5, 
Indices: [], 
Correlated Stocks: ['INTC'] 
Data Output Base Dir: ./files/ohlcv/INTC/1m
2024-12-25 15:44:01,719 - ohlcv - INFO - driver - Data engine starting...
2024-12-25 15:44:01,719 - ohlcv - INFO - driver - Data engine starting...
2024-12-25 15:44:01,719 - ohlcv - INFO - download_data -  Getting data NVDA...
2024-12-25 15:44:01,719 - ohlcv - INFO - download_data -  Getting data INTC...
2024-12-25 15:44:02,432 - ohlcv - INFO - download_data -   -> INTC downloaded: (1380, 5), 2024-12-19 09:30:00-05:00, 2024-12-24 12:59:00-05:00
2024-12-25 15:44:02,432 - ohlcv - INFO - log_stats -  Stats: 
2024-12-25 15:44:02,432 - ohlcv - INFO - log_stats -   -> Number of rows: 1380
2024-12-25 15:44:02,432 - ohlcv - INFO - log_stats -   -> Number of columns: 5
2024-12-25 15:44:02,433 - ohlcv - INFO - log_stats -   -> Column names: Index(['Open', 'High', 'Low', 'Close', 'Volume'], dtype='object')
2024-12-25 15:44:02,433 - ohlcv - INFO - log_stats -   -> dtype:
 Open      float64
High      float64
Low       float64
Close     float64
Volume      int64
dtype: object
2024-12-25 15:44:02,435 - ohlcv - INFO - log_stats -   -> Info:
 None
2024-12-25 15:44:02,436 - ohlcv - INFO - log_stats -   -> nulls:
 Open      8
High      8
Low       8
Close     8
Volume    0
dtype: int64
2024-12-25 15:44:02,436 - ohlcv - INFO - set_data_type -  Setting data types...
2024-12-25 15:44:02,436 - ohlcv - INFO - sanity_check - 1380
2024-12-25 15:44:02,437 - ohlcv - INFO - export_data -  Exporting csv to ./files/ohlcv/INTC/1m/2024_12_19_0930_to_2024_12_24_1259.csv
2024-12-25 15:44:02,437 - ohlcv - INFO - export_data -                                 Open       High        Low      Close   Volume
Date                                                                          
2024-12-19 09:30:00-05:00  19.525000  19.690001  19.495001  19.664000  3526104
2024-12-19 09:31:00-05:00  19.665001  19.665001  19.510000  19.559999   351014
2024-12-19 09:32:00-05:00  19.549999  19.670000  19.549999  19.639999   319445
2024-12-19 09:33:00-05:00  19.629999  19.665001  19.592699  19.655001   282907
2024-12-19 09:34:00-05:00  19.655001  19.690001  19.620100  19.635000   338875
...                              ...        ...        ...        ...      ...
2024-12-24 12:55:00-05:00  20.330000  20.340000  20.290001  20.309999   192688
2024-12-24 12:56:00-05:00  20.305000  20.309999  20.290001  20.299999   209833
2024-12-24 12:57:00-05:00  20.309999  20.330000  20.299999  20.320299   445013
2024-12-24 12:58:00-05:00  20.325001  20.350000  20.309999  20.344999   363987
2024-12-24 12:59:00-05:00  20.344999  20.400000  20.340000  20.389999  1194375

[1380 rows x 5 columns]
2024-12-25 15:44:02,448 - ohlcv - INFO - download_data -   -> NVDA downloaded: (1380, 5), 2024-12-19 09:30:00-05:00, 2024-12-24 12:59:00-05:00
2024-12-25 15:44:02,448 - ohlcv - INFO - log_stats -  Stats: 
2024-12-25 15:44:02,448 - ohlcv - INFO - log_stats -   -> Number of rows: 1380
2024-12-25 15:44:02,448 - ohlcv - INFO - log_stats -   -> Number of columns: 5
2024-12-25 15:44:02,449 - ohlcv - INFO - log_stats -   -> Column names: Index(['Open', 'High', 'Low', 'Close', 'Volume'], dtype='object')
2024-12-25 15:44:02,449 - ohlcv - INFO - log_stats -   -> dtype:
 Open      float64
High      float64
Low       float64
Close     float64
Volume      int64
dtype: object
2024-12-25 15:44:02,451 - ohlcv - INFO - log_stats -   -> Info:
 None
2024-12-25 15:44:02,452 - ohlcv - INFO - log_stats -   -> nulls:
 Open      8
High      8
Low       8
Close     8
Volume    0
dtype: int64
2024-12-25 15:44:02,452 - ohlcv - INFO - set_data_type -  Setting data types...
2024-12-25 15:44:02,452 - ohlcv - INFO - sanity_check - 1380
2024-12-25 15:44:02,452 - ohlcv - INFO - export_data -  Exporting csv to ./files/ohlcv/NVDA/1m/2024_12_19_0930_to_2024_12_24_1259.csv
2024-12-25 15:44:02,453 - ohlcv - INFO - export_data -                                  Open        High  ...       Close    Volume
Date                                               ...                      
2024-12-19 09:30:00-05:00  131.720001  131.899994  ...  131.380005  11679906
2024-12-19 09:31:00-05:00  131.399994  131.850006  ...  131.020096   1436251
2024-12-19 09:32:00-05:00  131.035004  131.479996  ...  130.392105   1410558
2024-12-19 09:33:00-05:00  130.395004  131.179993  ...  131.119995   1124221
2024-12-19 09:34:00-05:00  131.115005  131.600006  ...  131.160004   1180766
...                               ...         ...  ...         ...       ...
2024-12-24 12:55:00-05:00  140.235001  140.240005  ...  140.096207    653879
2024-12-24 12:56:00-05:00  140.089996  140.229996  ...  140.039993    413707
2024-12-24 12:57:00-05:00  140.035004  140.149994  ...  140.130005    356247
2024-12-24 12:58:00-05:00  140.119995  140.130005  ...  140.035995    995791
2024-12-24 12:59:00-05:00  140.035004  140.350006  ...  140.350006   1647672

[1380 rows x 5 columns]
2024-12-25 15:44:02,461 - ohlcv - INFO - consolidate_data - Consolidating data...
2024-12-25 15:44:02,461 - ohlcv - INFO - consolidate_data - Combining directory: ./files/ohlcv/INTC/1m
2024-12-25 15:44:02,468 - ohlcv - INFO - consolidate_data -  -> Combined file=(2760, 10)
2024-12-25 15:44:02,477 - ohlcv - INFO - consolidate_data -  ->Exported combined CSV: ./files/ohlcv/INTC/1m/combined.csv=(1380, 10)
2024-12-25 15:44:02,477 - ohlcv - INFO - consolidate_data - Consolidating data...
2024-12-25 15:44:02,477 - ohlcv - INFO - driver - Success downloads!
2024-12-25 15:44:02,477 - ohlcv - INFO - consolidate_data - Combining directory: ./files/ohlcv/NVDA/1m
2024-12-25 15:44:02,483 - ohlcv - INFO - consolidate_data -  -> Combined file=(2760, 13)
2024-12-25 15:44:02,492 - ohlcv - INFO - consolidate_data -  ->Exported combined CSV: ./files/ohlcv/NVDA/1m/combined.csv=(1380, 13)
2024-12-25 15:44:02,493 - ohlcv - INFO - driver - Success downloads!
