2024-12-25 15:55:31,115 - ohlcv - INFO - __init__ - 
Stock: NVDA, 
Interval: 1m, 
Lookback: 5, 
Indices: ['SPY', 'BOTZ', 'SMH', 'XLK'], 
Correlated Stocks: ['INTC', 'AMD', 'AVGO'] 
Data Output Base Dir: ./files/ohlcv/NVDA/1m
2024-12-25 15:55:31,118 - ohlcv - INFO - __init__ - 
Stock: NVDA, 
Interval: 1m, 
Lookback: 5, 
Indices: ['SPY', 'BOTZ', 'SMH', 'XLK'], 
Correlated Stocks: ['INTC', 'AMD', 'AVGO'] 
Data Output Base Dir: ./files/ohlcv/SPY/1m
2024-12-25 15:55:31,118 - ohlcv - INFO - __init__ - 
Stock: NVDA, 
Interval: 1m, 
Lookback: 5, 
Indices: ['SPY', 'BOTZ', 'SMH', 'XLK'], 
Correlated Stocks: ['INTC', 'AMD', 'AVGO'] 
Data Output Base Dir: ./files/ohlcv/SPY/1m
2024-12-25 15:55:31,119 - ohlcv - INFO - __init__ - 
Stock: NVDA, 
Interval: 1m, 
Lookback: 5, 
Indices: ['SPY', 'BOTZ', 'SMH', 'XLK'], 
Correlated Stocks: ['INTC', 'AMD', 'AVGO'] 
Data Output Base Dir: ./files/ohlcv/BOTZ/1m
2024-12-25 15:55:31,119 - ohlcv - INFO - __init__ - 
Stock: NVDA, 
Interval: 1m, 
Lookback: 5, 
Indices: ['SPY', 'BOTZ', 'SMH', 'XLK'], 
Correlated Stocks: ['INTC', 'AMD', 'AVGO'] 
Data Output Base Dir: ./files/ohlcv/BOTZ/1m
2024-12-25 15:55:31,119 - ohlcv - INFO - __init__ - 
Stock: NVDA, 
Interval: 1m, 
Lookback: 5, 
Indices: ['SPY', 'BOTZ', 'SMH', 'XLK'], 
Correlated Stocks: ['INTC', 'AMD', 'AVGO'] 
Data Output Base Dir: ./files/ohlcv/BOTZ/1m
2024-12-25 15:55:31,120 - ohlcv - INFO - __init__ - 
Stock: NVDA, 
Interval: 1m, 
Lookback: 5, 
Indices: ['SPY', 'BOTZ', 'SMH', 'XLK'], 
Correlated Stocks: ['INTC', 'AMD', 'AVGO'] 
Data Output Base Dir: ./files/ohlcv/SMH/1m
2024-12-25 15:55:31,120 - ohlcv - INFO - __init__ - 
Stock: NVDA, 
Interval: 1m, 
Lookback: 5, 
Indices: ['SPY', 'BOTZ', 'SMH', 'XLK'], 
Correlated Stocks: ['INTC', 'AMD', 'AVGO'] 
Data Output Base Dir: ./files/ohlcv/SMH/1m
2024-12-25 15:55:31,120 - ohlcv - INFO - __init__ - 
Stock: NVDA, 
Interval: 1m, 
Lookback: 5, 
Indices: ['SPY', 'BOTZ', 'SMH', 'XLK'], 
Correlated Stocks: ['INTC', 'AMD', 'AVGO'] 
Data Output Base Dir: ./files/ohlcv/SMH/1m
2024-12-25 15:55:31,120 - ohlcv - INFO - __init__ - 
Stock: NVDA, 
Interval: 1m, 
Lookback: 5, 
Indices: ['SPY', 'BOTZ', 'SMH', 'XLK'], 
Correlated Stocks: ['INTC', 'AMD', 'AVGO'] 
Data Output Base Dir: ./files/ohlcv/SMH/1m
2024-12-25 15:55:31,121 - ohlcv - INFO - __init__ - 
Stock: NVDA, 
Interval: 1m, 
Lookback: 5, 
Indices: ['SPY', 'BOTZ', 'SMH', 'XLK'], 
Correlated Stocks: ['INTC', 'AMD', 'AVGO'] 
Data Output Base Dir: ./files/ohlcv/XLK/1m
2024-12-25 15:55:31,121 - ohlcv - INFO - __init__ - 
Stock: NVDA, 
Interval: 1m, 
Lookback: 5, 
Indices: ['SPY', 'BOTZ', 'SMH', 'XLK'], 
Correlated Stocks: ['INTC', 'AMD', 'AVGO'] 
Data Output Base Dir: ./files/ohlcv/XLK/1m
2024-12-25 15:55:31,121 - ohlcv - INFO - __init__ - 
Stock: NVDA, 
Interval: 1m, 
Lookback: 5, 
Indices: ['SPY', 'BOTZ', 'SMH', 'XLK'], 
Correlated Stocks: ['INTC', 'AMD', 'AVGO'] 
Data Output Base Dir: ./files/ohlcv/XLK/1m
2024-12-25 15:55:31,121 - ohlcv - INFO - __init__ - 
Stock: NVDA, 
Interval: 1m, 
Lookback: 5, 
Indices: ['SPY', 'BOTZ', 'SMH', 'XLK'], 
Correlated Stocks: ['INTC', 'AMD', 'AVGO'] 
Data Output Base Dir: ./files/ohlcv/XLK/1m
2024-12-25 15:55:31,121 - ohlcv - INFO - __init__ - 
Stock: NVDA, 
Interval: 1m, 
Lookback: 5, 
Indices: ['SPY', 'BOTZ', 'SMH', 'XLK'], 
Correlated Stocks: ['INTC', 'AMD', 'AVGO'] 
Data Output Base Dir: ./files/ohlcv/XLK/1m
2024-12-25 15:55:31,122 - ohlcv - INFO - __init__ - 
Stock: NVDA, 
Interval: 1m, 
Lookback: 5, 
Indices: ['SPY', 'BOTZ', 'SMH', 'XLK'], 
Correlated Stocks: ['INTC', 'AMD', 'AVGO'] 
Data Output Base Dir: ./files/ohlcv/INTC/1m
2024-12-25 15:55:31,122 - ohlcv - INFO - __init__ - 
Stock: NVDA, 
Interval: 1m, 
Lookback: 5, 
Indices: ['SPY', 'BOTZ', 'SMH', 'XLK'], 
Correlated Stocks: ['INTC', 'AMD', 'AVGO'] 
Data Output Base Dir: ./files/ohlcv/INTC/1m
2024-12-25 15:55:31,122 - ohlcv - INFO - __init__ - 
Stock: NVDA, 
Interval: 1m, 
Lookback: 5, 
Indices: ['SPY', 'BOTZ', 'SMH', 'XLK'], 
Correlated Stocks: ['INTC', 'AMD', 'AVGO'] 
Data Output Base Dir: ./files/ohlcv/INTC/1m
2024-12-25 15:55:31,122 - ohlcv - INFO - __init__ - 
Stock: NVDA, 
Interval: 1m, 
Lookback: 5, 
Indices: ['SPY', 'BOTZ', 'SMH', 'XLK'], 
Correlated Stocks: ['INTC', 'AMD', 'AVGO'] 
Data Output Base Dir: ./files/ohlcv/INTC/1m
2024-12-25 15:55:31,122 - ohlcv - INFO - __init__ - 
Stock: NVDA, 
Interval: 1m, 
Lookback: 5, 
Indices: ['SPY', 'BOTZ', 'SMH', 'XLK'], 
Correlated Stocks: ['INTC', 'AMD', 'AVGO'] 
Data Output Base Dir: ./files/ohlcv/INTC/1m
2024-12-25 15:55:31,122 - ohlcv - INFO - __init__ - 
Stock: NVDA, 
Interval: 1m, 
Lookback: 5, 
Indices: ['SPY', 'BOTZ', 'SMH', 'XLK'], 
Correlated Stocks: ['INTC', 'AMD', 'AVGO'] 
Data Output Base Dir: ./files/ohlcv/INTC/1m
2024-12-25 15:55:31,123 - ohlcv - INFO - __init__ - 
Stock: NVDA, 
Interval: 1m, 
Lookback: 5, 
Indices: ['SPY', 'BOTZ', 'SMH', 'XLK'], 
Correlated Stocks: ['INTC', 'AMD', 'AVGO'] 
Data Output Base Dir: ./files/ohlcv/AMD/1m
2024-12-25 15:55:31,123 - ohlcv - INFO - __init__ - 
Stock: NVDA, 
Interval: 1m, 
Lookback: 5, 
Indices: ['SPY', 'BOTZ', 'SMH', 'XLK'], 
Correlated Stocks: ['INTC', 'AMD', 'AVGO'] 
Data Output Base Dir: ./files/ohlcv/AMD/1m
2024-12-25 15:55:31,123 - ohlcv - INFO - __init__ - 
Stock: NVDA, 
Interval: 1m, 
Lookback: 5, 
Indices: ['SPY', 'BOTZ', 'SMH', 'XLK'], 
Correlated Stocks: ['INTC', 'AMD', 'AVGO'] 
Data Output Base Dir: ./files/ohlcv/AMD/1m
2024-12-25 15:55:31,123 - ohlcv - INFO - __init__ - 
Stock: NVDA, 
Interval: 1m, 
Lookback: 5, 
Indices: ['SPY', 'BOTZ', 'SMH', 'XLK'], 
Correlated Stocks: ['INTC', 'AMD', 'AVGO'] 
Data Output Base Dir: ./files/ohlcv/AMD/1m
2024-12-25 15:55:31,123 - ohlcv - INFO - __init__ - 
Stock: NVDA, 
Interval: 1m, 
Lookback: 5, 
Indices: ['SPY', 'BOTZ', 'SMH', 'XLK'], 
Correlated Stocks: ['INTC', 'AMD', 'AVGO'] 
Data Output Base Dir: ./files/ohlcv/AMD/1m
2024-12-25 15:55:31,123 - ohlcv - INFO - __init__ - 
Stock: NVDA, 
Interval: 1m, 
Lookback: 5, 
Indices: ['SPY', 'BOTZ', 'SMH', 'XLK'], 
Correlated Stocks: ['INTC', 'AMD', 'AVGO'] 
Data Output Base Dir: ./files/ohlcv/AMD/1m
2024-12-25 15:55:31,123 - ohlcv - INFO - __init__ - 
Stock: NVDA, 
Interval: 1m, 
Lookback: 5, 
Indices: ['SPY', 'BOTZ', 'SMH', 'XLK'], 
Correlated Stocks: ['INTC', 'AMD', 'AVGO'] 
Data Output Base Dir: ./files/ohlcv/AMD/1m
2024-12-25 15:55:31,124 - ohlcv - INFO - __init__ - 
Stock: NVDA, 
Interval: 1m, 
Lookback: 5, 
Indices: ['SPY', 'BOTZ', 'SMH', 'XLK'], 
Correlated Stocks: ['INTC', 'AMD', 'AVGO'] 
Data Output Base Dir: ./files/ohlcv/AVGO/1m
2024-12-25 15:55:31,124 - ohlcv - INFO - __init__ - 
Stock: NVDA, 
Interval: 1m, 
Lookback: 5, 
Indices: ['SPY', 'BOTZ', 'SMH', 'XLK'], 
Correlated Stocks: ['INTC', 'AMD', 'AVGO'] 
Data Output Base Dir: ./files/ohlcv/AVGO/1m
2024-12-25 15:55:31,124 - ohlcv - INFO - __init__ - 
Stock: NVDA, 
Interval: 1m, 
Lookback: 5, 
Indices: ['SPY', 'BOTZ', 'SMH', 'XLK'], 
Correlated Stocks: ['INTC', 'AMD', 'AVGO'] 
Data Output Base Dir: ./files/ohlcv/AVGO/1m
2024-12-25 15:55:31,124 - ohlcv - INFO - __init__ - 
Stock: NVDA, 
Interval: 1m, 
Lookback: 5, 
Indices: ['SPY', 'BOTZ', 'SMH', 'XLK'], 
Correlated Stocks: ['INTC', 'AMD', 'AVGO'] 
Data Output Base Dir: ./files/ohlcv/AVGO/1m
2024-12-25 15:55:31,124 - ohlcv - INFO - __init__ - 
Stock: NVDA, 
Interval: 1m, 
Lookback: 5, 
Indices: ['SPY', 'BOTZ', 'SMH', 'XLK'], 
Correlated Stocks: ['INTC', 'AMD', 'AVGO'] 
Data Output Base Dir: ./files/ohlcv/AVGO/1m
2024-12-25 15:55:31,124 - ohlcv - INFO - __init__ - 
Stock: NVDA, 
Interval: 1m, 
Lookback: 5, 
Indices: ['SPY', 'BOTZ', 'SMH', 'XLK'], 
Correlated Stocks: ['INTC', 'AMD', 'AVGO'] 
Data Output Base Dir: ./files/ohlcv/AVGO/1m
2024-12-25 15:55:31,124 - ohlcv - INFO - __init__ - 
Stock: NVDA, 
Interval: 1m, 
Lookback: 5, 
Indices: ['SPY', 'BOTZ', 'SMH', 'XLK'], 
Correlated Stocks: ['INTC', 'AMD', 'AVGO'] 
Data Output Base Dir: ./files/ohlcv/AVGO/1m
2024-12-25 15:55:31,124 - ohlcv - INFO - __init__ - 
Stock: NVDA, 
Interval: 1m, 
Lookback: 5, 
Indices: ['SPY', 'BOTZ', 'SMH', 'XLK'], 
Correlated Stocks: ['INTC', 'AMD', 'AVGO'] 
Data Output Base Dir: ./files/ohlcv/AVGO/1m
2024-12-25 15:55:33,819 - ohlcv - INFO - driver - Data engine starting...
2024-12-25 15:55:33,819 - ohlcv - INFO - driver - Data engine starting...
2024-12-25 15:55:33,819 - ohlcv - INFO - driver - Data engine starting...
2024-12-25 15:55:33,819 - ohlcv - INFO - driver - Data engine starting...
2024-12-25 15:55:33,819 - ohlcv - INFO - download_data -  Getting data SPY...
2024-12-25 15:55:33,819 - ohlcv - INFO - download_data -  Getting data AMD...
2024-12-25 15:55:33,819 - ohlcv - INFO - driver - Data engine starting...
2024-12-25 15:55:33,819 - ohlcv - INFO - driver - Data engine starting...
2024-12-25 15:55:33,819 - ohlcv - INFO - driver - Data engine starting...
2024-12-25 15:55:33,819 - ohlcv - INFO - driver - Data engine starting...
2024-12-25 15:55:33,819 - ohlcv - INFO - download_data -  Getting data XLK...
2024-12-25 15:55:33,819 - ohlcv - INFO - download_data -  Getting data BOTZ...
2024-12-25 15:55:33,819 - ohlcv - INFO - download_data -  Getting data NVDA...
2024-12-25 15:55:33,819 - ohlcv - INFO - download_data -  Getting data INTC...
2024-12-25 15:55:33,819 - ohlcv - INFO - download_data -  Getting data SMH...
2024-12-25 15:55:33,819 - ohlcv - INFO - download_data -  Getting data AVGO...
2024-12-25 15:55:34,814 - ohlcv - INFO - download_data -   -> XLK downloaded: (1380, 5), 2024-12-19 09:30:00-05:00, 2024-12-24 12:59:00-05:00
2024-12-25 15:55:34,814 - ohlcv - INFO - log_stats -  Stats: 
2024-12-25 15:55:34,815 - ohlcv - INFO - log_stats -   -> Number of rows: 1380
2024-12-25 15:55:34,815 - ohlcv - INFO - log_stats -   -> Number of columns: 5
2024-12-25 15:55:34,815 - ohlcv - INFO - log_stats -   -> Column names: Index(['Open', 'High', 'Low', 'Close', 'Volume'], dtype='object')
2024-12-25 15:55:34,815 - ohlcv - INFO - log_stats -   -> dtype:
 Open      float64
High      float64
Low       float64
Close     float64
Volume      int64
dtype: object
2024-12-25 15:55:34,819 - ohlcv - INFO - log_stats -   -> Info:
 None
2024-12-25 15:55:34,820 - ohlcv - INFO - log_stats -   -> nulls:
 Open      21
High      21
Low       21
Close     21
Volume     0
dtype: int64
2024-12-25 15:55:34,820 - ohlcv - INFO - set_data_type -  Setting data types...
2024-12-25 15:55:34,821 - ohlcv - INFO - sanity_check - 1380
2024-12-25 15:55:34,821 - ohlcv - INFO - export_data -  Exporting csv to ./files/ohlcv/XLK/1m/2024_12_19_0930_to_2024_12_24_1259.csv
2024-12-25 15:55:34,821 - ohlcv - INFO - export_data -                                  Open        High  ...       Close  Volume
Date                                               ...                    
2024-12-19 09:30:00-05:00  234.600006  234.669998  ...  234.559998  228108
2024-12-19 09:31:00-05:00  234.720001  234.789993  ...  234.520004   50089
2024-12-19 09:32:00-05:00  234.529999  234.850006  ...  234.339996   43167
2024-12-19 09:33:00-05:00  234.389999  234.809998  ...  234.809998   15616
2024-12-19 09:34:00-05:00  234.839996  235.149994  ...  234.919998   57402
...                               ...         ...  ...         ...     ...
2024-12-24 12:55:00-05:00         NaN         NaN  ...         NaN       0
2024-12-24 12:56:00-05:00         NaN         NaN  ...         NaN       0
2024-12-24 12:57:00-05:00         NaN         NaN  ...         NaN       0
2024-12-24 12:58:00-05:00         NaN         NaN  ...         NaN       0
2024-12-24 12:59:00-05:00         NaN         NaN  ...         NaN       0

[1380 rows x 5 columns]
2024-12-25 15:55:34,846 - ohlcv - INFO - consolidate_data - Consolidating data...
2024-12-25 15:55:34,846 - ohlcv - INFO - consolidate_data - Combining directory: ./files/ohlcv/XLK/1m
2024-12-25 15:55:34,850 - ohlcv - INFO - consolidate_data -  -> Combined file=(1380, 6)
2024-12-25 15:55:34,857 - ohlcv - INFO - download_data -   -> INTC downloaded: (1380, 5), 2024-12-19 09:30:00-05:00, 2024-12-24 12:59:00-05:00
2024-12-25 15:55:34,857 - ohlcv - INFO - log_stats -  Stats: 
2024-12-25 15:55:34,857 - ohlcv - INFO - download_data -   -> NVDA downloaded: (1380, 5), 2024-12-19 09:30:00-05:00, 2024-12-24 12:59:00-05:00
2024-12-25 15:55:34,857 - ohlcv - INFO - log_stats -   -> Number of rows: 1380
2024-12-25 15:55:34,857 - ohlcv - INFO - log_stats -   -> Number of columns: 5
2024-12-25 15:55:34,857 - ohlcv - INFO - log_stats -  Stats: 
2024-12-25 15:55:34,857 - ohlcv - INFO - log_stats -   -> Number of rows: 1380
2024-12-25 15:55:34,857 - ohlcv - INFO - log_stats -   -> Number of columns: 5
2024-12-25 15:55:34,857 - ohlcv - INFO - log_stats -   -> Column names: Index(['Open', 'High', 'Low', 'Close', 'Volume'], dtype='object')
2024-12-25 15:55:34,858 - ohlcv - INFO - log_stats -   -> Column names: Index(['Open', 'High', 'Low', 'Close', 'Volume'], dtype='object')
2024-12-25 15:55:34,858 - ohlcv - INFO - log_stats -   -> dtype:
 Open      float64
High      float64
Low       float64
Close     float64
Volume      int64
dtype: object
2024-12-25 15:55:34,858 - ohlcv - INFO - log_stats -   -> dtype:
 Open      float64
High      float64
Low       float64
Close     float64
Volume      int64
dtype: object
2024-12-25 15:55:34,858 - ohlcv - INFO - consolidate_data -  ->Exported combined CSV: ./files/ohlcv/XLK/1m/combined.csv =>(1380, 6)
2024-12-25 15:55:34,858 - ohlcv - INFO - driver - Success downloads!
2024-12-25 15:55:34,861 - ohlcv - INFO - log_stats -   -> Info:
 None
2024-12-25 15:55:34,861 - ohlcv - INFO - log_stats -   -> Info:
 None
2024-12-25 15:55:34,861 - ohlcv - INFO - log_stats -   -> nulls:
 Open      8
High      8
Low       8
Close     8
Volume    0
dtype: int64
2024-12-25 15:55:34,861 - ohlcv - INFO - set_data_type -  Setting data types...
2024-12-25 15:55:34,861 - ohlcv - INFO - log_stats -   -> nulls:
 Open      8
High      8
Low       8
Close     8
Volume    0
dtype: int64
2024-12-25 15:55:34,861 - ohlcv - INFO - set_data_type -  Setting data types...
2024-12-25 15:55:34,862 - ohlcv - INFO - sanity_check - 1380
2024-12-25 15:55:34,862 - ohlcv - INFO - sanity_check - 1380
2024-12-25 15:55:34,862 - ohlcv - INFO - export_data -  Exporting csv to ./files/ohlcv/NVDA/1m/2024_12_19_0930_to_2024_12_24_1259.csv
2024-12-25 15:55:34,862 - ohlcv - INFO - export_data -  Exporting csv to ./files/ohlcv/INTC/1m/2024_12_19_0930_to_2024_12_24_1259.csv
2024-12-25 15:55:34,869 - ohlcv - INFO - download_data -   -> AVGO downloaded: (1380, 5), 2024-12-19 09:30:00-05:00, 2024-12-24 12:59:00-05:00
2024-12-25 15:55:34,869 - ohlcv - INFO - log_stats -  Stats: 
2024-12-25 15:55:34,869 - ohlcv - INFO - log_stats -   -> Number of rows: 1380
2024-12-25 15:55:34,869 - ohlcv - INFO - log_stats -   -> Number of columns: 5
2024-12-25 15:55:34,869 - ohlcv - INFO - log_stats -   -> Column names: Index(['Open', 'High', 'Low', 'Close', 'Volume'], dtype='object')
2024-12-25 15:55:34,870 - ohlcv - INFO - log_stats -   -> dtype:
 Open      float64
High      float64
Low       float64
Close     float64
Volume      int64
dtype: object
2024-12-25 15:55:34,870 - ohlcv - INFO - download_data -   -> AMD downloaded: (1380, 5), 2024-12-19 09:30:00-05:00, 2024-12-24 12:59:00-05:00
2024-12-25 15:55:34,871 - ohlcv - INFO - log_stats -  Stats: 
2024-12-25 15:55:34,871 - ohlcv - INFO - log_stats -   -> Number of rows: 1380
2024-12-25 15:55:34,871 - ohlcv - INFO - log_stats -   -> Number of columns: 5
2024-12-25 15:55:34,862 - ohlcv - INFO - export_data -                                 Open       High        Low      Close   Volume
Date                                                                          
2024-12-19 09:30:00-05:00  19.525000  19.690001  19.495001  19.664000  3526104
2024-12-19 09:31:00-05:00  19.665001  19.665001  19.510000  19.559999   351014
2024-12-19 09:32:00-05:00  19.549999  19.670000  19.549999  19.639999   319445
2024-12-19 09:33:00-05:00  19.629999  19.665001  19.592699  19.655001   282907
2024-12-19 09:34:00-05:00  19.655001  19.690001  19.620100  19.635000   338875
...                              ...        ...        ...        ...      ...
2024-12-24 12:55:00-05:00  20.330000  20.340000  20.290001  20.309999   192688
2024-12-24 12:56:00-05:00  20.305000  20.309999  20.290001  20.299999   209833
2024-12-24 12:57:00-05:00  20.309999  20.330000  20.299999  20.320299   445013
2024-12-24 12:58:00-05:00  20.325001  20.350000  20.309999  20.344999   363987
2024-12-24 12:59:00-05:00  20.344999  20.400000  20.340000  20.389999  1194375

[1380 rows x 5 columns]
2024-12-25 15:55:34,871 - ohlcv - INFO - log_stats -   -> Column names: Index(['Open', 'High', 'Low', 'Close', 'Volume'], dtype='object')
2024-12-25 15:55:34,871 - ohlcv - INFO - log_stats -   -> dtype:
 Open      float64
High      float64
Low       float64
Close     float64
Volume      int64
dtype: object
2024-12-25 15:55:34,862 - ohlcv - INFO - export_data -                                  Open        High  ...       Close    Volume
Date                                               ...                      
2024-12-19 09:30:00-05:00  131.720001  131.899994  ...  131.380005  11679906
2024-12-19 09:31:00-05:00  131.399994  131.850006  ...  131.020096   1436251
2024-12-19 09:32:00-05:00  131.035004  131.479996  ...  130.392105   1410558
2024-12-19 09:33:00-05:00  130.395004  131.179993  ...  131.119995   1124221
2024-12-19 09:34:00-05:00  131.115005  131.600006  ...  131.160004   1180766
...                               ...         ...  ...         ...       ...
2024-12-24 12:55:00-05:00  140.235001  140.240005  ...  140.096207    653879
2024-12-24 12:56:00-05:00  140.089996  140.229996  ...  140.039993    413707
2024-12-24 12:57:00-05:00  140.035004  140.149994  ...  140.130005    356247
2024-12-24 12:58:00-05:00  140.119995  140.130005  ...  140.035995    995791
2024-12-24 12:59:00-05:00  140.035004  140.350006  ...  140.350006   1647672

[1380 rows x 5 columns]
2024-12-25 15:55:34,872 - ohlcv - INFO - log_stats -   -> Info:
 None
2024-12-25 15:55:34,873 - ohlcv - INFO - log_stats -   -> nulls:
 Open      8
High      8
Low       8
Close     8
Volume    0
dtype: int64
2024-12-25 15:55:34,873 - ohlcv - INFO - set_data_type -  Setting data types...
2024-12-25 15:55:34,874 - ohlcv - INFO - log_stats -   -> Info:
 None
2024-12-25 15:55:34,874 - ohlcv - INFO - sanity_check - 1380
2024-12-25 15:55:34,874 - ohlcv - INFO - log_stats -   -> nulls:
 Open      6
High      6
Low       6
Close     6
Volume    0
dtype: int64
2024-12-25 15:55:34,874 - ohlcv - INFO - set_data_type -  Setting data types...
2024-12-25 15:55:34,874 - ohlcv - INFO - export_data -  Exporting csv to ./files/ohlcv/AVGO/1m/2024_12_19_0930_to_2024_12_24_1259.csv
2024-12-25 15:55:34,875 - ohlcv - INFO - sanity_check - 1380
2024-12-25 15:55:34,875 - ohlcv - INFO - export_data -  Exporting csv to ./files/ohlcv/AMD/1m/2024_12_19_0930_to_2024_12_24_1259.csv
2024-12-25 15:55:34,875 - ohlcv - INFO - export_data -                                  Open        High  ...       Close   Volume
Date                                               ...                     
2024-12-19 09:30:00-05:00  227.994995  228.050003  ...  226.050003  2099469
2024-12-19 09:31:00-05:00  226.009995  227.470001  ...  227.014999   357707
2024-12-19 09:32:00-05:00  227.229996  227.259995  ...  225.779999   165468
2024-12-19 09:33:00-05:00  225.869705  226.970001  ...  226.830002   167790
2024-12-19 09:34:00-05:00  226.800003  226.960007  ...  226.750000   213396
...                               ...         ...  ...         ...      ...
2024-12-24 12:55:00-05:00  238.139999  238.690002  ...  238.442505   188634
2024-12-24 12:56:00-05:00  238.440002  238.837997  ...  238.830002   119201
2024-12-24 12:57:00-05:00  238.839996  239.089996  ...  239.044998   170668
2024-12-24 12:58:00-05:00  239.020004  239.419998  ...  239.357407   223365
2024-12-24 12:59:00-05:00  239.389999  239.699997  ...  239.699997   521936

[1380 rows x 5 columns]
2024-12-25 15:55:34,876 - ohlcv - INFO - export_data -                                  Open        High  ...       Close   Volume
Date                                               ...                     
2024-12-19 09:30:00-05:00  122.160004  122.800003  ...  122.650002  1714789
2024-12-19 09:31:00-05:00  122.629997  122.900002  ...  122.239998   198226
2024-12-19 09:32:00-05:00  122.250000  122.870003  ...  122.230003   158501
2024-12-19 09:33:00-05:00  122.220001  123.050003  ...  123.019997   158137
2024-12-19 09:34:00-05:00  123.000999  123.379997  ...  123.095200   255559
...                               ...         ...  ...         ...      ...
2024-12-24 12:55:00-05:00  126.080002  126.139999  ...  125.900002   107784
2024-12-24 12:56:00-05:00  125.915001  126.000000  ...  125.940102    68790
2024-12-24 12:57:00-05:00  125.940002  126.019997  ...  126.000000    77215
2024-12-24 12:58:00-05:00  126.000000  126.129997  ...  126.120003   121275
2024-12-24 12:59:00-05:00  126.120003  126.349998  ...  126.305000   370618

[1380 rows x 5 columns]
2024-12-25 15:55:34,885 - ohlcv - INFO - consolidate_data - Consolidating data...
2024-12-25 15:55:34,885 - ohlcv - INFO - consolidate_data - Combining directory: ./files/ohlcv/INTC/1m
2024-12-25 15:55:34,886 - ohlcv - INFO - consolidate_data - Consolidating data...
2024-12-25 15:55:34,887 - ohlcv - INFO - consolidate_data - Combining directory: ./files/ohlcv/NVDA/1m
2024-12-25 15:55:34,887 - ohlcv - INFO - consolidate_data -  -> Combined file=(1380, 6)
2024-12-25 15:55:34,889 - ohlcv - INFO - consolidate_data -  -> Combined file=(1380, 6)
2024-12-25 15:55:34,894 - ohlcv - INFO - consolidate_data -  ->Exported combined CSV: ./files/ohlcv/INTC/1m/combined.csv =>(1380, 6)
2024-12-25 15:55:34,894 - ohlcv - INFO - driver - Success downloads!
2024-12-25 15:55:34,895 - ohlcv - INFO - consolidate_data - Consolidating data...
2024-12-25 15:55:34,896 - ohlcv - INFO - consolidate_data - Combining directory: ./files/ohlcv/AVGO/1m
2024-12-25 15:55:34,896 - ohlcv - INFO - consolidate_data -  ->Exported combined CSV: ./files/ohlcv/NVDA/1m/combined.csv =>(1380, 6)
2024-12-25 15:55:34,896 - ohlcv - INFO - driver - Success downloads!
2024-12-25 15:55:34,896 - ohlcv - INFO - consolidate_data - Consolidating data...
2024-12-25 15:55:34,897 - ohlcv - INFO - consolidate_data - Combining directory: ./files/ohlcv/AMD/1m
2024-12-25 15:55:34,898 - ohlcv - INFO - consolidate_data -  -> Combined file=(1380, 6)
2024-12-25 15:55:34,900 - ohlcv - INFO - consolidate_data -  -> Combined file=(1380, 6)
2024-12-25 15:55:34,908 - ohlcv - INFO - consolidate_data -  ->Exported combined CSV: ./files/ohlcv/AVGO/1m/combined.csv =>(1380, 6)
2024-12-25 15:55:34,908 - ohlcv - INFO - driver - Success downloads!
2024-12-25 15:55:34,913 - ohlcv - INFO - consolidate_data -  ->Exported combined CSV: ./files/ohlcv/AMD/1m/combined.csv =>(1380, 6)
2024-12-25 15:55:34,913 - ohlcv - INFO - driver - Success downloads!
2024-12-25 15:55:34,945 - ohlcv - INFO - download_data -   -> SPY downloaded: (1380, 5), 2024-12-19 09:30:00-05:00, 2024-12-24 12:59:00-05:00
2024-12-25 15:55:34,945 - ohlcv - INFO - log_stats -  Stats: 
2024-12-25 15:55:34,945 - ohlcv - INFO - log_stats -   -> Number of rows: 1380
2024-12-25 15:55:34,945 - ohlcv - INFO - log_stats -   -> Number of columns: 5
2024-12-25 15:55:34,945 - ohlcv - INFO - log_stats -   -> Column names: Index(['Open', 'High', 'Low', 'Close', 'Volume'], dtype='object')
2024-12-25 15:55:34,945 - ohlcv - INFO - log_stats -   -> dtype:
 Open      float64
High      float64
Low       float64
Close     float64
Volume      int64
dtype: object
2024-12-25 15:55:34,948 - ohlcv - INFO - log_stats -   -> Info:
 None
2024-12-25 15:55:34,948 - ohlcv - INFO - log_stats -   -> nulls:
 Open      21
High      21
Low       21
Close     21
Volume     0
dtype: int64
2024-12-25 15:55:34,948 - ohlcv - INFO - set_data_type -  Setting data types...
2024-12-25 15:55:34,949 - ohlcv - INFO - sanity_check - 1380
2024-12-25 15:55:34,950 - ohlcv - INFO - export_data -  Exporting csv to ./files/ohlcv/SPY/1m/2024_12_19_0930_to_2024_12_24_1259.csv
2024-12-25 15:55:34,950 - ohlcv - INFO - export_data -                                  Open        High  ...       Close   Volume
Date                                               ...                     
2024-12-19 09:30:00-05:00  591.359985  591.599976  ...  591.530029  3205832
2024-12-19 09:31:00-05:00  591.510010  592.130005  ...  592.080017   389665
2024-12-19 09:32:00-05:00  592.059998  592.260010  ...  591.729980   355339
2024-12-19 09:33:00-05:00  591.739990  592.539978  ...  592.539978   340924
2024-12-19 09:34:00-05:00  592.530029  592.869995  ...  592.760010   313395
...                               ...         ...  ...         ...      ...
2024-12-24 12:55:00-05:00         NaN         NaN  ...         NaN        0
2024-12-24 12:56:00-05:00         NaN         NaN  ...         NaN        0
2024-12-24 12:57:00-05:00         NaN         NaN  ...         NaN        0
2024-12-24 12:58:00-05:00         NaN         NaN  ...         NaN        0
2024-12-24 12:59:00-05:00         NaN         NaN  ...         NaN        0

[1380 rows x 5 columns]
2024-12-25 15:55:34,969 - ohlcv - INFO - consolidate_data - Consolidating data...
2024-12-25 15:55:34,970 - ohlcv - INFO - consolidate_data - Combining directory: ./files/ohlcv/SPY/1m
2024-12-25 15:55:34,972 - ohlcv - INFO - consolidate_data -  -> Combined file=(1380, 6)
2024-12-25 15:55:34,983 - ohlcv - INFO - consolidate_data -  ->Exported combined CSV: ./files/ohlcv/SPY/1m/combined.csv =>(1380, 6)
2024-12-25 15:55:34,983 - ohlcv - INFO - driver - Success downloads!
2024-12-25 15:55:35,102 - ohlcv - INFO - download_data -   -> SMH downloaded: (1380, 5), 2024-12-19 09:30:00-05:00, 2024-12-24 12:59:00-05:00
2024-12-25 15:55:35,105 - ohlcv - INFO - log_stats -  Stats: 
2024-12-25 15:55:35,105 - ohlcv - INFO - log_stats -   -> Number of rows: 1380
2024-12-25 15:55:35,105 - ohlcv - INFO - log_stats -   -> Number of columns: 5
2024-12-25 15:55:35,105 - ohlcv - INFO - download_data -   -> BOTZ downloaded: (1380, 5), 2024-12-19 09:30:00-05:00, 2024-12-24 12:59:00-05:00
2024-12-25 15:55:35,105 - ohlcv - INFO - log_stats -  Stats: 
2024-12-25 15:55:35,105 - ohlcv - INFO - log_stats -   -> Column names: Index(['Open', 'High', 'Low', 'Close', 'Volume'], dtype='object')
2024-12-25 15:55:35,105 - ohlcv - INFO - log_stats -   -> Number of rows: 1380
2024-12-25 15:55:35,105 - ohlcv - INFO - log_stats -   -> Number of columns: 5
2024-12-25 15:55:35,106 - ohlcv - INFO - log_stats -   -> Column names: Index(['Open', 'High', 'Low', 'Close', 'Volume'], dtype='object')
2024-12-25 15:55:35,106 - ohlcv - INFO - log_stats -   -> dtype:
 Open      float64
High      float64
Low       float64
Close     float64
Volume      int64
dtype: object
2024-12-25 15:55:35,106 - ohlcv - INFO - log_stats -   -> dtype:
 Open      float64
High      float64
Low       float64
Close     float64
Volume      int64
dtype: object
2024-12-25 15:55:35,108 - ohlcv - INFO - log_stats -   -> Info:
 None
2024-12-25 15:55:35,108 - ohlcv - INFO - log_stats -   -> Info:
 None
2024-12-25 15:55:35,109 - ohlcv - INFO - log_stats -   -> nulls:
 Open      275
High      275
Low       275
Close     275
Volume      0
dtype: int64
2024-12-25 15:55:35,109 - ohlcv - INFO - log_stats -   -> nulls:
 Open      8
High      8
Low       8
Close     8
Volume    0
dtype: int64
2024-12-25 15:55:35,109 - ohlcv - INFO - set_data_type -  Setting data types...
2024-12-25 15:55:35,109 - ohlcv - INFO - set_data_type -  Setting data types...
2024-12-25 15:55:35,110 - ohlcv - INFO - sanity_check - 1380
2024-12-25 15:55:35,110 - ohlcv - INFO - sanity_check - 1380
2024-12-25 15:55:35,111 - ohlcv - INFO - export_data -  Exporting csv to ./files/ohlcv/BOTZ/1m/2024_12_19_0930_to_2024_12_24_1259.csv
2024-12-25 15:55:35,111 - ohlcv - INFO - export_data -  Exporting csv to ./files/ohlcv/SMH/1m/2024_12_19_0930_to_2024_12_24_1259.csv
2024-12-25 15:55:35,111 - ohlcv - INFO - export_data -                                 Open       High        Low      Close  Volume
Date                                                                         
2024-12-19 09:30:00-05:00  32.311600  32.311600  32.250099  32.310101   24102
2024-12-19 09:31:00-05:00  32.330002  32.380001  32.330002  32.360001    3899
2024-12-19 09:32:00-05:00  32.380001  32.389999  32.334999  32.334999    5263
2024-12-19 09:33:00-05:00  32.340000  32.349998  32.340000  32.349998    1010
2024-12-19 09:34:00-05:00  32.380001  32.400002  32.380001  32.393600    3006
...                              ...        ...        ...        ...     ...
2024-12-24 12:55:00-05:00  32.590000  32.590000  32.590000  32.590000     997
2024-12-24 12:56:00-05:00  32.599998  32.599998  32.599998  32.599998    1755
2024-12-24 12:57:00-05:00  32.610001  32.625000  32.601002  32.625000    4355
2024-12-24 12:58:00-05:00  32.625000  32.630001  32.625000  32.630001    2734
2024-12-24 12:59:00-05:00  32.625000  32.650002  32.619999  32.630001    7196

[1380 rows x 5 columns]
2024-12-25 15:55:35,111 - ohlcv - INFO - export_data -                                  Open        High  ...       Close  Volume
Date                                               ...                    
2024-12-19 09:30:00-05:00  243.000000  243.220001  ...  242.770004  181654
2024-12-19 09:31:00-05:00  242.830002  242.960007  ...  242.399994   43381
2024-12-19 09:32:00-05:00  242.529999  242.809998  ...  242.039993   39783
2024-12-19 09:33:00-05:00  242.179993  242.830002  ...  242.830002   19057
2024-12-19 09:34:00-05:00  242.850006  243.149994  ...  242.729996   28266
...                               ...         ...  ...         ...     ...
2024-12-24 12:55:00-05:00  250.660004  250.779999  ...  250.539993   18764
2024-12-24 12:56:00-05:00  250.539993  250.720001  ...  250.679993    8565
2024-12-24 12:57:00-05:00  250.699997  250.919998  ...  250.919998   13572
2024-12-24 12:58:00-05:00  250.910004  251.014999  ...  250.979996   46194
2024-12-24 12:59:00-05:00  250.949997  251.350006  ...  251.350006   43883

[1380 rows x 5 columns]
2024-12-25 15:55:35,133 - ohlcv - INFO - consolidate_data - Consolidating data...
2024-12-25 15:55:35,133 - ohlcv - INFO - consolidate_data - Combining directory: ./files/ohlcv/BOTZ/1m
2024-12-25 15:55:35,135 - ohlcv - INFO - consolidate_data - Consolidating data...
2024-12-25 15:55:35,135 - ohlcv - INFO - consolidate_data - Combining directory: ./files/ohlcv/SMH/1m
2024-12-25 15:55:35,136 - ohlcv - INFO - consolidate_data -  -> Combined file=(1380, 6)
2024-12-25 15:55:35,140 - ohlcv - INFO - consolidate_data -  -> Combined file=(1380, 6)
2024-12-25 15:55:35,144 - ohlcv - INFO - consolidate_data -  ->Exported combined CSV: ./files/ohlcv/BOTZ/1m/combined.csv =>(1380, 6)
2024-12-25 15:55:35,144 - ohlcv - INFO - driver - Success downloads!
2024-12-25 15:55:35,148 - ohlcv - INFO - consolidate_data -  ->Exported combined CSV: ./files/ohlcv/SMH/1m/combined.csv =>(1380, 6)
2024-12-25 15:55:35,148 - ohlcv - INFO - driver - Success downloads!
