2024-12-26 14:41:44,023 - ohlcv - INFO - __init__ - 
Stock: NVDA, 
Interval: 1m, 
Lookback: 5, 
Indices: ['SPY', 'BOTZ', 'SMH', 'XLK'], 
Correlated Stocks: ['INTC', 'AMD', 'AVGO'] 
Data Output Base Dir: ./files/ohlcv/NVDA/1m
2024-12-26 14:41:44,032 - ohlcv - INFO - __init__ - 
Stock: NVDA, 
Interval: 1m, 
Lookback: 5, 
Indices: ['SPY', 'BOTZ', 'SMH', 'XLK'], 
Correlated Stocks: ['INTC', 'AMD', 'AVGO'] 
Data Output Base Dir: ./files/ohlcv/SPY/1m
2024-12-26 14:41:44,032 - ohlcv - INFO - __init__ - 
Stock: NVDA, 
Interval: 1m, 
Lookback: 5, 
Indices: ['SPY', 'BOTZ', 'SMH', 'XLK'], 
Correlated Stocks: ['INTC', 'AMD', 'AVGO'] 
Data Output Base Dir: ./files/ohlcv/SPY/1m
2024-12-26 14:41:44,033 - ohlcv - INFO - __init__ - 
Stock: NVDA, 
Interval: 1m, 
Lookback: 5, 
Indices: ['SPY', 'BOTZ', 'SMH', 'XLK'], 
Correlated Stocks: ['INTC', 'AMD', 'AVGO'] 
Data Output Base Dir: ./files/ohlcv/BOTZ/1m
2024-12-26 14:41:44,033 - ohlcv - INFO - __init__ - 
Stock: NVDA, 
Interval: 1m, 
Lookback: 5, 
Indices: ['SPY', 'BOTZ', 'SMH', 'XLK'], 
Correlated Stocks: ['INTC', 'AMD', 'AVGO'] 
Data Output Base Dir: ./files/ohlcv/BOTZ/1m
2024-12-26 14:41:44,033 - ohlcv - INFO - __init__ - 
Stock: NVDA, 
Interval: 1m, 
Lookback: 5, 
Indices: ['SPY', 'BOTZ', 'SMH', 'XLK'], 
Correlated Stocks: ['INTC', 'AMD', 'AVGO'] 
Data Output Base Dir: ./files/ohlcv/BOTZ/1m
2024-12-26 14:41:44,034 - ohlcv - INFO - __init__ - 
Stock: NVDA, 
Interval: 1m, 
Lookback: 5, 
Indices: ['SPY', 'BOTZ', 'SMH', 'XLK'], 
Correlated Stocks: ['INTC', 'AMD', 'AVGO'] 
Data Output Base Dir: ./files/ohlcv/SMH/1m
2024-12-26 14:41:44,034 - ohlcv - INFO - __init__ - 
Stock: NVDA, 
Interval: 1m, 
Lookback: 5, 
Indices: ['SPY', 'BOTZ', 'SMH', 'XLK'], 
Correlated Stocks: ['INTC', 'AMD', 'AVGO'] 
Data Output Base Dir: ./files/ohlcv/SMH/1m
2024-12-26 14:41:44,034 - ohlcv - INFO - __init__ - 
Stock: NVDA, 
Interval: 1m, 
Lookback: 5, 
Indices: ['SPY', 'BOTZ', 'SMH', 'XLK'], 
Correlated Stocks: ['INTC', 'AMD', 'AVGO'] 
Data Output Base Dir: ./files/ohlcv/SMH/1m
2024-12-26 14:41:44,034 - ohlcv - INFO - __init__ - 
Stock: NVDA, 
Interval: 1m, 
Lookback: 5, 
Indices: ['SPY', 'BOTZ', 'SMH', 'XLK'], 
Correlated Stocks: ['INTC', 'AMD', 'AVGO'] 
Data Output Base Dir: ./files/ohlcv/SMH/1m
2024-12-26 14:41:44,034 - ohlcv - INFO - __init__ - 
Stock: NVDA, 
Interval: 1m, 
Lookback: 5, 
Indices: ['SPY', 'BOTZ', 'SMH', 'XLK'], 
Correlated Stocks: ['INTC', 'AMD', 'AVGO'] 
Data Output Base Dir: ./files/ohlcv/XLK/1m
2024-12-26 14:41:44,034 - ohlcv - INFO - __init__ - 
Stock: NVDA, 
Interval: 1m, 
Lookback: 5, 
Indices: ['SPY', 'BOTZ', 'SMH', 'XLK'], 
Correlated Stocks: ['INTC', 'AMD', 'AVGO'] 
Data Output Base Dir: ./files/ohlcv/XLK/1m
2024-12-26 14:41:44,034 - ohlcv - INFO - __init__ - 
Stock: NVDA, 
Interval: 1m, 
Lookback: 5, 
Indices: ['SPY', 'BOTZ', 'SMH', 'XLK'], 
Correlated Stocks: ['INTC', 'AMD', 'AVGO'] 
Data Output Base Dir: ./files/ohlcv/XLK/1m
2024-12-26 14:41:44,034 - ohlcv - INFO - __init__ - 
Stock: NVDA, 
Interval: 1m, 
Lookback: 5, 
Indices: ['SPY', 'BOTZ', 'SMH', 'XLK'], 
Correlated Stocks: ['INTC', 'AMD', 'AVGO'] 
Data Output Base Dir: ./files/ohlcv/XLK/1m
2024-12-26 14:41:44,034 - ohlcv - INFO - __init__ - 
Stock: NVDA, 
Interval: 1m, 
Lookback: 5, 
Indices: ['SPY', 'BOTZ', 'SMH', 'XLK'], 
Correlated Stocks: ['INTC', 'AMD', 'AVGO'] 
Data Output Base Dir: ./files/ohlcv/XLK/1m
2024-12-26 14:41:44,035 - ohlcv - INFO - __init__ - 
Stock: NVDA, 
Interval: 1m, 
Lookback: 5, 
Indices: ['SPY', 'BOTZ', 'SMH', 'XLK'], 
Correlated Stocks: ['INTC', 'AMD', 'AVGO'] 
Data Output Base Dir: ./files/ohlcv/INTC/1m
2024-12-26 14:41:44,035 - ohlcv - INFO - __init__ - 
Stock: NVDA, 
Interval: 1m, 
Lookback: 5, 
Indices: ['SPY', 'BOTZ', 'SMH', 'XLK'], 
Correlated Stocks: ['INTC', 'AMD', 'AVGO'] 
Data Output Base Dir: ./files/ohlcv/INTC/1m
2024-12-26 14:41:44,035 - ohlcv - INFO - __init__ - 
Stock: NVDA, 
Interval: 1m, 
Lookback: 5, 
Indices: ['SPY', 'BOTZ', 'SMH', 'XLK'], 
Correlated Stocks: ['INTC', 'AMD', 'AVGO'] 
Data Output Base Dir: ./files/ohlcv/INTC/1m
2024-12-26 14:41:44,035 - ohlcv - INFO - __init__ - 
Stock: NVDA, 
Interval: 1m, 
Lookback: 5, 
Indices: ['SPY', 'BOTZ', 'SMH', 'XLK'], 
Correlated Stocks: ['INTC', 'AMD', 'AVGO'] 
Data Output Base Dir: ./files/ohlcv/INTC/1m
2024-12-26 14:41:44,035 - ohlcv - INFO - __init__ - 
Stock: NVDA, 
Interval: 1m, 
Lookback: 5, 
Indices: ['SPY', 'BOTZ', 'SMH', 'XLK'], 
Correlated Stocks: ['INTC', 'AMD', 'AVGO'] 
Data Output Base Dir: ./files/ohlcv/INTC/1m
2024-12-26 14:41:44,035 - ohlcv - INFO - __init__ - 
Stock: NVDA, 
Interval: 1m, 
Lookback: 5, 
Indices: ['SPY', 'BOTZ', 'SMH', 'XLK'], 
Correlated Stocks: ['INTC', 'AMD', 'AVGO'] 
Data Output Base Dir: ./files/ohlcv/INTC/1m
2024-12-26 14:41:44,036 - ohlcv - INFO - __init__ - 
Stock: NVDA, 
Interval: 1m, 
Lookback: 5, 
Indices: ['SPY', 'BOTZ', 'SMH', 'XLK'], 
Correlated Stocks: ['INTC', 'AMD', 'AVGO'] 
Data Output Base Dir: ./files/ohlcv/AMD/1m
2024-12-26 14:41:44,036 - ohlcv - INFO - __init__ - 
Stock: NVDA, 
Interval: 1m, 
Lookback: 5, 
Indices: ['SPY', 'BOTZ', 'SMH', 'XLK'], 
Correlated Stocks: ['INTC', 'AMD', 'AVGO'] 
Data Output Base Dir: ./files/ohlcv/AMD/1m
2024-12-26 14:41:44,036 - ohlcv - INFO - __init__ - 
Stock: NVDA, 
Interval: 1m, 
Lookback: 5, 
Indices: ['SPY', 'BOTZ', 'SMH', 'XLK'], 
Correlated Stocks: ['INTC', 'AMD', 'AVGO'] 
Data Output Base Dir: ./files/ohlcv/AMD/1m
2024-12-26 14:41:44,036 - ohlcv - INFO - __init__ - 
Stock: NVDA, 
Interval: 1m, 
Lookback: 5, 
Indices: ['SPY', 'BOTZ', 'SMH', 'XLK'], 
Correlated Stocks: ['INTC', 'AMD', 'AVGO'] 
Data Output Base Dir: ./files/ohlcv/AMD/1m
2024-12-26 14:41:44,036 - ohlcv - INFO - __init__ - 
Stock: NVDA, 
Interval: 1m, 
Lookback: 5, 
Indices: ['SPY', 'BOTZ', 'SMH', 'XLK'], 
Correlated Stocks: ['INTC', 'AMD', 'AVGO'] 
Data Output Base Dir: ./files/ohlcv/AMD/1m
2024-12-26 14:41:44,036 - ohlcv - INFO - __init__ - 
Stock: NVDA, 
Interval: 1m, 
Lookback: 5, 
Indices: ['SPY', 'BOTZ', 'SMH', 'XLK'], 
Correlated Stocks: ['INTC', 'AMD', 'AVGO'] 
Data Output Base Dir: ./files/ohlcv/AMD/1m
2024-12-26 14:41:44,036 - ohlcv - INFO - __init__ - 
Stock: NVDA, 
Interval: 1m, 
Lookback: 5, 
Indices: ['SPY', 'BOTZ', 'SMH', 'XLK'], 
Correlated Stocks: ['INTC', 'AMD', 'AVGO'] 
Data Output Base Dir: ./files/ohlcv/AMD/1m
2024-12-26 14:41:44,036 - ohlcv - INFO - __init__ - 
Stock: NVDA, 
Interval: 1m, 
Lookback: 5, 
Indices: ['SPY', 'BOTZ', 'SMH', 'XLK'], 
Correlated Stocks: ['INTC', 'AMD', 'AVGO'] 
Data Output Base Dir: ./files/ohlcv/AVGO/1m
2024-12-26 14:41:44,036 - ohlcv - INFO - __init__ - 
Stock: NVDA, 
Interval: 1m, 
Lookback: 5, 
Indices: ['SPY', 'BOTZ', 'SMH', 'XLK'], 
Correlated Stocks: ['INTC', 'AMD', 'AVGO'] 
Data Output Base Dir: ./files/ohlcv/AVGO/1m
2024-12-26 14:41:44,036 - ohlcv - INFO - __init__ - 
Stock: NVDA, 
Interval: 1m, 
Lookback: 5, 
Indices: ['SPY', 'BOTZ', 'SMH', 'XLK'], 
Correlated Stocks: ['INTC', 'AMD', 'AVGO'] 
Data Output Base Dir: ./files/ohlcv/AVGO/1m
2024-12-26 14:41:44,036 - ohlcv - INFO - __init__ - 
Stock: NVDA, 
Interval: 1m, 
Lookback: 5, 
Indices: ['SPY', 'BOTZ', 'SMH', 'XLK'], 
Correlated Stocks: ['INTC', 'AMD', 'AVGO'] 
Data Output Base Dir: ./files/ohlcv/AVGO/1m
2024-12-26 14:41:44,036 - ohlcv - INFO - __init__ - 
Stock: NVDA, 
Interval: 1m, 
Lookback: 5, 
Indices: ['SPY', 'BOTZ', 'SMH', 'XLK'], 
Correlated Stocks: ['INTC', 'AMD', 'AVGO'] 
Data Output Base Dir: ./files/ohlcv/AVGO/1m
2024-12-26 14:41:44,036 - ohlcv - INFO - __init__ - 
Stock: NVDA, 
Interval: 1m, 
Lookback: 5, 
Indices: ['SPY', 'BOTZ', 'SMH', 'XLK'], 
Correlated Stocks: ['INTC', 'AMD', 'AVGO'] 
Data Output Base Dir: ./files/ohlcv/AVGO/1m
2024-12-26 14:41:44,036 - ohlcv - INFO - __init__ - 
Stock: NVDA, 
Interval: 1m, 
Lookback: 5, 
Indices: ['SPY', 'BOTZ', 'SMH', 'XLK'], 
Correlated Stocks: ['INTC', 'AMD', 'AVGO'] 
Data Output Base Dir: ./files/ohlcv/AVGO/1m
2024-12-26 14:41:44,036 - ohlcv - INFO - __init__ - 
Stock: NVDA, 
Interval: 1m, 
Lookback: 5, 
Indices: ['SPY', 'BOTZ', 'SMH', 'XLK'], 
Correlated Stocks: ['INTC', 'AMD', 'AVGO'] 
Data Output Base Dir: ./files/ohlcv/AVGO/1m
2024-12-26 14:41:46,469 - ohlcv - INFO - driver - Data engine starting...
2024-12-26 14:41:46,469 - ohlcv - INFO - driver - Data engine starting...
2024-12-26 14:41:46,469 - ohlcv - INFO - driver - Data engine starting...
2024-12-26 14:41:46,469 - ohlcv - INFO - driver - Data engine starting...
2024-12-26 14:41:46,469 - ohlcv - INFO - driver - Data engine starting...
2024-12-26 14:41:46,469 - ohlcv - INFO - driver - Data engine starting...
2024-12-26 14:41:46,469 - ohlcv - INFO - driver - Data engine starting...
2024-12-26 14:41:46,469 - ohlcv - INFO - download_data -  Getting data NVDA...
2024-12-26 14:41:46,469 - ohlcv - INFO - download_data -  Getting data INTC...
2024-12-26 14:41:46,469 - ohlcv - INFO - driver - Data engine starting...
2024-12-26 14:41:46,469 - ohlcv - INFO - download_data -  Getting data SPY...
2024-12-26 14:41:46,469 - ohlcv - INFO - download_data -  Getting data BOTZ...
2024-12-26 14:41:46,469 - ohlcv - INFO - download_data -  Getting data AVGO...
2024-12-26 14:41:46,469 - ohlcv - INFO - download_data -  Getting data XLK...
2024-12-26 14:41:46,469 - ohlcv - INFO - download_data -  Getting data AMD...
2024-12-26 14:41:46,469 - ohlcv - INFO - download_data -  Getting data SMH...
2024-12-26 14:41:47,373 - ohlcv - INFO - download_data -   -> BOTZ downloaded: (1380, 5), 2024-12-20 09:30:00-05:00, 2024-12-26 15:59:00-05:00
2024-12-26 14:41:47,373 - ohlcv - INFO - log_stats -  Stats: 
2024-12-26 14:41:47,373 - ohlcv - INFO - log_stats -   -> Number of rows: 1380
2024-12-26 14:41:47,373 - ohlcv - INFO - log_stats -   -> Number of columns: 5
2024-12-26 14:41:47,373 - ohlcv - INFO - log_stats -   -> Column names: Index(['Open', 'High', 'Low', 'Close', 'Volume'], dtype='object')
2024-12-26 14:41:47,373 - ohlcv - INFO - log_stats -   -> dtype:
 Open      float64
High      float64
Low       float64
Close     float64
Volume      int64
dtype: object
2024-12-26 14:41:47,376 - ohlcv - INFO - log_stats -   -> Info:
 None
2024-12-26 14:41:47,376 - ohlcv - INFO - log_stats -   -> nulls:
 Open      401
High      401
Low       401
Close     401
Volume      0
dtype: int64
2024-12-26 14:41:47,376 - ohlcv - INFO - set_data_type -  Setting data types...
2024-12-26 14:41:47,377 - ohlcv - INFO - sanity_check - 1380
2024-12-26 14:41:47,377 - ohlcv - INFO - export_data -  Exporting csv to ./files/ohlcv/BOTZ/1m/2024_12_20_0930_to_2024_12_26_1559.csv
2024-12-26 14:41:47,378 - ohlcv - INFO - download_data -   -> XLK downloaded: (1380, 5), 2024-12-20 09:30:00-05:00, 2024-12-26 15:59:00-05:00
2024-12-26 14:41:47,379 - ohlcv - INFO - log_stats -  Stats: 
2024-12-26 14:41:47,379 - ohlcv - INFO - log_stats -   -> Number of rows: 1380
2024-12-26 14:41:47,379 - ohlcv - INFO - log_stats -   -> Number of columns: 5
2024-12-26 14:41:47,379 - ohlcv - INFO - log_stats -   -> Column names: Index(['Open', 'High', 'Low', 'Close', 'Volume'], dtype='object')
2024-12-26 14:41:47,379 - ohlcv - INFO - log_stats -   -> dtype:
 Open      float64
High      float64
Low       float64
Close     float64
Volume      int64
dtype: object
2024-12-26 14:41:47,381 - ohlcv - INFO - download_data -   -> SMH downloaded: (1380, 5), 2024-12-20 09:30:00-05:00, 2024-12-26 15:59:00-05:00
2024-12-26 14:41:47,381 - ohlcv - INFO - log_stats -  Stats: 
2024-12-26 14:41:47,381 - ohlcv - INFO - log_stats -   -> Number of rows: 1380
2024-12-26 14:41:47,381 - ohlcv - INFO - log_stats -   -> Number of columns: 5
2024-12-26 14:41:47,381 - ohlcv - INFO - log_stats -   -> Column names: Index(['Open', 'High', 'Low', 'Close', 'Volume'], dtype='object')
2024-12-26 14:41:47,381 - ohlcv - INFO - log_stats -   -> dtype:
 Open      float64
High      float64
Low       float64
Close     float64
Volume      int64
dtype: object
2024-12-26 14:41:47,381 - ohlcv - INFO - log_stats -   -> Info:
 None
2024-12-26 14:41:47,382 - ohlcv - INFO - log_stats -   -> nulls:
 Open      20
High      20
Low       20
Close     20
Volume     0
dtype: int64
2024-12-26 14:41:47,382 - ohlcv - INFO - set_data_type -  Setting data types...
2024-12-26 14:41:47,382 - ohlcv - INFO - download_data -   -> INTC downloaded: (1380, 5), 2024-12-20 09:30:00-05:00, 2024-12-26 15:59:00-05:00
2024-12-26 14:41:47,382 - ohlcv - INFO - log_stats -  Stats: 
2024-12-26 14:41:47,383 - ohlcv - INFO - log_stats -   -> Number of rows: 1380
2024-12-26 14:41:47,383 - ohlcv - INFO - log_stats -   -> Number of columns: 5
2024-12-26 14:41:47,383 - ohlcv - INFO - log_stats -   -> Column names: Index(['Open', 'High', 'Low', 'Close', 'Volume'], dtype='object')
2024-12-26 14:41:47,383 - ohlcv - INFO - log_stats -   -> dtype:
 Open      float64
High      float64
Low       float64
Close     float64
Volume      int64
dtype: object
2024-12-26 14:41:47,383 - ohlcv - INFO - sanity_check - 1380
2024-12-26 14:41:47,384 - ohlcv - INFO - export_data -  Exporting csv to ./files/ohlcv/XLK/1m/2024_12_20_0930_to_2024_12_26_1559.csv
2024-12-26 14:41:47,384 - ohlcv - INFO - log_stats -   -> Info:
 None
2024-12-26 14:41:47,385 - ohlcv - INFO - log_stats -   -> nulls:
 Open      10
High      10
Low       10
Close     10
Volume     0
dtype: int64
2024-12-26 14:41:47,385 - ohlcv - INFO - set_data_type -  Setting data types...
2024-12-26 14:41:47,386 - ohlcv - INFO - sanity_check - 1380
2024-12-26 14:41:47,386 - ohlcv - INFO - export_data -  Exporting csv to ./files/ohlcv/SMH/1m/2024_12_20_0930_to_2024_12_26_1559.csv
2024-12-26 14:41:47,386 - ohlcv - INFO - log_stats -   -> Info:
 None
2024-12-26 14:41:47,387 - ohlcv - INFO - log_stats -   -> nulls:
 Open      7
High      7
Low       7
Close     7
Volume    0
dtype: int64
2024-12-26 14:41:47,387 - ohlcv - INFO - set_data_type -  Setting data types...
2024-12-26 14:41:47,388 - ohlcv - INFO - sanity_check - 1380
2024-12-26 14:41:47,377 - ohlcv - INFO - export_data -                                 Open       High        Low      Close  Volume
date                                                                         
2024-12-20 09:30:00-05:00  31.600000  31.629999  31.510099  31.580000   31418
2024-12-20 09:31:00-05:00  31.550800  31.610001  31.550800  31.610001    3780
2024-12-20 09:32:00-05:00  31.564699  31.570000  31.515600  31.515600    9177
2024-12-20 09:33:00-05:00  31.549999  31.570000  31.549999  31.570000    1464
2024-12-20 09:34:00-05:00  31.587999  31.587999  31.587999  31.587999     376
...                              ...        ...        ...        ...     ...
2024-12-26 15:55:00-05:00  32.935001  32.935001  32.935001  32.935001     490
2024-12-26 15:56:00-05:00        NaN        NaN        NaN        NaN       0
2024-12-26 15:57:00-05:00  32.930000  32.930000  32.919998  32.919998     855
2024-12-26 15:58:00-05:00        NaN        NaN        NaN        NaN       0
2024-12-26 15:59:00-05:00  32.924999  32.924999  32.910000  32.910000    5990

[1380 rows x 5 columns]
2024-12-26 14:41:47,388 - ohlcv - INFO - export_data -  Exporting csv to ./files/ohlcv/INTC/1m/2024_12_20_0930_to_2024_12_26_1559.csv
2024-12-26 14:41:47,384 - ohlcv - INFO - export_data -                                  Open        High  ...       Close  Volume
date                                               ...                    
2024-12-20 09:30:00-05:00  230.910004  230.985001  ...  230.550003  273502
2024-12-20 09:31:00-05:00  230.679993  230.759995  ...  230.679993   22695
2024-12-20 09:32:00-05:00  230.809998  230.809998  ...  230.690002   29451
2024-12-20 09:33:00-05:00  230.740005  230.740005  ...  230.490005   20939
2024-12-20 09:34:00-05:00  230.410004  230.675003  ...  230.490005   11322
...                               ...         ...  ...         ...     ...
2024-12-26 15:55:00-05:00  241.039993  241.039993  ...  240.940002   21245
2024-12-26 15:56:00-05:00  240.910004  240.949997  ...  240.860001   16492
2024-12-26 15:57:00-05:00  240.860001  240.899994  ...  240.830002   19014
2024-12-26 15:58:00-05:00  240.850006  240.910004  ...  240.785004   27458
2024-12-26 15:59:00-05:00  240.789993  240.850006  ...  240.669998   70516

[1380 rows x 5 columns]
2024-12-26 14:41:47,388 - ohlcv - INFO - export_data -                                 Open       High        Low      Close    Volume
date                                                                           
2024-12-20 09:30:00-05:00  18.959999  19.049999  18.910000  19.031200  10814439
2024-12-20 09:31:00-05:00  19.037001  19.090000  19.030001  19.084999    285105
2024-12-20 09:32:00-05:00  19.086000  19.139999  19.045000  19.080000    230151
2024-12-20 09:33:00-05:00  19.080000  19.165001  19.080000  19.139999    503881
2024-12-20 09:34:00-05:00  19.120100  19.150000  19.030001  19.030001    348929
...                              ...        ...        ...        ...       ...
2024-12-26 15:55:00-05:00  20.500000  20.500000  20.469999  20.475000    370981
2024-12-26 15:56:00-05:00  20.475000  20.480000  20.450001  20.463301    415981
2024-12-26 15:57:00-05:00  20.469999  20.475000  20.450001  20.465000    394252
2024-12-26 15:58:00-05:00  20.465000  20.490000  20.460100  20.475000    641175
2024-12-26 15:59:00-05:00  20.470100  20.480000  20.430000  20.450001   1095571

[1380 rows x 5 columns]
2024-12-26 14:41:47,386 - ohlcv - INFO - export_data -                                  Open        High  ...       Close  Volume
date                                               ...                    
2024-12-20 09:30:00-05:00  237.039993  237.589996  ...  237.130096  164468
2024-12-20 09:31:00-05:00  237.164993  237.399994  ...  237.320007   30820
2024-12-20 09:32:00-05:00  237.440002  237.440002  ...  237.039993   29162
2024-12-20 09:33:00-05:00  237.110001  237.169998  ...  236.800003   23062
2024-12-20 09:34:00-05:00  236.725006  237.281494  ...  237.054993   17324
...                               ...         ...  ...         ...     ...
2024-12-26 15:55:00-05:00  251.529999  251.529999  ...  251.410004   25004
2024-12-26 15:56:00-05:00  251.378998  251.419998  ...  251.279999   17344
2024-12-26 15:57:00-05:00  251.289993  251.300003  ...  251.220001   24621
2024-12-26 15:58:00-05:00  251.229996  251.259995  ...  251.149002   19566
2024-12-26 15:59:00-05:00  251.160004  251.179993  ...  250.910004   40620

[1380 rows x 5 columns]
2024-12-26 14:41:47,409 - ohlcv - INFO - driver - Success downloads!
2024-12-26 14:41:47,410 - ohlcv - INFO - download_data -   -> NVDA downloaded: (1380, 5), 2024-12-20 09:30:00-05:00, 2024-12-26 15:59:00-05:00
2024-12-26 14:41:47,410 - ohlcv - INFO - log_stats -  Stats: 
2024-12-26 14:41:47,411 - ohlcv - INFO - log_stats -   -> Number of rows: 1380
2024-12-26 14:41:47,411 - ohlcv - INFO - log_stats -   -> Number of columns: 5
2024-12-26 14:41:47,411 - ohlcv - INFO - log_stats -   -> Column names: Index(['Open', 'High', 'Low', 'Close', 'Volume'], dtype='object')
2024-12-26 14:41:47,412 - ohlcv - INFO - log_stats -   -> dtype:
 Open      float64
High      float64
Low       float64
Close     float64
Volume      int64
dtype: object
2024-12-26 14:41:47,414 - ohlcv - INFO - log_stats -   -> Info:
 None
2024-12-26 14:41:47,415 - ohlcv - INFO - log_stats -   -> nulls:
 Open      7
High      7
Low       7
Close     7
Volume    0
dtype: int64
2024-12-26 14:41:47,415 - ohlcv - INFO - set_data_type -  Setting data types...
2024-12-26 14:41:47,415 - ohlcv - INFO - driver - Success downloads!
2024-12-26 14:41:47,416 - ohlcv - INFO - driver - Success downloads!
2024-12-26 14:41:47,416 - ohlcv - INFO - sanity_check - 1380
2024-12-26 14:41:47,416 - ohlcv - INFO - export_data -  Exporting csv to ./files/ohlcv/NVDA/1m/2024_12_20_0930_to_2024_12_26_1559.csv
2024-12-26 14:41:47,418 - ohlcv - INFO - driver - Success downloads!
2024-12-26 14:41:47,421 - ohlcv - INFO - download_data -   -> SPY downloaded: (1380, 5), 2024-12-20 09:30:00-05:00, 2024-12-26 15:59:00-05:00
2024-12-26 14:41:47,421 - ohlcv - INFO - log_stats -  Stats: 
2024-12-26 14:41:47,421 - ohlcv - INFO - log_stats -   -> Number of rows: 1380
2024-12-26 14:41:47,421 - ohlcv - INFO - log_stats -   -> Number of columns: 5
2024-12-26 14:41:47,421 - ohlcv - INFO - log_stats -   -> Column names: Index(['Open', 'High', 'Low', 'Close', 'Volume'], dtype='object')
2024-12-26 14:41:47,422 - ohlcv - INFO - log_stats -   -> dtype:
 Open      float64
High      float64
Low       float64
Close     float64
Volume      int64
dtype: object
2024-12-26 14:41:47,424 - ohlcv - INFO - download_data -   -> AMD downloaded: (1380, 5), 2024-12-20 09:30:00-05:00, 2024-12-26 15:59:00-05:00
2024-12-26 14:41:47,424 - ohlcv - INFO - log_stats -  Stats: 
2024-12-26 14:41:47,424 - ohlcv - INFO - log_stats -   -> Number of rows: 1380
2024-12-26 14:41:47,425 - ohlcv - INFO - log_stats -   -> Number of columns: 5
2024-12-26 14:41:47,425 - ohlcv - INFO - log_stats -   -> Column names: Index(['Open', 'High', 'Low', 'Close', 'Volume'], dtype='object')
2024-12-26 14:41:47,425 - ohlcv - INFO - log_stats -   -> dtype:
 Open      float64
High      float64
Low       float64
Close     float64
Volume      int64
dtype: object
2024-12-26 14:41:47,425 - ohlcv - INFO - log_stats -   -> Info:
 None
2024-12-26 14:41:47,416 - ohlcv - INFO - export_data -                                  Open        High  ...       Close    Volume
date                                               ...                      
2024-12-20 09:30:00-05:00  129.809998  129.910004  ...  129.009995  34169382
2024-12-20 09:31:00-05:00  128.970001  129.500000  ...  129.440002    923930
2024-12-20 09:32:00-05:00  129.425903  129.500000  ...  128.960007    885586
2024-12-20 09:33:00-05:00  128.979996  129.110001  ...  128.888397    942615
2024-12-20 09:34:00-05:00  128.876297  129.369995  ...  129.270004    835354
...                               ...         ...  ...         ...       ...
2024-12-26 15:55:00-05:00  140.139999  140.160004  ...  140.080002    433504
2024-12-26 15:56:00-05:00  140.070007  140.080002  ...  139.979996    345355
2024-12-26 15:57:00-05:00  139.985001  140.020004  ...  140.000000    460510
2024-12-26 15:58:00-05:00  140.000000  140.070007  ...  139.919998    473049
2024-12-26 15:59:00-05:00  139.904999  139.979996  ...  139.889999    948690

[1380 rows x 5 columns]
2024-12-26 14:41:47,426 - ohlcv - INFO - log_stats -   -> nulls:
 Open      20
High      20
Low       20
Close     20
Volume     0
dtype: int64
2024-12-26 14:41:47,426 - ohlcv - INFO - set_data_type -  Setting data types...
2024-12-26 14:41:47,427 - ohlcv - INFO - sanity_check - 1380
2024-12-26 14:41:47,427 - ohlcv - INFO - export_data -  Exporting csv to ./files/ohlcv/SPY/1m/2024_12_20_0930_to_2024_12_26_1559.csv
2024-12-26 14:41:47,429 - ohlcv - INFO - log_stats -   -> Info:
 None
2024-12-26 14:41:47,429 - ohlcv - INFO - log_stats -   -> nulls:
 Open      5
High      5
Low       5
Close     5
Volume    0
dtype: int64
2024-12-26 14:41:47,429 - ohlcv - INFO - set_data_type -  Setting data types...
2024-12-26 14:41:47,430 - ohlcv - INFO - sanity_check - 1380
2024-12-26 14:41:47,431 - ohlcv - INFO - export_data -  Exporting csv to ./files/ohlcv/AMD/1m/2024_12_20_0930_to_2024_12_26_1559.csv
2024-12-26 14:41:47,427 - ohlcv - INFO - export_data -                                  Open        High  ...       Close   Volume
date                                               ...                     
2024-12-20 09:30:00-05:00  581.770020  581.859985  ...  581.390015  3805252
2024-12-20 09:31:00-05:00  581.359985  582.229980  ...  582.219910   360658
2024-12-20 09:32:00-05:00  582.200012  582.270020  ...  581.799988  1922279
2024-12-20 09:33:00-05:00  581.820007  582.260010  ...  582.030029   270946
2024-12-20 09:34:00-05:00  582.030029  582.599976  ...  582.320007   264323
...                               ...         ...  ...         ...      ...
2024-12-26 15:55:00-05:00  601.789978  601.830017  ...  601.669983   436475
2024-12-26 15:56:00-05:00  601.664978  601.739990  ...  601.575012   134318
2024-12-26 15:57:00-05:00  601.575012  601.619995  ...  601.530029   139180
2024-12-26 15:58:00-05:00  601.530029  601.659973  ...  601.437927   331624
2024-12-26 15:59:00-05:00  601.440002  601.570007  ...  601.229980   648191

[1380 rows x 5 columns]
2024-12-26 14:41:47,431 - ohlcv - INFO - export_data -                                  Open        High  ...       Close   Volume
date                                               ...                     
2024-12-20 09:30:00-05:00  117.980003  119.099998  ...  119.089996  4482641
2024-12-20 09:31:00-05:00  119.044998  119.230003  ...  118.449997   198295
2024-12-20 09:32:00-05:00  118.457497  119.040001  ...  118.936600   174959
2024-12-20 09:33:00-05:00  118.959999  119.199997  ...  118.970001   220502
2024-12-20 09:34:00-05:00  118.900803  119.400002  ...  119.360100   216222
...                               ...         ...  ...         ...      ...
2024-12-26 15:55:00-05:00  125.430000  125.440002  ...  125.279999   179013
2024-12-26 15:56:00-05:00  125.269997  125.318298  ...  125.235001   430162
2024-12-26 15:57:00-05:00  125.239998  125.269897  ...  125.209999   148441
2024-12-26 15:58:00-05:00  125.220001  125.279999  ...  125.230003   160713
2024-12-26 15:59:00-05:00  125.239998  125.266502  ...  125.070000   453941

[1380 rows x 5 columns]
2024-12-26 14:41:47,439 - ohlcv - INFO - download_data -   -> AVGO downloaded: (1380, 5), 2024-12-20 09:30:00-05:00, 2024-12-26 15:59:00-05:00
2024-12-26 14:41:47,439 - ohlcv - INFO - log_stats -  Stats: 
2024-12-26 14:41:47,439 - ohlcv - INFO - log_stats -   -> Number of rows: 1380
2024-12-26 14:41:47,440 - ohlcv - INFO - log_stats -   -> Number of columns: 5
2024-12-26 14:41:47,440 - ohlcv - INFO - log_stats -   -> Column names: Index(['Open', 'High', 'Low', 'Close', 'Volume'], dtype='object')
2024-12-26 14:41:47,440 - ohlcv - INFO - log_stats -   -> dtype:
 Open      float64
High      float64
Low       float64
Close     float64
Volume      int64
dtype: object
2024-12-26 14:41:47,442 - ohlcv - INFO - driver - Success downloads!
2024-12-26 14:41:47,442 - ohlcv - INFO - log_stats -   -> Info:
 None
2024-12-26 14:41:47,442 - ohlcv - INFO - log_stats -   -> nulls:
 Open      7
High      7
Low       7
Close     7
Volume    0
dtype: int64
2024-12-26 14:41:47,442 - ohlcv - INFO - set_data_type -  Setting data types...
2024-12-26 14:41:47,443 - ohlcv - INFO - sanity_check - 1380
2024-12-26 14:41:47,443 - ohlcv - INFO - export_data -  Exporting csv to ./files/ohlcv/AVGO/1m/2024_12_20_0930_to_2024_12_26_1559.csv
2024-12-26 14:41:47,450 - ohlcv - INFO - driver - Success downloads!
2024-12-26 14:41:47,443 - ohlcv - INFO - export_data -                                  Open        High  ...       Close   Volume
date                                               ...                     
2024-12-20 09:30:00-05:00  220.360001  222.389999  ...  221.770004  9396491
2024-12-20 09:31:00-05:00  221.774994  221.919998  ...  221.216400   199933
2024-12-20 09:32:00-05:00  221.095001  221.494995  ...  220.610001   204338
2024-12-20 09:33:00-05:00  220.660004  220.949997  ...  219.559998   123744
2024-12-20 09:34:00-05:00  219.819901  219.820007  ...  219.264999   136946
...                               ...         ...  ...         ...      ...
2024-12-26 15:55:00-05:00  245.240005  245.800003  ...  245.740005   129690
2024-12-26 15:56:00-05:00  245.699997  245.839996  ...  245.604996    94942
2024-12-26 15:57:00-05:00  245.615005  245.759995  ...  245.589996   124151
2024-12-26 15:58:00-05:00  245.589996  245.729996  ...  245.580002   143692
2024-12-26 15:59:00-05:00  245.589996  245.660004  ...  245.240005   361732

[1380 rows x 5 columns]
2024-12-26 14:41:47,453 - ohlcv - INFO - driver - Success downloads!
2024-12-26 14:41:47,465 - ohlcv - INFO - driver - Success downloads!
