2024-12-25 13:19:49,410 - ohlcv - INFO - 
Stock: NVDA, 
Interval: 1m, 
Lookback: 5, 
Indices: [], 
Correlated Stocks: ['INTC'] 
Data Output Base Dir: ./files/technical/NVDA
2024-12-25 13:19:49,413 - ohlcv - INFO - 
Stock: NVDA, 
Interval: 1m, 
Lookback: 5, 
Indices: [], 
Correlated Stocks: ['INTC'] 
Data Output Base Dir: ./files/technical/NVDA
2024-12-25 13:19:49,413 - ohlcv - INFO - 
Stock: NVDA, 
Interval: 1m, 
Lookback: 5, 
Indices: [], 
Correlated Stocks: ['INTC'] 
Data Output Base Dir: ./files/technical/NVDA
2024-12-25 13:19:51,954 - ohlcv - INFO - Data engine starting...
2024-12-25 13:19:51,954 - ohlcv - INFO - Data engine starting...
2024-12-25 13:19:51,954 - ohlcv - INFO -  Getting data NVDA...
2024-12-25 13:19:51,954 - ohlcv - INFO -  Getting data INTC...
2024-12-25 13:19:52,707 - ohlcv - INFO -   -> INTC downloaded: (1380, 5)
2024-12-25 13:19:52,707 - ohlcv - INFO -  Stats: 
2024-12-25 13:19:52,707 - ohlcv - INFO -   -> Number of rows: 1380
2024-12-25 13:19:52,707 - ohlcv - INFO -   -> Number of columns: 5
2024-12-25 13:19:52,707 - ohlcv - INFO -   -> Column names: Index(['Open', 'High', 'Low', 'Close', 'Volume'], dtype='object')
2024-12-25 13:19:52,707 - ohlcv - INFO -   -> dtype:
 Open      float64
High      float64
Low       float64
Close     float64
Volume      int64
dtype: object
2024-12-25 13:19:52,709 - ohlcv - INFO -   -> NVDA downloaded: (1380, 5)
2024-12-25 13:19:52,709 - ohlcv - INFO -  Stats: 
2024-12-25 13:19:52,710 - ohlcv - INFO -   -> Number of rows: 1380
2024-12-25 13:19:52,710 - ohlcv - INFO -   -> Number of columns: 5
2024-12-25 13:19:52,710 - ohlcv - INFO -   -> Column names: Index(['Open', 'High', 'Low', 'Close', 'Volume'], dtype='object')
2024-12-25 13:19:52,710 - ohlcv - INFO -   -> dtype:
 Open      float64
High      float64
Low       float64
Close     float64
Volume      int64
dtype: object
2024-12-25 13:19:52,712 - ohlcv - INFO -   -> Info:
 None
2024-12-25 13:19:52,713 - ohlcv - INFO -   -> nulls:
 Open      8
High      8
Low       8
Close     8
Volume    0
dtype: int64
2024-12-25 13:19:52,713 - ohlcv - INFO -  Setting data types...
2024-12-25 13:19:52,713 - ohlcv - INFO -   -> Info:
 None
2024-12-25 13:19:52,714 - ohlcv - INFO -   -> nulls:
 Open      8
High      8
Low       8
Close     8
Volume    0
dtype: int64
2024-12-25 13:19:52,714 - ohlcv - INFO -  Setting data types...
2024-12-25 13:19:52,714 - ohlcv - INFO - 1380
2024-12-25 13:19:52,714 - ohlcv - INFO -  Exporting csv to ./files/technical/NVDA/INTC_ohlcv_1m.csv
2024-12-25 13:19:52,715 - ohlcv - INFO - 1380
2024-12-25 13:19:52,715 - ohlcv - INFO -  Exporting csv to ./files/technical/NVDA/NVDA_ohlcv_1m.csv
2024-12-25 13:19:52,714 - ohlcv - INFO -                            Open_INTC  High_INTC  ...  Close_INTC  Volume_INTC
Date                                             ...                         
2024-12-19 09:30:00-05:00  19.525000  19.690001  ...   19.664000      3526104
2024-12-19 09:31:00-05:00  19.665001  19.665001  ...   19.559999       351014
2024-12-19 09:32:00-05:00  19.549999  19.670000  ...   19.639999       319445
2024-12-19 09:33:00-05:00  19.629999  19.665001  ...   19.655001       282907
2024-12-19 09:34:00-05:00  19.655001  19.690001  ...   19.635000       338875
...                              ...        ...  ...         ...          ...
2024-12-24 12:55:00-05:00  20.330000  20.340000  ...   20.309999       192688
2024-12-24 12:56:00-05:00  20.305000  20.309999  ...   20.299999       209833
2024-12-24 12:57:00-05:00  20.309999  20.330000  ...   20.320299       445013
2024-12-24 12:58:00-05:00  20.325001  20.350000  ...   20.344999       363987
2024-12-24 12:59:00-05:00  20.344999  20.400000  ...   20.389999      1194375

[1380 rows x 5 columns]
2024-12-25 13:19:52,735 - ohlcv - INFO - Success downloads!
2024-12-25 13:19:52,751 - ohlcv - INFO - Success downloads!
