2024-12-25 13:32:24,668 - ohlcv - INFO - __init__ - 
Stock: NVDA, 
Interval: 1m, 
Lookback: 5, 
Indices: [], 
Correlated Stocks: ['INTC'] 
Data Output Base Dir: ./files/technical/NVDA
2024-12-25 13:32:24,669 - ohlcv - INFO - __init__ - 
Stock: NVDA, 
Interval: 1m, 
Lookback: 5, 
Indices: [], 
Correlated Stocks: ['INTC'] 
Data Output Base Dir: ./files/technical/NVDA
2024-12-25 13:32:24,669 - ohlcv - INFO - __init__ - 
Stock: NVDA, 
Interval: 1m, 
Lookback: 5, 
Indices: [], 
Correlated Stocks: ['INTC'] 
Data Output Base Dir: ./files/technical/NVDA
2024-12-25 13:32:27,198 - ohlcv - INFO - driver - Data engine starting...
2024-12-25 13:32:27,198 - ohlcv - INFO - driver - Data engine starting...
2024-12-25 13:32:27,198 - ohlcv - INFO - download_data -  Getting data NVDA...
2024-12-25 13:32:27,198 - ohlcv - INFO - download_data -  Getting data INTC...
2024-12-25 13:32:27,945 - ohlcv - INFO - download_data -   -> NVDA downloaded: (1380, 5), 2024-12-19 09:30:00-05:00, 2024-12-24 12:59:00-05:00
2024-12-25 13:32:27,945 - ohlcv - INFO - log_stats -  Stats: 
2024-12-25 13:32:27,945 - ohlcv - INFO - log_stats -   -> Number of rows: 1380
2024-12-25 13:32:27,945 - ohlcv - INFO - log_stats -   -> Number of columns: 5
2024-12-25 13:32:27,945 - ohlcv - INFO - log_stats -   -> Column names: Index(['Open', 'High', 'Low', 'Close', 'Volume'], dtype='object')
2024-12-25 13:32:27,946 - ohlcv - INFO - log_stats -   -> dtype:
 Open      float64
High      float64
Low       float64
Close     float64
Volume      int64
dtype: object
2024-12-25 13:32:27,950 - ohlcv - INFO - log_stats -   -> Info:
 None
2024-12-25 13:32:27,951 - ohlcv - INFO - log_stats -   -> nulls:
 Open      8
High      8
Low       8
Close     8
Volume    0
dtype: int64
2024-12-25 13:32:27,951 - ohlcv - INFO - set_data_type -  Setting data types...
2024-12-25 13:32:27,952 - ohlcv - INFO - sanity_check - 1380
2024-12-25 13:32:27,952 - ohlcv - INFO - export_data -  Exporting csv to ./files/technical/NVDA/NVDA_ohlcv_1m.csv
2024-12-25 13:32:27,952 - ohlcv - INFO - export_data -                                  Open        High  ...       Close    Volume
Date                                               ...                      
2024-12-19 09:30:00-05:00  131.720001  131.899994  ...  131.380005  11679906
2024-12-19 09:31:00-05:00  131.399994  131.850006  ...  131.020096   1436251
2024-12-19 09:32:00-05:00  131.035004  131.479996  ...  130.392105   1410558
2024-12-19 09:33:00-05:00  130.395004  131.179993  ...  131.119995   1124221
2024-12-19 09:34:00-05:00  131.115005  131.600006  ...  131.160004   1180766
...                               ...         ...  ...         ...       ...
2024-12-24 12:55:00-05:00  140.235001  140.240005  ...  140.096207    653879
2024-12-24 12:56:00-05:00  140.089996  140.229996  ...  140.039993    413707
2024-12-24 12:57:00-05:00  140.035004  140.149994  ...  140.130005    356247
2024-12-24 12:58:00-05:00  140.119995  140.130005  ...  140.035995    995791
2024-12-24 12:59:00-05:00  140.035004  140.350006  ...  140.350006   1647672

[1380 rows x 5 columns]
2024-12-25 13:32:27,987 - ohlcv - INFO - driver - Success downloads!
2024-12-25 13:32:29,555 - ohlcv - INFO - download_data -   -> INTC downloaded: (0, 6), nan, nan
2024-12-25 13:32:29,555 - ohlcv - INFO - log_stats -  Stats: 
2024-12-25 13:32:29,556 - ohlcv - INFO - log_stats -   -> Number of rows: 0
2024-12-25 13:32:29,556 - ohlcv - INFO - log_stats -   -> Number of columns: 6
2024-12-25 13:32:29,556 - ohlcv - INFO - log_stats -   -> Column names: Index(['Open', 'High', 'Low', 'Close', 'Adj Close', 'Volume'], dtype='object')
2024-12-25 13:32:29,557 - ohlcv - INFO - log_stats -   -> dtype:
 Open         float64
High         float64
Low          float64
Close        float64
Adj Close    float64
Volume       float64
dtype: object
2024-12-25 13:32:29,564 - ohlcv - INFO - log_stats -   -> Info:
 None
2024-12-25 13:32:29,564 - ohlcv - INFO - log_stats -   -> nulls:
 Open         0
High         0
Low          0
Close        0
Adj Close    0
Volume       0
dtype: int64
2024-12-25 13:32:29,564 - ohlcv - INFO - set_data_type -  Setting data types...
2024-12-25 13:32:29,567 - ohlcv - INFO - sanity_check - 0
2024-12-25 13:32:29,570 - ohlcv - ERROR - driver - No data found.
