2024-12-27 12:24:23,320 - ohlcv - INFO - __init__ - 
Stock: NVDA, 
Interval: 1m, 
Lookback: 5, 
Indices: ['SPY', 'BOTZ', 'SMH', 'XLK'], 
Correlated Stocks: ['INTC', 'AMD', 'AVGO'] 
Data Output Base Dir: ./files/ohlcv/NVDA/1m
2024-12-27 12:24:23,321 - ohlcv - INFO - __init__ - 
Stock: NVDA, 
Interval: 1m, 
Lookback: 5, 
Indices: ['SPY', 'BOTZ', 'SMH', 'XLK'], 
Correlated Stocks: ['INTC', 'AMD', 'AVGO'] 
Data Output Base Dir: ./files/ohlcv/SPY/1m
2024-12-27 12:24:23,321 - ohlcv - INFO - __init__ - 
Stock: NVDA, 
Interval: 1m, 
Lookback: 5, 
Indices: ['SPY', 'BOTZ', 'SMH', 'XLK'], 
Correlated Stocks: ['INTC', 'AMD', 'AVGO'] 
Data Output Base Dir: ./files/ohlcv/SPY/1m
2024-12-27 12:24:23,322 - ohlcv - INFO - __init__ - 
Stock: NVDA, 
Interval: 1m, 
Lookback: 5, 
Indices: ['SPY', 'BOTZ', 'SMH', 'XLK'], 
Correlated Stocks: ['INTC', 'AMD', 'AVGO'] 
Data Output Base Dir: ./files/ohlcv/BOTZ/1m
2024-12-27 12:24:23,322 - ohlcv - INFO - __init__ - 
Stock: NVDA, 
Interval: 1m, 
Lookback: 5, 
Indices: ['SPY', 'BOTZ', 'SMH', 'XLK'], 
Correlated Stocks: ['INTC', 'AMD', 'AVGO'] 
Data Output Base Dir: ./files/ohlcv/BOTZ/1m
2024-12-27 12:24:23,322 - ohlcv - INFO - __init__ - 
Stock: NVDA, 
Interval: 1m, 
Lookback: 5, 
Indices: ['SPY', 'BOTZ', 'SMH', 'XLK'], 
Correlated Stocks: ['INTC', 'AMD', 'AVGO'] 
Data Output Base Dir: ./files/ohlcv/BOTZ/1m
2024-12-27 12:24:23,322 - ohlcv - INFO - __init__ - 
Stock: NVDA, 
Interval: 1m, 
Lookback: 5, 
Indices: ['SPY', 'BOTZ', 'SMH', 'XLK'], 
Correlated Stocks: ['INTC', 'AMD', 'AVGO'] 
Data Output Base Dir: ./files/ohlcv/SMH/1m
2024-12-27 12:24:23,322 - ohlcv - INFO - __init__ - 
Stock: NVDA, 
Interval: 1m, 
Lookback: 5, 
Indices: ['SPY', 'BOTZ', 'SMH', 'XLK'], 
Correlated Stocks: ['INTC', 'AMD', 'AVGO'] 
Data Output Base Dir: ./files/ohlcv/SMH/1m
2024-12-27 12:24:23,322 - ohlcv - INFO - __init__ - 
Stock: NVDA, 
Interval: 1m, 
Lookback: 5, 
Indices: ['SPY', 'BOTZ', 'SMH', 'XLK'], 
Correlated Stocks: ['INTC', 'AMD', 'AVGO'] 
Data Output Base Dir: ./files/ohlcv/SMH/1m
2024-12-27 12:24:23,322 - ohlcv - INFO - __init__ - 
Stock: NVDA, 
Interval: 1m, 
Lookback: 5, 
Indices: ['SPY', 'BOTZ', 'SMH', 'XLK'], 
Correlated Stocks: ['INTC', 'AMD', 'AVGO'] 
Data Output Base Dir: ./files/ohlcv/SMH/1m
2024-12-27 12:24:23,323 - ohlcv - INFO - __init__ - 
Stock: NVDA, 
Interval: 1m, 
Lookback: 5, 
Indices: ['SPY', 'BOTZ', 'SMH', 'XLK'], 
Correlated Stocks: ['INTC', 'AMD', 'AVGO'] 
Data Output Base Dir: ./files/ohlcv/XLK/1m
2024-12-27 12:24:23,323 - ohlcv - INFO - __init__ - 
Stock: NVDA, 
Interval: 1m, 
Lookback: 5, 
Indices: ['SPY', 'BOTZ', 'SMH', 'XLK'], 
Correlated Stocks: ['INTC', 'AMD', 'AVGO'] 
Data Output Base Dir: ./files/ohlcv/XLK/1m
2024-12-27 12:24:23,323 - ohlcv - INFO - __init__ - 
Stock: NVDA, 
Interval: 1m, 
Lookback: 5, 
Indices: ['SPY', 'BOTZ', 'SMH', 'XLK'], 
Correlated Stocks: ['INTC', 'AMD', 'AVGO'] 
Data Output Base Dir: ./files/ohlcv/XLK/1m
2024-12-27 12:24:23,323 - ohlcv - INFO - __init__ - 
Stock: NVDA, 
Interval: 1m, 
Lookback: 5, 
Indices: ['SPY', 'BOTZ', 'SMH', 'XLK'], 
Correlated Stocks: ['INTC', 'AMD', 'AVGO'] 
Data Output Base Dir: ./files/ohlcv/XLK/1m
2024-12-27 12:24:23,323 - ohlcv - INFO - __init__ - 
Stock: NVDA, 
Interval: 1m, 
Lookback: 5, 
Indices: ['SPY', 'BOTZ', 'SMH', 'XLK'], 
Correlated Stocks: ['INTC', 'AMD', 'AVGO'] 
Data Output Base Dir: ./files/ohlcv/XLK/1m
2024-12-27 12:24:23,323 - ohlcv - INFO - __init__ - 
Stock: NVDA, 
Interval: 1m, 
Lookback: 5, 
Indices: ['SPY', 'BOTZ', 'SMH', 'XLK'], 
Correlated Stocks: ['INTC', 'AMD', 'AVGO'] 
Data Output Base Dir: ./files/ohlcv/INTC/1m
2024-12-27 12:24:23,323 - ohlcv - INFO - __init__ - 
Stock: NVDA, 
Interval: 1m, 
Lookback: 5, 
Indices: ['SPY', 'BOTZ', 'SMH', 'XLK'], 
Correlated Stocks: ['INTC', 'AMD', 'AVGO'] 
Data Output Base Dir: ./files/ohlcv/INTC/1m
2024-12-27 12:24:23,323 - ohlcv - INFO - __init__ - 
Stock: NVDA, 
Interval: 1m, 
Lookback: 5, 
Indices: ['SPY', 'BOTZ', 'SMH', 'XLK'], 
Correlated Stocks: ['INTC', 'AMD', 'AVGO'] 
Data Output Base Dir: ./files/ohlcv/INTC/1m
2024-12-27 12:24:23,323 - ohlcv - INFO - __init__ - 
Stock: NVDA, 
Interval: 1m, 
Lookback: 5, 
Indices: ['SPY', 'BOTZ', 'SMH', 'XLK'], 
Correlated Stocks: ['INTC', 'AMD', 'AVGO'] 
Data Output Base Dir: ./files/ohlcv/INTC/1m
2024-12-27 12:24:23,323 - ohlcv - INFO - __init__ - 
Stock: NVDA, 
Interval: 1m, 
Lookback: 5, 
Indices: ['SPY', 'BOTZ', 'SMH', 'XLK'], 
Correlated Stocks: ['INTC', 'AMD', 'AVGO'] 
Data Output Base Dir: ./files/ohlcv/INTC/1m
2024-12-27 12:24:23,323 - ohlcv - INFO - __init__ - 
Stock: NVDA, 
Interval: 1m, 
Lookback: 5, 
Indices: ['SPY', 'BOTZ', 'SMH', 'XLK'], 
Correlated Stocks: ['INTC', 'AMD', 'AVGO'] 
Data Output Base Dir: ./files/ohlcv/INTC/1m
2024-12-27 12:24:23,324 - ohlcv - INFO - __init__ - 
Stock: NVDA, 
Interval: 1m, 
Lookback: 5, 
Indices: ['SPY', 'BOTZ', 'SMH', 'XLK'], 
Correlated Stocks: ['INTC', 'AMD', 'AVGO'] 
Data Output Base Dir: ./files/ohlcv/AMD/1m
2024-12-27 12:24:23,324 - ohlcv - INFO - __init__ - 
Stock: NVDA, 
Interval: 1m, 
Lookback: 5, 
Indices: ['SPY', 'BOTZ', 'SMH', 'XLK'], 
Correlated Stocks: ['INTC', 'AMD', 'AVGO'] 
Data Output Base Dir: ./files/ohlcv/AMD/1m
2024-12-27 12:24:23,324 - ohlcv - INFO - __init__ - 
Stock: NVDA, 
Interval: 1m, 
Lookback: 5, 
Indices: ['SPY', 'BOTZ', 'SMH', 'XLK'], 
Correlated Stocks: ['INTC', 'AMD', 'AVGO'] 
Data Output Base Dir: ./files/ohlcv/AMD/1m
2024-12-27 12:24:23,324 - ohlcv - INFO - __init__ - 
Stock: NVDA, 
Interval: 1m, 
Lookback: 5, 
Indices: ['SPY', 'BOTZ', 'SMH', 'XLK'], 
Correlated Stocks: ['INTC', 'AMD', 'AVGO'] 
Data Output Base Dir: ./files/ohlcv/AMD/1m
2024-12-27 12:24:23,324 - ohlcv - INFO - __init__ - 
Stock: NVDA, 
Interval: 1m, 
Lookback: 5, 
Indices: ['SPY', 'BOTZ', 'SMH', 'XLK'], 
Correlated Stocks: ['INTC', 'AMD', 'AVGO'] 
Data Output Base Dir: ./files/ohlcv/AMD/1m
2024-12-27 12:24:23,324 - ohlcv - INFO - __init__ - 
Stock: NVDA, 
Interval: 1m, 
Lookback: 5, 
Indices: ['SPY', 'BOTZ', 'SMH', 'XLK'], 
Correlated Stocks: ['INTC', 'AMD', 'AVGO'] 
Data Output Base Dir: ./files/ohlcv/AMD/1m
2024-12-27 12:24:23,324 - ohlcv - INFO - __init__ - 
Stock: NVDA, 
Interval: 1m, 
Lookback: 5, 
Indices: ['SPY', 'BOTZ', 'SMH', 'XLK'], 
Correlated Stocks: ['INTC', 'AMD', 'AVGO'] 
Data Output Base Dir: ./files/ohlcv/AMD/1m
2024-12-27 12:24:23,325 - ohlcv - INFO - __init__ - 
Stock: NVDA, 
Interval: 1m, 
Lookback: 5, 
Indices: ['SPY', 'BOTZ', 'SMH', 'XLK'], 
Correlated Stocks: ['INTC', 'AMD', 'AVGO'] 
Data Output Base Dir: ./files/ohlcv/AVGO/1m
2024-12-27 12:24:23,325 - ohlcv - INFO - __init__ - 
Stock: NVDA, 
Interval: 1m, 
Lookback: 5, 
Indices: ['SPY', 'BOTZ', 'SMH', 'XLK'], 
Correlated Stocks: ['INTC', 'AMD', 'AVGO'] 
Data Output Base Dir: ./files/ohlcv/AVGO/1m
2024-12-27 12:24:23,325 - ohlcv - INFO - __init__ - 
Stock: NVDA, 
Interval: 1m, 
Lookback: 5, 
Indices: ['SPY', 'BOTZ', 'SMH', 'XLK'], 
Correlated Stocks: ['INTC', 'AMD', 'AVGO'] 
Data Output Base Dir: ./files/ohlcv/AVGO/1m
2024-12-27 12:24:23,325 - ohlcv - INFO - __init__ - 
Stock: NVDA, 
Interval: 1m, 
Lookback: 5, 
Indices: ['SPY', 'BOTZ', 'SMH', 'XLK'], 
Correlated Stocks: ['INTC', 'AMD', 'AVGO'] 
Data Output Base Dir: ./files/ohlcv/AVGO/1m
2024-12-27 12:24:23,325 - ohlcv - INFO - __init__ - 
Stock: NVDA, 
Interval: 1m, 
Lookback: 5, 
Indices: ['SPY', 'BOTZ', 'SMH', 'XLK'], 
Correlated Stocks: ['INTC', 'AMD', 'AVGO'] 
Data Output Base Dir: ./files/ohlcv/AVGO/1m
2024-12-27 12:24:23,325 - ohlcv - INFO - __init__ - 
Stock: NVDA, 
Interval: 1m, 
Lookback: 5, 
Indices: ['SPY', 'BOTZ', 'SMH', 'XLK'], 
Correlated Stocks: ['INTC', 'AMD', 'AVGO'] 
Data Output Base Dir: ./files/ohlcv/AVGO/1m
2024-12-27 12:24:23,325 - ohlcv - INFO - __init__ - 
Stock: NVDA, 
Interval: 1m, 
Lookback: 5, 
Indices: ['SPY', 'BOTZ', 'SMH', 'XLK'], 
Correlated Stocks: ['INTC', 'AMD', 'AVGO'] 
Data Output Base Dir: ./files/ohlcv/AVGO/1m
2024-12-27 12:24:23,325 - ohlcv - INFO - __init__ - 
Stock: NVDA, 
Interval: 1m, 
Lookback: 5, 
Indices: ['SPY', 'BOTZ', 'SMH', 'XLK'], 
Correlated Stocks: ['INTC', 'AMD', 'AVGO'] 
Data Output Base Dir: ./files/ohlcv/AVGO/1m
2024-12-27 12:24:25,478 - ohlcv - INFO - driver - Data engine starting...
2024-12-27 12:24:25,478 - ohlcv - INFO - driver - Data engine starting...
2024-12-27 12:24:25,478 - ohlcv - INFO - driver - Data engine starting...
2024-12-27 12:24:25,478 - ohlcv - INFO - driver - Data engine starting...
2024-12-27 12:24:25,478 - ohlcv - INFO - driver - Data engine starting...
2024-12-27 12:24:25,478 - ohlcv - INFO - download_data -  Getting data INTC...
2024-12-27 12:24:25,478 - ohlcv - INFO - driver - Data engine starting...
2024-12-27 12:24:25,478 - ohlcv - INFO - driver - Data engine starting...
2024-12-27 12:24:25,478 - ohlcv - INFO - driver - Data engine starting...
2024-12-27 12:24:25,478 - ohlcv - INFO - download_data -  Getting data NVDA...
2024-12-27 12:24:25,478 - ohlcv - INFO - download_data -  Getting data BOTZ...
2024-12-27 12:24:25,478 - ohlcv - INFO - download_data -  Getting data XLK...
2024-12-27 12:24:25,478 - ohlcv - INFO - download_data -  Getting data SMH...
2024-12-27 12:24:25,479 - ohlcv - INFO - download_data -  Getting data SPY...
2024-12-27 12:24:25,479 - ohlcv - INFO - download_data -  Getting data AVGO...
2024-12-27 12:24:25,479 - ohlcv - INFO - download_data -  Getting data AMD...
2024-12-27 12:24:26,507 - ohlcv - INFO - download_data -   -> SPY downloaded: (1380, 5), 2024-12-20 15:25:00-05:00, 2024-12-27 15:24:00-05:00
2024-12-27 12:24:26,508 - ohlcv - INFO - log_stats -  Stats: 
2024-12-27 12:24:26,508 - ohlcv - INFO - log_stats -   -> Number of rows: 1380
2024-12-27 12:24:26,508 - ohlcv - INFO - log_stats -   -> Number of columns: 5
2024-12-27 12:24:26,508 - ohlcv - INFO - log_stats -   -> Column names: Index(['Open', 'High', 'Low', 'Close', 'Volume'], dtype='object')
2024-12-27 12:24:26,508 - ohlcv - INFO - log_stats -   -> dtype:
 Open      float64
High      float64
Low       float64
Close     float64
Volume      int64
dtype: object
2024-12-27 12:24:26,509 - ohlcv - INFO - download_data -   -> BOTZ downloaded: (1378, 5), 2024-12-20 15:26:00-05:00, 2024-12-27 15:23:00-05:00
2024-12-27 12:24:26,510 - ohlcv - INFO - log_stats -  Stats: 
2024-12-27 12:24:26,510 - ohlcv - INFO - log_stats -   -> Number of rows: 1378
2024-12-27 12:24:26,510 - ohlcv - INFO - log_stats -   -> Number of columns: 5
2024-12-27 12:24:26,510 - ohlcv - INFO - log_stats -   -> Column names: Index(['Open', 'High', 'Low', 'Close', 'Volume'], dtype='object')
2024-12-27 12:24:26,510 - ohlcv - INFO - download_data -   -> AMD downloaded: (1380, 5), 2024-12-20 15:25:00-05:00, 2024-12-27 15:24:00-05:00
2024-12-27 12:24:26,510 - ohlcv - INFO - log_stats -   -> dtype:
 Open      float64
High      float64
Low       float64
Close     float64
Volume      int64
dtype: object
2024-12-27 12:24:26,510 - ohlcv - INFO - log_stats -  Stats: 
2024-12-27 12:24:26,510 - ohlcv - INFO - log_stats -   -> Number of rows: 1380
2024-12-27 12:24:26,511 - ohlcv - INFO - log_stats -   -> Number of columns: 5
2024-12-27 12:24:26,511 - ohlcv - INFO - log_stats -   -> Column names: Index(['Open', 'High', 'Low', 'Close', 'Volume'], dtype='object')
2024-12-27 12:24:26,511 - ohlcv - INFO - log_stats -   -> Info:
 None
2024-12-27 12:24:26,511 - ohlcv - INFO - log_stats -   -> dtype:
 Open      float64
High      float64
Low       float64
Close     float64
Volume      int64
dtype: object
2024-12-27 12:24:26,511 - ohlcv - INFO - log_stats -   -> nulls:
 Open      19
High      19
Low       19
Close     19
Volume     0
dtype: int64
2024-12-27 12:24:26,511 - ohlcv - INFO - set_data_type -  Setting data types...
2024-12-27 12:24:26,512 - ohlcv - INFO - sanity_check - 1380
2024-12-27 12:24:26,512 - ohlcv - INFO - export_data -  Exporting csv to ./files/ohlcv/SPY/1m/2024_12_20_1525_to_2024_12_27_1524.csv
2024-12-27 12:24:26,513 - ohlcv - INFO - log_stats -   -> Info:
 None
2024-12-27 12:24:26,513 - ohlcv - INFO - log_stats -   -> Info:
 None
2024-12-27 12:24:26,514 - ohlcv - INFO - log_stats -   -> nulls:
 Open      393
High      393
Low       393
Close     393
Volume      0
dtype: int64
2024-12-27 12:24:26,514 - ohlcv - INFO - log_stats -   -> nulls:
 Open      4
High      4
Low       4
Close     4
Volume    0
dtype: int64
2024-12-27 12:24:26,514 - ohlcv - INFO - set_data_type -  Setting data types...
2024-12-27 12:24:26,514 - ohlcv - INFO - set_data_type -  Setting data types...
2024-12-27 12:24:26,514 - ohlcv - INFO - download_data -   -> SMH downloaded: (1380, 5), 2024-12-20 15:25:00-05:00, 2024-12-27 15:24:00-05:00
2024-12-27 12:24:26,514 - ohlcv - INFO - log_stats -  Stats: 
2024-12-27 12:24:26,514 - ohlcv - INFO - log_stats -   -> Number of rows: 1380
2024-12-27 12:24:26,514 - ohlcv - INFO - log_stats -   -> Number of columns: 5
2024-12-27 12:24:26,514 - ohlcv - INFO - download_data -   -> XLK downloaded: (1380, 5), 2024-12-20 15:25:00-05:00, 2024-12-27 15:24:00-05:00
2024-12-27 12:24:26,514 - ohlcv - INFO - log_stats -   -> Column names: Index(['Open', 'High', 'Low', 'Close', 'Volume'], dtype='object')
2024-12-27 12:24:26,514 - ohlcv - INFO - log_stats -  Stats: 
2024-12-27 12:24:26,515 - ohlcv - INFO - log_stats -   -> Number of rows: 1380
2024-12-27 12:24:26,515 - ohlcv - INFO - sanity_check - 1380
2024-12-27 12:24:26,515 - ohlcv - INFO - log_stats -   -> Number of columns: 5
2024-12-27 12:24:26,515 - ohlcv - INFO - sanity_check - 1378
2024-12-27 12:24:26,515 - ohlcv - INFO - export_data -  Exporting csv to ./files/ohlcv/AMD/1m/2024_12_20_1525_to_2024_12_27_1524.csv
2024-12-27 12:24:26,515 - ohlcv - INFO - log_stats -   -> Column names: Index(['Open', 'High', 'Low', 'Close', 'Volume'], dtype='object')
2024-12-27 12:24:26,515 - ohlcv - INFO - export_data -  Exporting csv to ./files/ohlcv/BOTZ/1m/2024_12_20_1526_to_2024_12_27_1523.csv
2024-12-27 12:24:26,515 - ohlcv - INFO - log_stats -   -> dtype:
 Open      float64
High      float64
Low       float64
Close     float64
Volume      int64
dtype: object
2024-12-27 12:24:26,515 - ohlcv - INFO - log_stats -   -> dtype:
 Open      float64
High      float64
Low       float64
Close     float64
Volume      int64
dtype: object
2024-12-27 12:24:26,517 - ohlcv - INFO - log_stats -   -> Info:
 None
2024-12-27 12:24:26,517 - ohlcv - INFO - log_stats -   -> Info:
 None
2024-12-27 12:24:26,518 - ohlcv - INFO - log_stats -   -> nulls:
 Open      18
High      18
Low       18
Close     18
Volume     0
dtype: int64
2024-12-27 12:24:26,518 - ohlcv - INFO - set_data_type -  Setting data types...
2024-12-27 12:24:26,518 - ohlcv - INFO - log_stats -   -> nulls:
 Open      8
High      8
Low       8
Close     8
Volume    0
dtype: int64
2024-12-27 12:24:26,518 - ohlcv - INFO - set_data_type -  Setting data types...
2024-12-27 12:24:26,519 - ohlcv - INFO - sanity_check - 1380
2024-12-27 12:24:26,519 - ohlcv - INFO - export_data -  Exporting csv to ./files/ohlcv/XLK/1m/2024_12_20_1525_to_2024_12_27_1524.csv
2024-12-27 12:24:26,519 - ohlcv - INFO - sanity_check - 1380
2024-12-27 12:24:26,519 - ohlcv - INFO - export_data -  Exporting csv to ./files/ohlcv/SMH/1m/2024_12_20_1525_to_2024_12_27_1524.csv
2024-12-27 12:24:26,512 - ohlcv - INFO - export_data -                                  Open        High  ...       Close  Volume
date                                               ...                    
2024-12-20 15:25:00-05:00  591.940002  592.219910  ...  592.159973       0
2024-12-20 15:26:00-05:00  591.989990  591.989990  ...  591.989990  102232
2024-12-20 15:27:00-05:00  591.979980  592.119995  ...  592.049988  106053
2024-12-20 15:28:00-05:00  592.065002  592.065002  ...  591.914978  137409
2024-12-20 15:29:00-05:00  591.914978  591.940002  ...  591.770020  147664
...                               ...         ...  ...         ...     ...
2024-12-27 15:20:00-05:00  593.590027  593.640015  ...  593.520020   46541
2024-12-27 15:21:00-05:00  593.520020  593.599976  ...  593.289978   74009
2024-12-27 15:22:00-05:00  593.280029  593.450012  ...  593.280029   56210
2024-12-27 15:23:00-05:00  593.289978  593.526001  ...  593.509888  177514
2024-12-27 15:24:00-05:00         NaN         NaN  ...         NaN       0

[1380 rows x 5 columns]
2024-12-27 12:24:26,515 - ohlcv - INFO - export_data -                                 Open       High        Low      Close  Volume
date                                                                         
2024-12-20 15:26:00-05:00  32.314999  32.314999  32.311001  32.311001       0
2024-12-20 15:27:00-05:00  32.290001  32.290001  32.290001  32.290001     278
2024-12-20 15:28:00-05:00  32.298698  32.299900  32.290001  32.299900    2722
2024-12-20 15:29:00-05:00        NaN        NaN        NaN        NaN       0
2024-12-20 15:30:00-05:00  32.290001  32.290001  32.255001  32.255001    8690
...                              ...        ...        ...        ...     ...
2024-12-27 15:19:00-05:00        NaN        NaN        NaN        NaN       0
2024-12-27 15:20:00-05:00  32.485001  32.485001  32.485001  32.485001     441
2024-12-27 15:21:00-05:00  32.470001  32.470001  32.469398  32.469898    1032
2024-12-27 15:22:00-05:00  32.465000  32.465000  32.465000  32.465000     681
2024-12-27 15:23:00-05:00  32.465000  32.465000  32.465000  32.465000     224

[1378 rows x 5 columns]
2024-12-27 12:24:26,515 - ohlcv - INFO - export_data -                                  Open        High  ...       Close  Volume
date                                               ...                    
2024-12-20 15:25:00-05:00  119.599998  119.680000  ...  119.665001       0
2024-12-20 15:26:00-05:00  119.669998  119.720001  ...  119.669998   70217
2024-12-20 15:27:00-05:00  119.669998  119.709999  ...  119.660004   56040
2024-12-20 15:28:00-05:00  119.667801  119.680000  ...  119.580002   79388
2024-12-20 15:29:00-05:00  119.580803  119.599998  ...  119.577698   53680
...                               ...         ...  ...         ...     ...
2024-12-27 15:20:00-05:00  125.309998  125.339996  ...  125.240097   79507
2024-12-27 15:21:00-05:00  125.240097  125.250000  ...  125.227501  101830
2024-12-27 15:22:00-05:00  125.209999  125.279999  ...  125.199799   39308
2024-12-27 15:23:00-05:00  125.209999  125.300003  ...  125.264999   56128
2024-12-27 15:24:00-05:00         NaN         NaN  ...         NaN       0

[1380 rows x 5 columns]
2024-12-27 12:24:26,519 - ohlcv - INFO - export_data -                                  Open        High  ...       Close  Volume
date                                               ...                    
2024-12-20 15:25:00-05:00  236.139999  236.229996  ...  236.229996       0
2024-12-20 15:26:00-05:00  236.229996  236.320007  ...  236.190002    8056
2024-12-20 15:27:00-05:00  236.179993  236.229996  ...  236.161407   10547
2024-12-20 15:28:00-05:00  236.169998  236.179993  ...  236.110001   18052
2024-12-20 15:29:00-05:00  236.100006  236.110001  ...  236.059998   11371
...                               ...         ...  ...         ...     ...
2024-12-27 15:20:00-05:00  236.880005  236.904297  ...  236.895004    3058
2024-12-27 15:21:00-05:00  236.880997  236.897705  ...  236.774994    6740
2024-12-27 15:22:00-05:00  236.800003  236.837708  ...  236.770004    4422
2024-12-27 15:23:00-05:00  236.804993  236.850006  ...  236.850006    4017
2024-12-27 15:24:00-05:00  236.920105  236.920105  ...  236.920105       0

[1380 rows x 5 columns]
2024-12-27 12:24:26,519 - ohlcv - INFO - export_data -                                  Open        High  ...       Close  Volume
date                                               ...                    
2024-12-20 15:25:00-05:00  243.550003  243.710007  ...  243.679993       0
2024-12-20 15:26:00-05:00  243.729996  243.830002  ...  243.759995    9126
2024-12-20 15:27:00-05:00  243.690002  243.735001  ...  243.699997   17335
2024-12-20 15:28:00-05:00  243.660004  243.690002  ...  243.570007   12681
2024-12-20 15:29:00-05:00  243.550003  243.589996  ...  243.565002    9250
...                               ...         ...  ...         ...     ...
2024-12-27 15:20:00-05:00  247.889999  247.964996  ...  247.940002   10821
2024-12-27 15:21:00-05:00  247.899994  247.899994  ...  247.759995   14721
2024-12-27 15:22:00-05:00  247.779999  247.789993  ...  247.729996    4958
2024-12-27 15:23:00-05:00  247.710007  247.889893  ...  247.889893    3115
2024-12-27 15:24:00-05:00  248.000000  248.000000  ...  248.000000       0

[1380 rows x 5 columns]
2024-12-27 12:24:26,533 - ohlcv - INFO - download_data -   -> AVGO downloaded: (1380, 5), 2024-12-20 15:25:00-05:00, 2024-12-27 15:24:00-05:00
2024-12-27 12:24:26,533 - ohlcv - INFO - log_stats -  Stats: 
2024-12-27 12:24:26,533 - ohlcv - INFO - log_stats -   -> Number of rows: 1380
2024-12-27 12:24:26,533 - ohlcv - INFO - log_stats -   -> Number of columns: 5
2024-12-27 12:24:26,533 - ohlcv - INFO - log_stats -   -> Column names: Index(['Open', 'High', 'Low', 'Close', 'Volume'], dtype='object')
2024-12-27 12:24:26,533 - ohlcv - INFO - log_stats -   -> dtype:
 Open      float64
High      float64
Low       float64
Close     float64
Volume      int64
dtype: object
2024-12-27 12:24:26,535 - ohlcv - INFO - log_stats -   -> Info:
 None
2024-12-27 12:24:26,536 - ohlcv - INFO - log_stats -   -> nulls:
 Open      5
High      5
Low       5
Close     5
Volume    0
dtype: int64
2024-12-27 12:24:26,536 - ohlcv - INFO - set_data_type -  Setting data types...
2024-12-27 12:24:26,536 - ohlcv - INFO - sanity_check - 1380
2024-12-27 12:24:26,537 - ohlcv - INFO - export_data -  Exporting csv to ./files/ohlcv/AVGO/1m/2024_12_20_1525_to_2024_12_27_1524.csv
2024-12-27 12:24:26,539 - ohlcv - INFO - driver - Success downloads!
2024-12-27 12:24:26,539 - ohlcv - INFO - driver - Success downloads!
2024-12-27 12:24:26,540 - ohlcv - INFO - driver - Success downloads!
2024-12-27 12:24:26,543 - ohlcv - INFO - driver - Success downloads!
2024-12-27 12:24:26,544 - ohlcv - INFO - driver - Success downloads!
2024-12-27 12:24:26,537 - ohlcv - INFO - export_data -                                  Open        High  ...       Close  Volume
date                                               ...                    
2024-12-20 15:25:00-05:00  227.210007  227.410004  ...  227.225006       0
2024-12-20 15:26:00-05:00  227.229996  227.449997  ...  227.289993   51796
2024-12-20 15:27:00-05:00  227.264999  227.410004  ...  227.309998   33450
2024-12-20 15:28:00-05:00  227.309998  227.360001  ...  226.970001  101883
2024-12-20 15:29:00-05:00  226.967499  227.169998  ...  227.130005   73825
...                               ...         ...  ...         ...     ...
2024-12-27 15:20:00-05:00  240.880005  240.970001  ...  240.899994   21795
2024-12-27 15:21:00-05:00  240.895004  240.970001  ...  240.720001   25713
2024-12-27 15:22:00-05:00  240.714996  240.889999  ...  240.679901   23152
2024-12-27 15:23:00-05:00  240.639999  240.830002  ...  240.716995   28573
2024-12-27 15:24:00-05:00         NaN         NaN  ...         NaN       0

[1380 rows x 5 columns]
2024-12-27 12:24:26,567 - ohlcv - INFO - download_data -   -> INTC downloaded: (1380, 5), 2024-12-20 15:25:00-05:00, 2024-12-27 15:24:00-05:00
2024-12-27 12:24:26,567 - ohlcv - INFO - log_stats -  Stats: 
2024-12-27 12:24:26,568 - ohlcv - INFO - log_stats -   -> Number of rows: 1380
2024-12-27 12:24:26,568 - ohlcv - INFO - log_stats -   -> Number of columns: 5
2024-12-27 12:24:26,568 - ohlcv - INFO - log_stats -   -> Column names: Index(['Open', 'High', 'Low', 'Close', 'Volume'], dtype='object')
2024-12-27 12:24:26,568 - ohlcv - INFO - log_stats -   -> dtype:
 Open      float64
High      float64
Low       float64
Close     float64
Volume      int64
dtype: object
2024-12-27 12:24:26,569 - ohlcv - INFO - driver - Success downloads!
2024-12-27 12:24:26,570 - ohlcv - INFO - log_stats -   -> Info:
 None
2024-12-27 12:24:26,570 - ohlcv - INFO - log_stats -   -> nulls:
 Open      4
High      4
Low       4
Close     4
Volume    0
dtype: int64
2024-12-27 12:24:26,570 - ohlcv - INFO - set_data_type -  Setting data types...
2024-12-27 12:24:26,571 - ohlcv - INFO - sanity_check - 1380
2024-12-27 12:24:26,571 - ohlcv - INFO - export_data -  Exporting csv to ./files/ohlcv/INTC/1m/2024_12_20_1525_to_2024_12_27_1524.csv
2024-12-27 12:24:26,571 - ohlcv - INFO - export_data -                                 Open       High        Low      Close  Volume
date                                                                         
2024-12-20 15:25:00-05:00  19.440001  19.449900  19.430000  19.440001       0
2024-12-20 15:26:00-05:00  19.450001  19.450001  19.440001  19.445000  107427
2024-12-20 15:27:00-05:00  19.445999  19.450001  19.430000  19.434999   90877
2024-12-20 15:28:00-05:00  19.434299  19.446400  19.424999  19.443899  101649
2024-12-20 15:29:00-05:00  19.450001  19.450001  19.430000  19.434999   34469
...                              ...        ...        ...        ...     ...
2024-12-27 15:20:00-05:00  20.285000  20.299999  20.280001  20.294001   96014
2024-12-27 15:21:00-05:00  20.296400  20.296400  20.260000  20.278999   66381
2024-12-27 15:22:00-05:00  20.270000  20.280001  20.260000  20.260099  104767
2024-12-27 15:23:00-05:00  20.264999  20.277800  20.260000  20.270000   62249
2024-12-27 15:24:00-05:00  20.285000  20.285000  20.285000  20.285000       0

[1380 rows x 5 columns]
2024-12-27 12:24:26,579 - ohlcv - INFO - download_data -   -> NVDA downloaded: (1380, 5), 2024-12-20 15:25:00-05:00, 2024-12-27 15:24:00-05:00
2024-12-27 12:24:26,579 - ohlcv - INFO - log_stats -  Stats: 
2024-12-27 12:24:26,579 - ohlcv - INFO - log_stats -   -> Number of rows: 1380
2024-12-27 12:24:26,579 - ohlcv - INFO - log_stats -   -> Number of columns: 5
2024-12-27 12:24:26,579 - ohlcv - INFO - log_stats -   -> Column names: Index(['Open', 'High', 'Low', 'Close', 'Volume'], dtype='object')
2024-12-27 12:24:26,580 - ohlcv - INFO - log_stats -   -> dtype:
 Open      float64
High      float64
Low       float64
Close     float64
Volume      int64
dtype: object
2024-12-27 12:24:26,582 - ohlcv - INFO - log_stats -   -> Info:
 None
2024-12-27 12:24:26,582 - ohlcv - INFO - log_stats -   -> nulls:
 Open      5
High      5
Low       5
Close     5
Volume    0
dtype: int64
2024-12-27 12:24:26,582 - ohlcv - INFO - set_data_type -  Setting data types...
2024-12-27 12:24:26,583 - ohlcv - INFO - sanity_check - 1380
2024-12-27 12:24:26,583 - ohlcv - INFO - export_data -  Exporting csv to ./files/ohlcv/NVDA/1m/2024_12_20_1525_to_2024_12_27_1524.csv
2024-12-27 12:24:26,583 - ohlcv - INFO - export_data -                                  Open        High  ...       Close   Volume
date                                               ...                     
2024-12-20 15:25:00-05:00  133.929993  134.059998  ...  134.049896        0
2024-12-20 15:26:00-05:00  134.044998  134.109894  ...  134.009995  2308048
2024-12-20 15:27:00-05:00  134.009903  134.050003  ...  133.994995   171594
2024-12-20 15:28:00-05:00  133.990494  134.000000  ...  133.929993   257335
2024-12-20 15:29:00-05:00  133.932404  133.940002  ...  133.889893   164791
...                               ...         ...  ...         ...      ...
2024-12-27 15:20:00-05:00  136.710007  136.759995  ...  136.690002   276550
2024-12-27 15:21:00-05:00  136.690002  136.699997  ...  136.639999   205643
2024-12-27 15:22:00-05:00  136.639999  136.740005  ...  136.600006   216441
2024-12-27 15:23:00-05:00  136.619995  136.740005  ...  136.720001   195951
2024-12-27 15:24:00-05:00         NaN         NaN  ...         NaN        0

[1380 rows x 5 columns]
2024-12-27 12:24:26,593 - ohlcv - INFO - driver - Success downloads!
2024-12-27 12:24:26,604 - ohlcv - INFO - driver - Success downloads!
