2024-12-25 13:31:42,189 - ohlcv - INFO - __init__ - 
Stock: NVDA, 
Interval: 1m, 
Lookback: 5, 
Indices: [], 
Correlated Stocks: ['INTC'] 
Data Output Base Dir: ./files/technical/NVDA
2024-12-25 13:31:42,190 - ohlcv - INFO - __init__ - 
Stock: NVDA, 
Interval: 1m, 
Lookback: 5, 
Indices: [], 
Correlated Stocks: ['INTC'] 
Data Output Base Dir: ./files/technical/NVDA
2024-12-25 13:31:42,190 - ohlcv - INFO - __init__ - 
Stock: NVDA, 
Interval: 1m, 
Lookback: 5, 
Indices: [], 
Correlated Stocks: ['INTC'] 
Data Output Base Dir: ./files/technical/NVDA
2024-12-25 13:31:44,427 - ohlcv - INFO - driver - Data engine starting...
2024-12-25 13:31:44,427 - ohlcv - INFO - driver - Data engine starting...
2024-12-25 13:31:44,427 - ohlcv - INFO - download_data -  Getting data INTC...
2024-12-25 13:31:44,427 - ohlcv - INFO - download_data -  Getting data NVDA...
2024-12-25 13:31:45,127 - ohlcv - ERROR - driver - Replacement index 4 out of range for positional args tuple
