2024-12-26 13:31:29,596 - merger - INFO - consolidate_data - Consolidating data... ./files/ohlcv
2024-12-26 13:31:29,596 - merger - INFO - consolidate_data - Consolidating data... ./files/ohlcv/SPY
2024-12-26 13:31:29,596 - merger - INFO - consolidate_data - Consolidating data... ./files/ohlcv/SPY/1m
2024-12-26 13:31:29,597 - merger - INFO - consolidate_data - Consolidating data... ./files/ohlcv/SPY/1m
2024-12-26 13:31:29,597 - merger - INFO - consolidate_data - Consolidating data... ./files/ohlcv/BOTZ
2024-12-26 13:31:29,597 - merger - INFO - consolidate_data - Consolidating data... ./files/ohlcv/BOTZ/1m
2024-12-26 13:31:29,598 - merger - INFO - consolidate_data - Consolidating data... ./files/ohlcv/BOTZ/1m
2024-12-26 13:31:29,598 - merger - INFO - consolidate_data - Consolidating data... ./files/ohlcv/INTC
2024-12-26 13:31:29,599 - merger - INFO - consolidate_data - Consolidating data... ./files/ohlcv/INTC/1m
2024-12-26 13:31:29,599 - merger - INFO - consolidate_data - Consolidating data... ./files/ohlcv/INTC/1m
2024-12-26 13:31:29,600 - merger - INFO - consolidate_data - Consolidating data... ./files/ohlcv/SMH
2024-12-26 13:31:29,600 - merger - INFO - consolidate_data - Consolidating data... ./files/ohlcv/SMH/1m
2024-12-26 13:31:29,600 - merger - INFO - consolidate_data - Consolidating data... ./files/ohlcv/SMH/1m
2024-12-26 13:31:29,601 - merger - INFO - consolidate_data - Consolidating data... ./files/ohlcv/AMD
2024-12-26 13:31:29,601 - merger - INFO - consolidate_data - Consolidating data... ./files/ohlcv/AMD/1m
2024-12-26 13:31:29,601 - merger - INFO - consolidate_data - Consolidating data... ./files/ohlcv/AMD/1m
2024-12-26 13:31:29,601 - merger - INFO - consolidate_data - Consolidating data... ./files/ohlcv/XLK
2024-12-26 13:31:29,603 - merger - INFO - consolidate_data - Consolidating data... ./files/ohlcv/XLK/1m
2024-12-26 13:31:29,603 - merger - INFO - consolidate_data - Consolidating data... ./files/ohlcv/XLK/1m
2024-12-26 13:31:29,604 - merger - INFO - consolidate_data - Consolidating data... ./files/ohlcv/NVDA
2024-12-26 13:31:29,605 - merger - INFO - consolidate_data - Consolidating data... ./files/ohlcv/NVDA/1m
2024-12-26 13:31:29,605 - merger - INFO - consolidate_data - Consolidating data... ./files/ohlcv/NVDA/1m
2024-12-26 13:31:29,605 - merger - INFO - consolidate_data - Consolidating data... ./files/ohlcv/AVGO
2024-12-26 13:31:29,605 - merger - INFO - consolidate_data - Consolidating data... ./files/ohlcv/AVGO/1m
2024-12-26 13:31:29,606 - merger - INFO - consolidate_data - Consolidating data... ./files/ohlcv/AVGO/1m
2024-12-26 13:31:46,818 - merger - INFO - consolidate_data - Consolidating data... ./files/economy
2024-12-26 13:31:46,818 - merger - INFO - consolidate_data - Consolidating data... ./files/economy/gdp
2024-12-26 13:31:46,819 - merger - INFO - consolidate_data - Consolidating data... ./files/economy/cpi
2024-12-26 13:31:46,819 - merger - INFO - consolidate_data - Consolidating data... ./files/economy/fear_n_greed
2024-12-26 13:31:46,819 - merger - INFO - consolidate_data - Consolidating data... ./files/economy/treasury
2024-12-26 13:31:46,820 - merger - INFO - consolidate_data - Consolidating data... ./files/economy/mortgage
2024-12-26 13:31:46,821 - merger - INFO - consolidate_data - Consolidating data... ./files/economy/unemployment
