2024-12-26 13:23:16,764 - merger - INFO - consolidate_data - Consolidating data... ./files/ohlcv
2024-12-26 13:23:16,765 - merger - INFO - consolidate_data - Consolidating data... ./files/ohlcv/SPY
2024-12-26 13:23:16,766 - merger - INFO - consolidate_data - Consolidating data... ./files/ohlcv/SPY/1m
2024-12-26 13:23:16,767 - merger - INFO - consolidate_data - Consolidating data... ./files/ohlcv/SPY/1m
2024-12-26 13:23:16,767 - merger - INFO - consolidate_data - Consolidating data... ./files/ohlcv/BOTZ
2024-12-26 13:23:16,767 - merger - INFO - consolidate_data - Consolidating data... ./files/ohlcv/BOTZ/1m
2024-12-26 13:23:16,767 - merger - INFO - consolidate_data - Consolidating data... ./files/ohlcv/BOTZ/1m
2024-12-26 13:23:16,768 - merger - INFO - consolidate_data - Consolidating data... ./files/ohlcv/INTC
2024-12-26 13:23:16,768 - merger - INFO - consolidate_data - Consolidating data... ./files/ohlcv/INTC/1m
2024-12-26 13:23:16,768 - merger - INFO - consolidate_data - Consolidating data... ./files/ohlcv/INTC/1m
2024-12-26 13:23:16,768 - merger - INFO - consolidate_data - Consolidating data... ./files/ohlcv/SMH
2024-12-26 13:23:16,769 - merger - INFO - consolidate_data - Consolidating data... ./files/ohlcv/SMH/1m
2024-12-26 13:23:16,769 - merger - INFO - consolidate_data - Consolidating data... ./files/ohlcv/SMH/1m
2024-12-26 13:23:16,769 - merger - INFO - consolidate_data - Consolidating data... ./files/ohlcv/AMD
2024-12-26 13:23:16,770 - merger - INFO - consolidate_data - Consolidating data... ./files/ohlcv/AMD/1m
2024-12-26 13:23:16,770 - merger - INFO - consolidate_data - Consolidating data... ./files/ohlcv/AMD/1m
2024-12-26 13:23:16,770 - merger - INFO - consolidate_data - Consolidating data... ./files/ohlcv/XLK
2024-12-26 13:23:16,770 - merger - INFO - consolidate_data - Consolidating data... ./files/ohlcv/XLK/1m
2024-12-26 13:23:16,770 - merger - INFO - consolidate_data - Consolidating data... ./files/ohlcv/XLK/1m
2024-12-26 13:23:16,771 - merger - INFO - consolidate_data - Consolidating data... ./files/ohlcv/NVDA
2024-12-26 13:23:16,771 - merger - INFO - consolidate_data - Consolidating data... ./files/ohlcv/NVDA/1m
2024-12-26 13:23:16,772 - merger - INFO - consolidate_data - Consolidating data... ./files/ohlcv/NVDA/1m
2024-12-26 13:23:16,772 - merger - INFO - consolidate_data - Consolidating data... ./files/ohlcv/AVGO
2024-12-26 13:23:16,773 - merger - INFO - consolidate_data - Consolidating data... ./files/ohlcv/AVGO/1m
2024-12-26 13:23:16,773 - merger - INFO - consolidate_data - Consolidating data... ./files/ohlcv/AVGO/1m
2024-12-26 13:23:52,884 - merger - INFO - consolidate_data - Consolidating data... ./files/ohlcv
2024-12-26 13:23:52,886 - merger - INFO - consolidate_data - Consolidating data... ./files/ohlcv/SPY
2024-12-26 13:23:52,887 - merger - INFO - consolidate_data - Consolidating data... ./files/ohlcv/SPY/1m
2024-12-26 13:23:52,887 - merger - INFO - consolidate_data - Consolidating data... ./files/ohlcv/SPY/1m
2024-12-26 13:23:52,887 - merger - INFO - consolidate_data - Consolidating data... ./files/ohlcv/BOTZ
2024-12-26 13:23:52,888 - merger - INFO - consolidate_data - Consolidating data... ./files/ohlcv/BOTZ/1m
2024-12-26 13:23:52,888 - merger - INFO - consolidate_data - Consolidating data... ./files/ohlcv/BOTZ/1m
2024-12-26 13:23:52,888 - merger - INFO - consolidate_data - Consolidating data... ./files/ohlcv/INTC
2024-12-26 13:23:52,888 - merger - INFO - consolidate_data - Consolidating data... ./files/ohlcv/INTC/1m
2024-12-26 13:23:52,889 - merger - INFO - consolidate_data - Consolidating data... ./files/ohlcv/INTC/1m
2024-12-26 13:23:52,892 - merger - INFO - consolidate_data - Consolidating data... ./files/ohlcv/SMH
2024-12-26 13:23:52,893 - merger - INFO - consolidate_data - Consolidating data... ./files/ohlcv/SMH/1m
2024-12-26 13:23:52,893 - merger - INFO - consolidate_data - Consolidating data... ./files/ohlcv/SMH/1m
2024-12-26 13:23:52,894 - merger - INFO - consolidate_data - Consolidating data... ./files/ohlcv/AMD
2024-12-26 13:23:52,894 - merger - INFO - consolidate_data - Consolidating data... ./files/ohlcv/AMD/1m
2024-12-26 13:23:52,894 - merger - INFO - consolidate_data - Consolidating data... ./files/ohlcv/AMD/1m
2024-12-26 13:23:52,895 - merger - INFO - consolidate_data - Consolidating data... ./files/ohlcv/XLK
2024-12-26 13:23:52,895 - merger - INFO - consolidate_data - Consolidating data... ./files/ohlcv/XLK/1m
2024-12-26 13:23:52,896 - merger - INFO - consolidate_data - Consolidating data... ./files/ohlcv/XLK/1m
2024-12-26 13:23:52,896 - merger - INFO - consolidate_data - Consolidating data... ./files/ohlcv/NVDA
2024-12-26 13:23:52,897 - merger - INFO - consolidate_data - Consolidating data... ./files/ohlcv/NVDA/1m
2024-12-26 13:23:52,897 - merger - INFO - consolidate_data - Consolidating data... ./files/ohlcv/NVDA/1m
2024-12-26 13:23:52,897 - merger - INFO - consolidate_data - Consolidating data... ./files/ohlcv/AVGO
2024-12-26 13:23:52,897 - merger - INFO - consolidate_data - Consolidating data... ./files/ohlcv/AVGO/1m
2024-12-26 13:23:52,898 - merger - INFO - consolidate_data - Consolidating data... ./files/ohlcv/AVGO/1m
