2024-12-26 14:35:27,416 - merger - INFO - consolidate_dir -  -> Combined file=(344, 2)
2024-12-26 14:35:27,416 - merger - INFO - consolidate_dir - ['date', 'gdp']
2024-12-26 14:35:27,420 - merger - INFO - consolidate_dir -  ->Exported combined CSV: ./files/economy/gdp/combined.csv =>(344, 2)
2024-12-26 14:35:27,422 - merger - INFO - consolidate_dir -  -> Combined file=(254, 3)
2024-12-26 14:35:27,422 - merger - INFO - consolidate_dir - ['date', 'score', 'rating']
2024-12-26 14:35:27,424 - merger - INFO - consolidate_dir -  ->Exported combined CSV: ./files/economy/fear_n_greed/combined.csv =>(253, 3)
2024-12-26 14:35:27,425 - merger - INFO - consolidate_dir -  -> Combined file=(935, 2)
2024-12-26 14:35:27,425 - merger - INFO - consolidate_dir - ['date', 'cpi']
2024-12-26 14:35:27,427 - merger - INFO - consolidate_dir -  ->Exported combined CSV: ./files/economy/cpi/combined.csv =>(935, 2)
2024-12-26 14:35:27,429 - merger - INFO - consolidate_dir -  -> Combined file=(2804, 2)
2024-12-26 14:35:27,429 - merger - INFO - consolidate_dir - ['date', 'mortgage']
2024-12-26 14:35:27,432 - merger - INFO - consolidate_dir -  ->Exported combined CSV: ./files/economy/mortgage/combined.csv =>(2804, 2)
2024-12-26 14:35:27,434 - merger - INFO - consolidate_dir -  -> Combined file=(923, 2)
2024-12-26 14:35:27,434 - merger - INFO - consolidate_dir - ['date', 'unemployment']
2024-12-26 14:35:27,435 - merger - INFO - consolidate_dir -  ->Exported combined CSV: ./files/economy/unemployment/combined.csv =>(923, 2)
2024-12-26 14:35:27,441 - merger - INFO - consolidate_dir -  -> Combined file=(12671, 2)
2024-12-26 14:35:27,441 - merger - INFO - consolidate_dir - ['date', 'treasury']
2024-12-26 14:35:27,447 - merger - INFO - consolidate_dir -  ->Exported combined CSV: ./files/economy/treasury/combined.csv =>(12671, 2)
2024-12-26 14:35:27,448 - merger - INFO - consolidate_dir -  -> Combined file=(294, 2)
2024-12-26 14:35:27,448 - merger - INFO - consolidate_dir - ['date', 'shares']
2024-12-26 14:35:27,449 - merger - INFO - consolidate_dir -  ->Exported combined CSV: ./files/fundamentals/NVDA/share_count/combined.csv =>(244, 2)
2024-12-26 14:35:27,461 - merger - INFO - consolidate_dir -  -> Combined file=(8437, 18)
2024-12-26 14:35:27,461 - merger - INFO - consolidate_dir - ['Unnamed: 0', 'contractSymbol', 'lastTradeDate', 'strike', 'lastPrice', 'bid', 'ask', 'change', 'percentChange', 'volume', 'openInterest', 'impliedVolatility', 'inTheMoney', 'contractSize', 'currency', 'expirationDate', 'date', 'type']
2024-12-26 14:35:27,465 - merger - INFO - consolidate_dir -  ->Exported combined CSV: ./files/fundamentals/NVDA/options/combined.csv =>(20, 18)
2024-12-26 14:35:27,466 - merger - INFO - consolidate_dir -  -> Combined file=(64, 20)
2024-12-26 14:35:27,466 - merger - INFO - consolidate_dir - ['Unnamed: 0', 'revenue', 'cost_of_goods_sold', 'gross_profit', 'r_and_d_expenses', 'sga_expenses', 'operating-expenses', 'operating-income', 'non_operating_income', 'pre-tax-income', 'income_taxes', 'income-after-taxes', 'operating_income', 'net-income', 'ebitda', 'ebit', 'basic-shares-outstanding', 'shares-outstanding', 'eps_basic', 'eps_diluted']
