2024-12-26 14:38:39,896 - merger - INFO - consolidate_dir -  -> Combined file=(935, 2)
2024-12-26 14:38:39,896 - merger - INFO - consolidate_dir - ['date', 'cpi']
2024-12-26 14:38:39,903 - merger - INFO - consolidate_dir -  ->Exported combined CSV: ./files/economy/cpi/combined.csv =>(935, 2)
2024-12-26 14:38:39,905 - merger - INFO - consolidate_dir -  -> Combined file=(923, 2)
2024-12-26 14:38:39,905 - merger - INFO - consolidate_dir - ['date', 'unemployment']
2024-12-26 14:38:39,906 - merger - INFO - consolidate_dir -  ->Exported combined CSV: ./files/economy/unemployment/combined.csv =>(923, 2)
2024-12-26 14:38:39,908 - merger - INFO - consolidate_dir -  -> Combined file=(254, 3)
2024-12-26 14:38:39,908 - merger - INFO - consolidate_dir - ['date', 'score', 'rating']
2024-12-26 14:38:39,909 - merger - INFO - consolidate_dir -  ->Exported combined CSV: ./files/economy/fear_n_greed/combined.csv =>(253, 3)
2024-12-26 14:38:39,911 - merger - INFO - consolidate_dir -  -> Combined file=(344, 2)
2024-12-26 14:38:39,911 - merger - INFO - consolidate_dir - ['date', 'gdp']
2024-12-26 14:38:39,912 - merger - INFO - consolidate_dir -  ->Exported combined CSV: ./files/economy/gdp/combined.csv =>(344, 2)
2024-12-26 14:38:39,920 - merger - INFO - consolidate_dir -  -> Combined file=(12671, 2)
2024-12-26 14:38:39,920 - merger - INFO - consolidate_dir - ['date', 'treasury']
2024-12-26 14:38:39,928 - merger - INFO - consolidate_dir -  ->Exported combined CSV: ./files/economy/treasury/combined.csv =>(12671, 2)
2024-12-26 14:38:39,930 - merger - INFO - consolidate_dir -  -> Combined file=(2804, 2)
2024-12-26 14:38:39,930 - merger - INFO - consolidate_dir - ['date', 'mortgage']
2024-12-26 14:38:39,937 - merger - INFO - consolidate_dir -  ->Exported combined CSV: ./files/economy/mortgage/combined.csv =>(2804, 2)
2024-12-26 14:38:39,941 - merger - INFO - consolidate_dir -  -> Combined file=(5, 56)
2024-12-26 14:38:39,941 - merger - INFO - consolidate_dir - ['Unnamed: 0', 'Free Cash Flow', 'Repurchase Of Capital Stock', 'Repayment Of Debt', 'Issuance Of Debt', 'Capital Expenditure', 'Interest Paid Supplemental Data', 'Income Tax Paid Supplemental Data', 'End Cash Position', 'Beginning Cash Position', 'Changes In Cash', 'Financing Cash Flow', 'Cash Flow From Continuing Financing Activities', 'Net Other Financing Charges', 'Proceeds From Stock Option Exercised', 'Cash Dividends Paid', 'Common Stock Dividend Paid', 'Net Common Stock Issuance', 'Common Stock Payments', 'Net Issuance Payments Of Debt', 'Net Long Term Debt Issuance', 'Long Term Debt Payments', 'Long Term Debt Issuance', 'Investing Cash Flow', 'Cash Flow From Continuing Investing Activities', 'Net Investment Purchase And Sale', 'Sale Of Investment', 'Purchase Of Investment', 'Net Business Purchase And Sale', 'Purchase Of Business', 'Net PPE Purchase And Sale', 'Sale Of PPE', 'Purchase Of PPE', 'Capital Expenditure Reported', 'Operating Cash Flow', 'Cash Flow From Continuing Operating Activities', 'Change In Working Capital', 'Change In Other Working Capital', 'Change In Other Current Liabilities', 'Change In Payables And Accrued Expense', 'Change In Accrued Expense', 'Change In Payable', 'Change In Account Payable', 'Change In Prepaid Assets', 'Change In Inventory', 'Change In Receivables', 'Changes In Account Receivables', 'Other Non Cash Items', 'Stock Based Compensation', 'Deferred Tax', 'Deferred Income Tax', 'Depreciation Amortization Depletion', 'Depreciation And Amortization', 'Operating Gains Losses', 'Gain Loss On Investment Securities', 'Net Income From Continuing Operations']
