2024-12-27 12:50:19,933 - merger - INFO - driver - dir to combine csv files in {dirs}
2024-12-27 12:50:19,933 - merger - INFO - consolidate_dir - ./files/economy/gdp/1949_01_01_to_2034_10_01.csv
2024-12-27 12:50:19,942 - merger - INFO - consolidate_dir -  -> Combined file=(344, 2)
2024-12-27 12:50:19,942 - merger - INFO - consolidate_dir - ['date', 'gdp']
2024-12-27 12:50:19,947 - merger - INFO - consolidate_dir -  ->Exported combined CSV: ./files/economy/gdp/combined.csv =>(344, 2)
2024-12-27 12:50:19,948 - merger - INFO - consolidate_dir - ./files/economy/fear_n_greed/2023-12-27_to_2024-12-27.csv
2024-12-27 12:50:19,949 - merger - INFO - consolidate_dir - ./files/economy/fear_n_greed/2023-12-27_to_2024-12-26.csv
2024-12-27 12:50:19,950 - merger - INFO - consolidate_dir - ./files/economy/fear_n_greed/2023-12-26_to_2024-12-24.csv
2024-12-27 12:50:19,952 - merger - INFO - consolidate_dir -  -> Combined file=(763, 3)
2024-12-27 12:50:19,952 - merger - INFO - consolidate_dir - ['date', 'score', 'rating']
2024-12-27 12:50:19,954 - merger - INFO - consolidate_dir -  ->Exported combined CSV: ./files/economy/fear_n_greed/combined.csv =>(256, 3)
2024-12-27 12:50:19,955 - merger - INFO - consolidate_dir - ./files/economy/cpi/1947_01_01_to_2024_11_01.csv
2024-12-27 12:50:19,956 - merger - INFO - consolidate_dir -  -> Combined file=(935, 2)
2024-12-27 12:50:19,956 - merger - INFO - consolidate_dir - ['date', 'cpi']
2024-12-27 12:50:19,958 - merger - INFO - consolidate_dir -  ->Exported combined CSV: ./files/economy/cpi/combined.csv =>(935, 2)
2024-12-27 12:50:19,958 - merger - INFO - consolidate_dir - ./files/economy/unemployment/1948_01_01_to_2024_11_01.csv
2024-12-27 12:50:19,959 - merger - INFO - consolidate_dir -  -> Combined file=(923, 2)
2024-12-27 12:50:19,960 - merger - INFO - consolidate_dir - ['date', 'unemployment']
2024-12-27 12:50:19,961 - merger - INFO - consolidate_dir -  ->Exported combined CSV: ./files/economy/unemployment/combined.csv =>(923, 2)
2024-12-27 12:50:19,961 - merger - INFO - consolidate_dir - ./files/economy/treasury/1976_06_01_to_2024_12_24.csv
2024-12-27 12:50:19,966 - merger - INFO - consolidate_dir - ./files/economy/treasury/1976_06_01_to_2024_12_26.csv
2024-12-27 12:50:19,971 - merger - INFO - consolidate_dir -  -> Combined file=(25344, 2)
2024-12-27 12:50:19,971 - merger - INFO - consolidate_dir - ['date', 'treasury']
2024-12-27 12:50:19,980 - merger - INFO - consolidate_dir -  ->Exported combined CSV: ./files/economy/treasury/combined.csv =>(12673, 2)
2024-12-27 12:50:19,981 - merger - INFO - consolidate_dir - ./files/economy/mortgage/1971_04_02_to_2024_12_26.csv
2024-12-27 12:50:19,983 - merger - INFO - consolidate_dir - ./files/economy/mortgage/1971_04_02_to_2024_12_19.csv
2024-12-27 12:50:19,984 - merger - INFO - consolidate_dir -  -> Combined file=(5609, 2)
2024-12-27 12:50:19,985 - merger - INFO - consolidate_dir - ['date', 'mortgage']
2024-12-27 12:50:19,988 - merger - INFO - consolidate_dir -  ->Exported combined CSV: ./files/economy/mortgage/combined.csv =>(2805, 2)
2024-12-27 12:50:19,989 - merger - INFO - consolidate_dir - ./files/fundamentals/NVDA/splits/2000_06_27_to_2024_06_10.csv
2024-12-27 12:50:19,990 - merger - INFO - consolidate_dir -  -> Combined file=(6, 2)
2024-12-27 12:50:19,990 - merger - INFO - consolidate_dir - ['date', 'Stock Splits']
2024-12-27 12:50:19,991 - merger - INFO - consolidate_dir -  ->Exported combined CSV: ./files/fundamentals/NVDA/splits/combined.csv =>(6, 2)
2024-12-27 12:50:19,991 - merger - INFO - consolidate_dir - ./files/fundamentals/NVDA/balance_sheet/2020_01_31_to_2024_01_31.csv
2024-12-27 12:50:19,992 - merger - INFO - consolidate_dir -  -> Combined file=(5, 85)
2024-12-27 12:50:19,992 - merger - INFO - consolidate_dir - ['date', 'Treasury Shares Number', 'Ordinary Shares Number', 'Share Issued', 'Net Debt', 'Total Debt', 'Tangible Book Value', 'Invested Capital', 'Working Capital', 'Net Tangible Assets', 'Capital Lease Obligations', 'Common Stock Equity', 'Total Capitalization', 'Total Equity Gross Minority Interest', 'Stockholders Equity', 'Gains Losses Not Affecting Retained Earnings', 'Other Equity Adjustments', 'Treasury Stock', 'Retained Earnings', 'Additional Paid In Capital', 'Capital Stock', 'Common Stock', 'Preferred Stock', 'Total Liabilities Net Minority Interest', 'Total Non Current Liabilities Net Minority Interest', 'Other Non Current Liabilities', 'Employee Benefits', 'Tradeand Other Payables Non Current', 'Non Current Deferred Liabilities', 'Non Current Deferred Revenue', 'Non Current Deferred Taxes Liabilities', 'Long Term Debt And Capital Lease Obligation', 'Long Term Capital Lease Obligation', 'Long Term Debt', 'Current Liabilities', 'Other Current Liabilities', 'Current Deferred Liabilities', 'Current Deferred Revenue', 'Current Debt And Capital Lease Obligation', 'Current Capital Lease Obligation', 'Current Debt', 'Other Current Borrowings', 'Current Provisions', 'Payables And Accrued Expenses', 'Current Accrued Expenses', 'Interest Payable', 'Payables', 'Other Payable', 'Total Tax Payable', 'Accounts Payable', 'Total Assets', 'Total Non Current Assets', 'Other Non Current Assets', 'Non Current Prepaid Assets', 'Non Current Deferred Assets', 'Non Current Deferred Taxes Assets', 'Investments And Advances', 'Other Investments', 'Goodwill And Other Intangible Assets', 'Other Intangible Assets', 'Goodwill', 'Net PPE', 'Accumulated Depreciation', 'Gross PPE', 'Leases', 'Construction In Progress', 'Other Properties', 'Machinery Furniture Equipment', 'Buildings And Improvements', 'Land And Improvements', 'Properties', 'Current Assets', 'Other Current Assets', 'Prepaid Assets', 'Inventory', 'Finished Goods', 'Work In Process', 'Raw Materials', 'Receivables', 'Accounts Receivable', 'Allowance For Doubtful Accounts Receivable', 'Gross Accounts Receivable', 'Cash Cash Equivalents And Short Term Investments', 'Other Short Term Investments', 'Cash And Cash Equivalents']
2024-12-27 12:50:19,993 - merger - INFO - consolidate_dir -  ->Exported combined CSV: ./files/fundamentals/NVDA/balance_sheet/combined.csv =>(5, 85)
2024-12-27 12:50:19,994 - merger - INFO - consolidate_dir - ./files/fundamentals/NVDA/dividends/2012_11_20_to_2024_12_05.csv
2024-12-27 12:50:19,995 - merger - INFO - consolidate_dir -  -> Combined file=(49, 2)
2024-12-27 12:50:19,995 - merger - INFO - consolidate_dir - ['date', 'Dividends']
2024-12-27 12:50:19,997 - merger - INFO - consolidate_dir -  ->Exported combined CSV: ./files/fundamentals/NVDA/dividends/combined.csv =>(49, 2)
2024-12-27 12:50:19,997 - merger - INFO - consolidate_dir - ./files/fundamentals/NVDA/institutional_holders/2024_12_26.csv
2024-12-27 12:50:19,998 - merger - INFO - consolidate_dir -  -> Combined file=(10, 7)
2024-12-27 12:50:19,998 - merger - INFO - consolidate_dir - ['Unnamed: 0', 'Holder', 'Shares', 'Date Reported', '% Out', 'Value', 'date']
2024-12-27 12:50:19,999 - merger - INFO - consolidate_dir -  ->Exported combined CSV: ./files/fundamentals/NVDA/institutional_holders/combined.csv =>(1, 7)
2024-12-27 12:50:19,999 - merger - INFO - consolidate_dir - ./files/fundamentals/NVDA/cashflow/2020_01_31_to_2024_01_31.csv
2024-12-27 12:50:20,002 - merger - INFO - consolidate_dir -  -> Combined file=(5, 56)
2024-12-27 12:50:20,002 - merger - INFO - consolidate_dir - ['date', 'Free Cash Flow', 'Repurchase Of Capital Stock', 'Repayment Of Debt', 'Issuance Of Debt', 'Capital Expenditure', 'Interest Paid Supplemental Data', 'Income Tax Paid Supplemental Data', 'End Cash Position', 'Beginning Cash Position', 'Changes In Cash', 'Financing Cash Flow', 'Cash Flow From Continuing Financing Activities', 'Net Other Financing Charges', 'Proceeds From Stock Option Exercised', 'Cash Dividends Paid', 'Common Stock Dividend Paid', 'Net Common Stock Issuance', 'Common Stock Payments', 'Net Issuance Payments Of Debt', 'Net Long Term Debt Issuance', 'Long Term Debt Payments', 'Long Term Debt Issuance', 'Investing Cash Flow', 'Cash Flow From Continuing Investing Activities', 'Net Investment Purchase And Sale', 'Sale Of Investment', 'Purchase Of Investment', 'Net Business Purchase And Sale', 'Purchase Of Business', 'Net PPE Purchase And Sale', 'Sale Of PPE', 'Purchase Of PPE', 'Capital Expenditure Reported', 'Operating Cash Flow', 'Cash Flow From Continuing Operating Activities', 'Change In Working Capital', 'Change In Other Working Capital', 'Change In Other Current Liabilities', 'Change In Payables And Accrued Expense', 'Change In Accrued Expense', 'Change In Payable', 'Change In Account Payable', 'Change In Prepaid Assets', 'Change In Inventory', 'Change In Receivables', 'Changes In Account Receivables', 'Other Non Cash Items', 'Stock Based Compensation', 'Deferred Tax', 'Deferred Income Tax', 'Depreciation Amortization Depletion', 'Depreciation And Amortization', 'Operating Gains Losses', 'Gain Loss On Investment Securities', 'Net Income From Continuing Operations']
2024-12-27 12:50:20,007 - merger - INFO - consolidate_dir -  ->Exported combined CSV: ./files/fundamentals/NVDA/cashflow/combined.csv =>(5, 56)
2024-12-27 12:50:20,007 - merger - INFO - consolidate_dir - ./files/fundamentals/NVDA/mutualfund_holders/2024_12_26.csv
2024-12-27 12:50:20,008 - merger - INFO - consolidate_dir -  -> Combined file=(10, 7)
2024-12-27 12:50:20,008 - merger - INFO - consolidate_dir - ['Unnamed: 0', 'Holder', 'Shares', 'Date Reported', '% Out', 'Value', 'date']
2024-12-27 12:50:20,009 - merger - INFO - consolidate_dir -  ->Exported combined CSV: ./files/fundamentals/NVDA/mutualfund_holders/combined.csv =>(1, 7)
2024-12-27 12:50:20,010 - merger - INFO - consolidate_dir - ./files/fundamentals/NVDA/quarterly_income_stmt/2023_04_30_to_2024_10_31.csv
2024-12-27 12:50:20,011 - merger - INFO - consolidate_dir -  -> Combined file=(7, 44)
2024-12-27 12:50:20,011 - merger - INFO - consolidate_dir - ['date', 'Tax Effect Of Unusual Items', 'Tax Rate For Calcs', 'Normalized EBITDA', 'Total Unusual Items', 'Total Unusual Items Excluding Goodwill', 'Net Income From Continuing Operation Net Minority Interest', 'Reconciled Depreciation', 'Reconciled Cost Of Revenue', 'EBITDA', 'EBIT', 'Net Interest Income', 'Interest Expense', 'Interest Income', 'Normalized Income', 'Net Income From Continuing And Discontinued Operation', 'Total Expenses', 'Total Operating Income As Reported', 'Diluted Average Shares', 'Basic Average Shares', 'Diluted EPS', 'Basic EPS', 'Diluted NI Availto Com Stockholders', 'Net Income Common Stockholders', 'Net Income', 'Net Income Including Noncontrolling Interests', 'Net Income Continuous Operations', 'Tax Provision', 'Pretax Income', 'Other Income Expense', 'Other Non Operating Income Expenses', 'Special Income Charges', 'Restructuring And Mergern Acquisition', 'Net Non Operating Interest Income Expense', 'Interest Expense Non Operating', 'Interest Income Non Operating', 'Operating Income', 'Operating Expense', 'Research And Development', 'Selling General And Administration', 'Gross Profit', 'Cost Of Revenue', 'Total Revenue', 'Operating Revenue']
2024-12-27 12:50:20,012 - merger - INFO - consolidate_dir -  ->Exported combined CSV: ./files/fundamentals/NVDA/quarterly_income_stmt/combined.csv =>(7, 44)
2024-12-27 12:50:20,012 - merger - INFO - consolidate_dir - ./files/fundamentals/NVDA/financial/2009-01-31_to_2024-10-31.csv
2024-12-27 12:50:20,014 - merger - INFO - consolidate_dir -  -> Combined file=(64, 20)
2024-12-27 12:50:20,014 - merger - INFO - consolidate_dir - ['date', 'revenue', 'cost_of_goods_sold', 'gross_profit', 'r_and_d_expenses', 'sga_expenses', 'operating-expenses', 'operating-income', 'non_operating_income', 'pre-tax-income', 'income_taxes', 'income-after-taxes', 'operating_income', 'net-income', 'ebitda', 'ebit', 'basic-shares-outstanding', 'shares-outstanding', 'eps_basic', 'eps_diluted']
2024-12-27 12:50:20,015 - merger - INFO - consolidate_dir -  ->Exported combined CSV: ./files/fundamentals/NVDA/financial/combined.csv =>(64, 20)
2024-12-27 12:50:20,016 - merger - INFO - consolidate_dir - ./files/fundamentals/NVDA/options/2024-12-27_to_2027-01-15.csv
2024-12-27 12:50:20,029 - merger - INFO - consolidate_dir -  -> Combined file=(8437, 18)
2024-12-27 12:50:20,029 - merger - INFO - consolidate_dir - ['Unnamed: 0', 'contractSymbol', 'lastTradeDate', 'strike', 'lastPrice', 'bid', 'ask', 'change', 'percentChange', 'volume', 'openInterest', 'impliedVolatility', 'inTheMoney', 'contractSize', 'currency', 'expirationDate', 'date', 'type']
2024-12-27 12:50:20,034 - merger - INFO - consolidate_dir -  ->Exported combined CSV: ./files/fundamentals/NVDA/options/combined.csv =>(20, 18)
2024-12-27 12:50:20,035 - merger - INFO - consolidate_dir - ./files/fundamentals/NVDA/share_count/2015_11_18_to_2024_12_14.csv
2024-12-27 12:50:20,037 - merger - INFO - consolidate_dir -  -> Combined file=(294, 2)
2024-12-27 12:50:20,037 - merger - INFO - consolidate_dir - ['date', 'shares']
2024-12-27 12:50:20,053 - merger - INFO - consolidate_dir -  ->Exported combined CSV: ./files/fundamentals/NVDA/share_count/combined.csv =>(244, 2)
2024-12-27 12:50:20,053 - merger - INFO - consolidate_dir - ./files/fundamentals/NVDA/major_holders/2024_12_26.csv
2024-12-27 12:50:20,055 - merger - INFO - consolidate_dir -  -> Combined file=(4, 4)
2024-12-27 12:50:20,055 - merger - INFO - consolidate_dir - ['Unnamed: 0', 'Share%', 'Name', 'date']
2024-12-27 12:50:20,056 - merger - INFO - consolidate_dir -  ->Exported combined CSV: ./files/fundamentals/NVDA/major_holders/combined.csv =>(1, 4)
2024-12-27 12:50:20,056 - merger - INFO - consolidate_dir - ./files/ohlcv/AMD/1m/2024_12_20_1525_to_2024_12_27_1524.csv
2024-12-27 12:50:20,059 - merger - INFO - consolidate_dir - ./files/ohlcv/AMD/1m/2024_12_20_0930_to_2024_12_26_1559.csv
2024-12-27 12:50:20,070 - merger - INFO - consolidate_dir - ./files/ohlcv/AMD/1m/2024_12_19_0930_to_2024_12_24_1259.csv
2024-12-27 12:50:20,083 - merger - INFO - consolidate_dir -  -> Combined file=(4140, 6)
2024-12-27 12:50:20,083 - merger - INFO - consolidate_dir - ['date', 'Open', 'High', 'Low', 'Close', 'Volume']
2024-12-27 12:50:20,093 - merger - INFO - consolidate_dir -  ->Exported combined CSV: ./files/ohlcv/AMD/1m/combined.csv =>(2125, 6)
2024-12-27 12:50:20,094 - merger - INFO - consolidate_dir - ./files/ohlcv/XLK/1m/2024_12_20_1525_to_2024_12_27_1524.csv
2024-12-27 12:50:20,098 - merger - INFO - consolidate_dir - ./files/ohlcv/XLK/1m/2024_12_20_0930_to_2024_12_26_1559.csv
2024-12-27 12:50:20,100 - merger - INFO - consolidate_dir - ./files/ohlcv/XLK/1m/2024_12_19_0930_to_2024_12_24_1259.csv
2024-12-27 12:50:20,105 - merger - INFO - consolidate_dir -  -> Combined file=(4140, 6)
2024-12-27 12:50:20,105 - merger - INFO - consolidate_dir - ['date', 'Open', 'High', 'Low', 'Close', 'Volume']
2024-12-27 12:50:20,174 - merger - INFO - consolidate_dir -  ->Exported combined CSV: ./files/ohlcv/XLK/1m/combined.csv =>(2125, 6)
2024-12-27 12:50:20,174 - merger - INFO - consolidate_dir - ./files/ohlcv/INTC/1m/2024_12_20_1525_to_2024_12_27_1524.csv
2024-12-27 12:50:20,188 - merger - INFO - consolidate_dir - ./files/ohlcv/INTC/1m/2024_12_20_0930_to_2024_12_26_1559.csv
2024-12-27 12:50:20,204 - merger - INFO - consolidate_dir - ./files/ohlcv/INTC/1m/2024_12_19_0930_to_2024_12_24_1259.csv
2024-12-27 12:50:20,220 - merger - INFO - consolidate_dir -  -> Combined file=(4140, 6)
2024-12-27 12:50:20,220 - merger - INFO - consolidate_dir - ['date', 'Open', 'High', 'Low', 'Close', 'Volume']
2024-12-27 12:50:20,233 - merger - INFO - consolidate_dir -  ->Exported combined CSV: ./files/ohlcv/INTC/1m/combined.csv =>(2125, 6)
2024-12-27 12:50:20,233 - merger - INFO - consolidate_dir - ./files/ohlcv/SPY/1m/2024_12_20_1525_to_2024_12_27_1524.csv
2024-12-27 12:50:20,238 - merger - INFO - consolidate_dir - ./files/ohlcv/SPY/1m/2024_12_20_0930_to_2024_12_26_1559.csv
2024-12-27 12:50:20,245 - merger - INFO - consolidate_dir - ./files/ohlcv/SPY/1m/2024_12_19_0930_to_2024_12_24_1259.csv
2024-12-27 12:50:20,250 - merger - INFO - consolidate_dir -  -> Combined file=(4140, 6)
2024-12-27 12:50:20,251 - merger - INFO - consolidate_dir - ['date', 'Open', 'High', 'Low', 'Close', 'Volume']
2024-12-27 12:50:20,267 - merger - INFO - consolidate_dir -  ->Exported combined CSV: ./files/ohlcv/SPY/1m/combined.csv =>(2125, 6)
2024-12-27 12:50:20,268 - merger - INFO - consolidate_dir - ./files/ohlcv/BOTZ/1m/2024_12_20_1526_to_2024_12_27_1523.csv
2024-12-27 12:50:20,283 - merger - INFO - consolidate_dir - ./files/ohlcv/BOTZ/1m/2024_12_20_0930_to_2024_12_26_1559.csv
2024-12-27 12:50:20,286 - merger - INFO - consolidate_dir - ./files/ohlcv/BOTZ/1m/2024_12_19_0930_to_2024_12_24_1259.csv
2024-12-27 12:50:20,290 - merger - INFO - consolidate_dir -  -> Combined file=(4138, 6)
2024-12-27 12:50:20,290 - merger - INFO - consolidate_dir - ['date', 'Open', 'High', 'Low', 'Close', 'Volume']
2024-12-27 12:50:20,300 - merger - INFO - consolidate_dir -  ->Exported combined CSV: ./files/ohlcv/BOTZ/1m/combined.csv =>(2124, 6)
2024-12-27 12:50:20,300 - merger - INFO - consolidate_dir - ./files/ohlcv/AVGO/1m/2024_12_20_1525_to_2024_12_27_1524.csv
2024-12-27 12:50:20,303 - merger - INFO - consolidate_dir - ./files/ohlcv/AVGO/1m/2024_12_20_0930_to_2024_12_26_1559.csv
2024-12-27 12:50:20,308 - merger - INFO - consolidate_dir - ./files/ohlcv/AVGO/1m/2024_12_19_0930_to_2024_12_24_1259.csv
2024-12-27 12:50:20,311 - merger - INFO - consolidate_dir -  -> Combined file=(4140, 6)
2024-12-27 12:50:20,311 - merger - INFO - consolidate_dir - ['date', 'Open', 'High', 'Low', 'Close', 'Volume']
2024-12-27 12:50:20,321 - merger - INFO - consolidate_dir -  ->Exported combined CSV: ./files/ohlcv/AVGO/1m/combined.csv =>(2125, 6)
2024-12-27 12:50:20,322 - merger - INFO - consolidate_dir - ./files/ohlcv/SMH/1m/2024_12_20_1525_to_2024_12_27_1524.csv
2024-12-27 12:50:20,324 - merger - INFO - consolidate_dir - ./files/ohlcv/SMH/1m/2024_12_20_0930_to_2024_12_26_1559.csv
2024-12-27 12:50:20,329 - merger - INFO - consolidate_dir - ./files/ohlcv/SMH/1m/2024_12_19_0930_to_2024_12_24_1259.csv
2024-12-27 12:50:20,331 - merger - INFO - consolidate_dir -  -> Combined file=(4140, 6)
2024-12-27 12:50:20,331 - merger - INFO - consolidate_dir - ['date', 'Open', 'High', 'Low', 'Close', 'Volume']
2024-12-27 12:50:20,342 - merger - INFO - consolidate_dir -  ->Exported combined CSV: ./files/ohlcv/SMH/1m/combined.csv =>(2125, 6)
2024-12-27 12:50:20,343 - merger - INFO - consolidate_dir - ./files/ohlcv/NVDA/1m/2024_12_20_1525_to_2024_12_27_1524.csv
2024-12-27 12:50:20,345 - merger - INFO - consolidate_dir - ./files/ohlcv/NVDA/1m/2024_12_20_0930_to_2024_12_26_1559.csv
2024-12-27 12:50:20,348 - merger - INFO - consolidate_dir - ./files/ohlcv/NVDA/1m/2024_12_19_0930_to_2024_12_24_1259.csv
2024-12-27 12:50:20,350 - merger - INFO - consolidate_dir -  -> Combined file=(4140, 6)
2024-12-27 12:50:20,350 - merger - INFO - consolidate_dir - ['date', 'Open', 'High', 'Low', 'Close', 'Volume']
2024-12-27 12:50:20,359 - merger - INFO - consolidate_dir -  ->Exported combined CSV: ./files/ohlcv/NVDA/1m/combined.csv =>(2125, 6)
2024-12-27 12:50:20,360 - merger - INFO - get_data_files -    Loaded 8 ohlcv files=> ['./files/ohlcv/NVDA/1m/combined.csv', './files/ohlcv/INTC/1m/combined.csv', './files/ohlcv/AMD/1m/combined.csv', './files/ohlcv/AVGO/1m/combined.csv', './files/ohlcv/SPY/1m/combined.csv', './files/ohlcv/BOTZ/1m/combined.csv', './files/ohlcv/SMH/1m/combined.csv', './files/ohlcv/XLK/1m/combined.csv']
2024-12-27 12:50:20,361 - merger - INFO - get_data_files -    Loaded 6 economy files=> ['./files/economy/gdp/combined.csv', './files/economy/cpi/combined.csv', './files/economy/fear_n_greed/combined.csv', './files/economy/treasury/combined.csv', './files/economy/mortgage/combined.csv', './files/economy/unemployment/combined.csv']
2024-12-27 12:50:20,362 - merger - INFO - get_data_files -    Loaded 11 fundamental files=> ['./files/fundamentals/NVDA/options/combined.csv', './files/fundamentals/NVDA/major_holders/combined.csv', './files/fundamentals/NVDA/mutualfund_holders/combined.csv', './files/fundamentals/NVDA/institutional_holders/combined.csv', './files/fundamentals/NVDA/financial/combined.csv', './files/fundamentals/NVDA/cashflow/combined.csv', './files/fundamentals/NVDA/quarterly_income_stmt/combined.csv', './files/fundamentals/NVDA/balance_sheet/combined.csv', './files/fundamentals/NVDA/dividends/combined.csv', './files/fundamentals/NVDA/share_count/combined.csv', './files/fundamentals/NVDA/splits/combined.csv']
2024-12-27 12:50:20,365 - merger - INFO - read_data - ./files/ohlcv/NVDA/1m/combined.csv, (2125, 6)
2024-12-27 12:50:20,385 - merger - INFO - merger - merged df shape=(2125, 6)
2024-12-27 12:50:20,388 - merger - INFO - read_data - ./files/ohlcv/INTC/1m/combined.csv, (2125, 6)
2024-12-27 12:50:20,405 - merger - INFO - merger - merged df shape=(2125, 11)
2024-12-27 12:50:20,409 - merger - INFO - read_data - ./files/ohlcv/AMD/1m/combined.csv, (2125, 6)
2024-12-27 12:50:20,424 - merger - INFO - merger - merged df shape=(2125, 16)
2024-12-27 12:50:20,427 - merger - INFO - read_data - ./files/ohlcv/AVGO/1m/combined.csv, (2125, 6)
2024-12-27 12:50:20,442 - merger - INFO - merger - merged df shape=(2125, 21)
2024-12-27 12:50:20,445 - merger - INFO - read_data - ./files/ohlcv/SPY/1m/combined.csv, (2125, 6)
2024-12-27 12:50:20,461 - merger - INFO - merger - merged df shape=(2125, 26)
2024-12-27 12:50:20,463 - merger - INFO - read_data - ./files/ohlcv/BOTZ/1m/combined.csv, (2124, 6)
2024-12-27 12:50:20,479 - merger - INFO - merger - merged df shape=(2125, 31)
2024-12-27 12:50:20,482 - merger - INFO - read_data - ./files/ohlcv/SMH/1m/combined.csv, (2125, 6)
2024-12-27 12:50:20,499 - merger - INFO - merger - merged df shape=(2125, 36)
2024-12-27 12:50:20,502 - merger - INFO - read_data - ./files/ohlcv/XLK/1m/combined.csv, (2125, 6)
2024-12-27 12:50:20,519 - merger - INFO - merger - merged df shape=(2125, 41)
2024-12-27 12:50:20,521 - merger - INFO - read_data - ./files/economy/gdp/combined.csv, (344, 2)
2024-12-27 12:50:20,524 - merger - INFO - merger - merged df shape=(2125, 42)
2024-12-27 12:50:20,526 - merger - INFO - read_data - ./files/economy/cpi/combined.csv, (935, 2)
2024-12-27 12:50:20,532 - merger - INFO - merger - merged df shape=(2125, 43)
2024-12-27 12:50:20,533 - merger - INFO - read_data - ./files/economy/fear_n_greed/combined.csv, (256, 3)
2024-12-27 12:50:20,536 - merger - INFO - merger - merged df shape=(2125, 45)
2024-12-27 12:50:20,540 - merger - INFO - read_data - ./files/economy/treasury/combined.csv, (12673, 2)
2024-12-27 12:50:20,598 - merger - INFO - merger - merged df shape=(2125, 46)
2024-12-27 12:50:20,600 - merger - INFO - read_data - ./files/economy/mortgage/combined.csv, (2805, 2)
2024-12-27 12:50:20,614 - merger - INFO - merger - merged df shape=(2125, 47)
2024-12-27 12:50:20,616 - merger - INFO - read_data - ./files/economy/unemployment/combined.csv, (923, 2)
2024-12-27 12:50:20,622 - merger - INFO - merger - merged df shape=(2125, 48)
2024-12-27 12:50:20,623 - merger - INFO - read_data - ./files/fundamentals/NVDA/options/combined.csv, (20, 17)
2024-12-27 12:50:20,625 - merger - INFO - merger - merged df shape=(2125, 64)
2024-12-27 12:50:20,626 - merger - INFO - read_data - ./files/fundamentals/NVDA/major_holders/combined.csv, (1, 3)
2024-12-27 12:50:20,629 - merger - INFO - merger - merged df shape=(2125, 66)
2024-12-27 12:50:20,630 - merger - INFO - read_data - ./files/fundamentals/NVDA/mutualfund_holders/combined.csv, (1, 6)
2024-12-27 12:50:20,632 - merger - INFO - merger - merged df shape=(2125, 71)
2024-12-27 12:50:20,633 - merger - INFO - read_data - ./files/fundamentals/NVDA/institutional_holders/combined.csv, (1, 6)
2024-12-27 12:50:20,635 - merger - INFO - merger - merged df shape=(2125, 76)
2024-12-27 12:50:20,637 - merger - INFO - read_data - ./files/fundamentals/NVDA/financial/combined.csv, (64, 20)
2024-12-27 12:50:20,639 - merger - INFO - merger - merged df shape=(2125, 95)
2024-12-27 12:50:20,641 - merger - INFO - read_data - ./files/fundamentals/NVDA/cashflow/combined.csv, (5, 56)
2024-12-27 12:50:20,643 - merger - INFO - merger - merged df shape=(2125, 150)
2024-12-27 12:50:20,644 - merger - INFO - read_data - ./files/fundamentals/NVDA/quarterly_income_stmt/combined.csv, (7, 44)
2024-12-27 12:50:20,647 - merger - INFO - merger - merged df shape=(2125, 193)
2024-12-27 12:50:20,648 - merger - INFO - read_data - ./files/fundamentals/NVDA/balance_sheet/combined.csv, (5, 85)
2024-12-27 12:50:20,651 - merger - INFO - merger - merged df shape=(2125, 277)
2024-12-27 12:50:20,652 - merger - INFO - read_data - ./files/fundamentals/NVDA/dividends/combined.csv, (49, 2)
2024-12-27 12:50:20,656 - merger - INFO - merger - merged df shape=(2125, 278)
2024-12-27 12:50:20,657 - merger - INFO - read_data - ./files/fundamentals/NVDA/share_count/combined.csv, (244, 2)
2024-12-27 12:50:20,662 - merger - INFO - merger - merged df shape=(2125, 279)
2024-12-27 12:50:20,663 - merger - INFO - read_data - ./files/fundamentals/NVDA/splits/combined.csv, (6, 2)
2024-12-27 12:50:20,666 - merger - INFO - merger - merged df shape=(2125, 280)
2024-12-27 12:50:20,675 - merger - INFO - export_to_csv - Exporting merged file to ./files/training/merger/NVDA
2024-12-27 12:50:46,134 - merger - INFO - driver - dir to combine csv files in {dirs}
2024-12-27 12:50:46,134 - merger - INFO - consolidate_dir - ./files/economy/cpi/1947_01_01_to_2024_11_01.csv
2024-12-27 12:50:46,137 - merger - INFO - consolidate_dir -  -> Combined file=(935, 2)
2024-12-27 12:50:46,137 - merger - INFO - consolidate_dir - ['date', 'cpi']
2024-12-27 12:50:46,140 - merger - INFO - consolidate_dir -  ->Exported combined CSV: ./files/economy/cpi/combined.csv =>(935, 2)
2024-12-27 12:50:46,140 - merger - INFO - consolidate_dir - ./files/economy/treasury/1976_06_01_to_2024_12_24.csv
2024-12-27 12:50:46,145 - merger - INFO - consolidate_dir - ./files/economy/treasury/1976_06_01_to_2024_12_26.csv
2024-12-27 12:50:46,150 - merger - INFO - consolidate_dir -  -> Combined file=(25344, 2)
2024-12-27 12:50:46,150 - merger - INFO - consolidate_dir - ['date', 'treasury']
2024-12-27 12:50:46,159 - merger - INFO - consolidate_dir -  ->Exported combined CSV: ./files/economy/treasury/combined.csv =>(12673, 2)
2024-12-27 12:50:46,160 - merger - INFO - consolidate_dir - ./files/economy/unemployment/1948_01_01_to_2024_11_01.csv
2024-12-27 12:50:46,163 - merger - INFO - consolidate_dir -  -> Combined file=(923, 2)
2024-12-27 12:50:46,163 - merger - INFO - consolidate_dir - ['date', 'unemployment']
2024-12-27 12:50:46,165 - merger - INFO - consolidate_dir -  ->Exported combined CSV: ./files/economy/unemployment/combined.csv =>(923, 2)
2024-12-27 12:50:46,165 - merger - INFO - consolidate_dir - ./files/economy/fear_n_greed/2023-12-27_to_2024-12-27.csv
2024-12-27 12:50:46,166 - merger - INFO - consolidate_dir - ./files/economy/fear_n_greed/2023-12-27_to_2024-12-26.csv
2024-12-27 12:50:46,168 - merger - INFO - consolidate_dir - ./files/economy/fear_n_greed/2023-12-26_to_2024-12-24.csv
2024-12-27 12:50:46,171 - merger - INFO - consolidate_dir -  -> Combined file=(763, 3)
2024-12-27 12:50:46,171 - merger - INFO - consolidate_dir - ['date', 'score', 'rating']
2024-12-27 12:50:46,173 - merger - INFO - consolidate_dir -  ->Exported combined CSV: ./files/economy/fear_n_greed/combined.csv =>(256, 3)
2024-12-27 12:50:46,173 - merger - INFO - consolidate_dir - ./files/economy/gdp/1949_01_01_to_2034_10_01.csv
2024-12-27 12:50:46,174 - merger - INFO - consolidate_dir -  -> Combined file=(344, 2)
2024-12-27 12:50:46,174 - merger - INFO - consolidate_dir - ['date', 'gdp']
2024-12-27 12:50:46,176 - merger - INFO - consolidate_dir -  ->Exported combined CSV: ./files/economy/gdp/combined.csv =>(344, 2)
2024-12-27 12:50:46,176 - merger - INFO - consolidate_dir - ./files/economy/mortgage/1971_04_02_to_2024_12_26.csv
2024-12-27 12:50:46,178 - merger - INFO - consolidate_dir - ./files/economy/mortgage/1971_04_02_to_2024_12_19.csv
2024-12-27 12:50:46,180 - merger - INFO - consolidate_dir -  -> Combined file=(5609, 2)
2024-12-27 12:50:46,180 - merger - INFO - consolidate_dir - ['date', 'mortgage']
2024-12-27 12:50:46,183 - merger - INFO - consolidate_dir -  ->Exported combined CSV: ./files/economy/mortgage/combined.csv =>(2805, 2)
2024-12-27 12:50:46,184 - merger - INFO - consolidate_dir - ./files/fundamentals/NVDA/mutualfund_holders/2024_12_26.csv
2024-12-27 12:50:46,185 - merger - INFO - consolidate_dir -  -> Combined file=(10, 7)
2024-12-27 12:50:46,186 - merger - INFO - consolidate_dir - ['Unnamed: 0', 'Holder', 'Shares', 'Date Reported', '% Out', 'Value', 'date']
2024-12-27 12:50:46,187 - merger - INFO - consolidate_dir -  ->Exported combined CSV: ./files/fundamentals/NVDA/mutualfund_holders/combined.csv =>(1, 7)
2024-12-27 12:50:46,187 - merger - INFO - consolidate_dir - ./files/fundamentals/NVDA/financial/2009-01-31_to_2024-10-31.csv
2024-12-27 12:50:46,189 - merger - INFO - consolidate_dir -  -> Combined file=(64, 20)
2024-12-27 12:50:46,189 - merger - INFO - consolidate_dir - ['date', 'revenue', 'cost_of_goods_sold', 'gross_profit', 'r_and_d_expenses', 'sga_expenses', 'operating-expenses', 'operating-income', 'non_operating_income', 'pre-tax-income', 'income_taxes', 'income-after-taxes', 'operating_income', 'net-income', 'ebitda', 'ebit', 'basic-shares-outstanding', 'shares-outstanding', 'eps_basic', 'eps_diluted']
2024-12-27 12:50:46,190 - merger - INFO - consolidate_dir -  ->Exported combined CSV: ./files/fundamentals/NVDA/financial/combined.csv =>(64, 20)
2024-12-27 12:50:46,190 - merger - INFO - consolidate_dir - ./files/fundamentals/NVDA/splits/2000_06_27_to_2024_06_10.csv
2024-12-27 12:50:46,192 - merger - INFO - consolidate_dir -  -> Combined file=(6, 2)
2024-12-27 12:50:46,192 - merger - INFO - consolidate_dir - ['date', 'Stock Splits']
2024-12-27 12:50:46,193 - merger - INFO - consolidate_dir -  ->Exported combined CSV: ./files/fundamentals/NVDA/splits/combined.csv =>(6, 2)
2024-12-27 12:50:46,194 - merger - INFO - consolidate_dir - ./files/fundamentals/NVDA/institutional_holders/2024_12_26.csv
2024-12-27 12:50:46,195 - merger - INFO - consolidate_dir -  -> Combined file=(10, 7)
2024-12-27 12:50:46,195 - merger - INFO - consolidate_dir - ['Unnamed: 0', 'Holder', 'Shares', 'Date Reported', '% Out', 'Value', 'date']
2024-12-27 12:50:46,196 - merger - INFO - consolidate_dir -  ->Exported combined CSV: ./files/fundamentals/NVDA/institutional_holders/combined.csv =>(1, 7)
2024-12-27 12:50:46,196 - merger - INFO - consolidate_dir - ./files/fundamentals/NVDA/dividends/2012_11_20_to_2024_12_05.csv
2024-12-27 12:50:46,197 - merger - INFO - consolidate_dir -  -> Combined file=(49, 2)
2024-12-27 12:50:46,197 - merger - INFO - consolidate_dir - ['date', 'Dividends']
2024-12-27 12:50:46,198 - merger - INFO - consolidate_dir -  ->Exported combined CSV: ./files/fundamentals/NVDA/dividends/combined.csv =>(49, 2)
2024-12-27 12:50:46,198 - merger - INFO - consolidate_dir - ./files/fundamentals/NVDA/major_holders/2024_12_26.csv
2024-12-27 12:50:46,200 - merger - INFO - consolidate_dir -  -> Combined file=(4, 4)
2024-12-27 12:50:46,200 - merger - INFO - consolidate_dir - ['Unnamed: 0', 'Share%', 'Name', 'date']
2024-12-27 12:50:46,202 - merger - INFO - consolidate_dir -  ->Exported combined CSV: ./files/fundamentals/NVDA/major_holders/combined.csv =>(1, 4)
2024-12-27 12:50:46,202 - merger - INFO - consolidate_dir - ./files/fundamentals/NVDA/options/2024-12-27_to_2027-01-15.csv
2024-12-27 12:50:46,215 - merger - INFO - consolidate_dir -  -> Combined file=(8437, 18)
2024-12-27 12:50:46,215 - merger - INFO - consolidate_dir - ['Unnamed: 0', 'contractSymbol', 'lastTradeDate', 'strike', 'lastPrice', 'bid', 'ask', 'change', 'percentChange', 'volume', 'openInterest', 'impliedVolatility', 'inTheMoney', 'contractSize', 'currency', 'expirationDate', 'date', 'type']
2024-12-27 12:50:46,217 - merger - INFO - consolidate_dir -  ->Exported combined CSV: ./files/fundamentals/NVDA/options/combined.csv =>(20, 18)
2024-12-27 12:50:46,218 - merger - INFO - consolidate_dir - ./files/fundamentals/NVDA/share_count/2015_11_18_to_2024_12_14.csv
2024-12-27 12:50:46,222 - merger - INFO - consolidate_dir -  -> Combined file=(294, 2)
2024-12-27 12:50:46,222 - merger - INFO - consolidate_dir - ['date', 'shares']
2024-12-27 12:50:46,225 - merger - INFO - consolidate_dir -  ->Exported combined CSV: ./files/fundamentals/NVDA/share_count/combined.csv =>(244, 2)
2024-12-27 12:50:46,225 - merger - INFO - consolidate_dir - ./files/fundamentals/NVDA/quarterly_income_stmt/2023_04_30_to_2024_10_31.csv
2024-12-27 12:50:46,227 - merger - INFO - consolidate_dir -  -> Combined file=(7, 44)
2024-12-27 12:50:46,227 - merger - INFO - consolidate_dir - ['date', 'Tax Effect Of Unusual Items', 'Tax Rate For Calcs', 'Normalized EBITDA', 'Total Unusual Items', 'Total Unusual Items Excluding Goodwill', 'Net Income From Continuing Operation Net Minority Interest', 'Reconciled Depreciation', 'Reconciled Cost Of Revenue', 'EBITDA', 'EBIT', 'Net Interest Income', 'Interest Expense', 'Interest Income', 'Normalized Income', 'Net Income From Continuing And Discontinued Operation', 'Total Expenses', 'Total Operating Income As Reported', 'Diluted Average Shares', 'Basic Average Shares', 'Diluted EPS', 'Basic EPS', 'Diluted NI Availto Com Stockholders', 'Net Income Common Stockholders', 'Net Income', 'Net Income Including Noncontrolling Interests', 'Net Income Continuous Operations', 'Tax Provision', 'Pretax Income', 'Other Income Expense', 'Other Non Operating Income Expenses', 'Special Income Charges', 'Restructuring And Mergern Acquisition', 'Net Non Operating Interest Income Expense', 'Interest Expense Non Operating', 'Interest Income Non Operating', 'Operating Income', 'Operating Expense', 'Research And Development', 'Selling General And Administration', 'Gross Profit', 'Cost Of Revenue', 'Total Revenue', 'Operating Revenue']
2024-12-27 12:50:46,229 - merger - INFO - consolidate_dir -  ->Exported combined CSV: ./files/fundamentals/NVDA/quarterly_income_stmt/combined.csv =>(7, 44)
2024-12-27 12:50:46,229 - merger - INFO - consolidate_dir - ./files/fundamentals/NVDA/cashflow/2020_01_31_to_2024_01_31.csv
2024-12-27 12:50:46,231 - merger - INFO - consolidate_dir -  -> Combined file=(5, 56)
2024-12-27 12:50:46,231 - merger - INFO - consolidate_dir - ['date', 'Free Cash Flow', 'Repurchase Of Capital Stock', 'Repayment Of Debt', 'Issuance Of Debt', 'Capital Expenditure', 'Interest Paid Supplemental Data', 'Income Tax Paid Supplemental Data', 'End Cash Position', 'Beginning Cash Position', 'Changes In Cash', 'Financing Cash Flow', 'Cash Flow From Continuing Financing Activities', 'Net Other Financing Charges', 'Proceeds From Stock Option Exercised', 'Cash Dividends Paid', 'Common Stock Dividend Paid', 'Net Common Stock Issuance', 'Common Stock Payments', 'Net Issuance Payments Of Debt', 'Net Long Term Debt Issuance', 'Long Term Debt Payments', 'Long Term Debt Issuance', 'Investing Cash Flow', 'Cash Flow From Continuing Investing Activities', 'Net Investment Purchase And Sale', 'Sale Of Investment', 'Purchase Of Investment', 'Net Business Purchase And Sale', 'Purchase Of Business', 'Net PPE Purchase And Sale', 'Sale Of PPE', 'Purchase Of PPE', 'Capital Expenditure Reported', 'Operating Cash Flow', 'Cash Flow From Continuing Operating Activities', 'Change In Working Capital', 'Change In Other Working Capital', 'Change In Other Current Liabilities', 'Change In Payables And Accrued Expense', 'Change In Accrued Expense', 'Change In Payable', 'Change In Account Payable', 'Change In Prepaid Assets', 'Change In Inventory', 'Change In Receivables', 'Changes In Account Receivables', 'Other Non Cash Items', 'Stock Based Compensation', 'Deferred Tax', 'Deferred Income Tax', 'Depreciation Amortization Depletion', 'Depreciation And Amortization', 'Operating Gains Losses', 'Gain Loss On Investment Securities', 'Net Income From Continuing Operations']
2024-12-27 12:50:46,233 - merger - INFO - consolidate_dir -  ->Exported combined CSV: ./files/fundamentals/NVDA/cashflow/combined.csv =>(5, 56)
2024-12-27 12:50:46,233 - merger - INFO - consolidate_dir - ./files/fundamentals/NVDA/balance_sheet/2020_01_31_to_2024_01_31.csv
2024-12-27 12:50:46,235 - merger - INFO - consolidate_dir -  -> Combined file=(5, 85)
2024-12-27 12:50:46,235 - merger - INFO - consolidate_dir - ['date', 'Treasury Shares Number', 'Ordinary Shares Number', 'Share Issued', 'Net Debt', 'Total Debt', 'Tangible Book Value', 'Invested Capital', 'Working Capital', 'Net Tangible Assets', 'Capital Lease Obligations', 'Common Stock Equity', 'Total Capitalization', 'Total Equity Gross Minority Interest', 'Stockholders Equity', 'Gains Losses Not Affecting Retained Earnings', 'Other Equity Adjustments', 'Treasury Stock', 'Retained Earnings', 'Additional Paid In Capital', 'Capital Stock', 'Common Stock', 'Preferred Stock', 'Total Liabilities Net Minority Interest', 'Total Non Current Liabilities Net Minority Interest', 'Other Non Current Liabilities', 'Employee Benefits', 'Tradeand Other Payables Non Current', 'Non Current Deferred Liabilities', 'Non Current Deferred Revenue', 'Non Current Deferred Taxes Liabilities', 'Long Term Debt And Capital Lease Obligation', 'Long Term Capital Lease Obligation', 'Long Term Debt', 'Current Liabilities', 'Other Current Liabilities', 'Current Deferred Liabilities', 'Current Deferred Revenue', 'Current Debt And Capital Lease Obligation', 'Current Capital Lease Obligation', 'Current Debt', 'Other Current Borrowings', 'Current Provisions', 'Payables And Accrued Expenses', 'Current Accrued Expenses', 'Interest Payable', 'Payables', 'Other Payable', 'Total Tax Payable', 'Accounts Payable', 'Total Assets', 'Total Non Current Assets', 'Other Non Current Assets', 'Non Current Prepaid Assets', 'Non Current Deferred Assets', 'Non Current Deferred Taxes Assets', 'Investments And Advances', 'Other Investments', 'Goodwill And Other Intangible Assets', 'Other Intangible Assets', 'Goodwill', 'Net PPE', 'Accumulated Depreciation', 'Gross PPE', 'Leases', 'Construction In Progress', 'Other Properties', 'Machinery Furniture Equipment', 'Buildings And Improvements', 'Land And Improvements', 'Properties', 'Current Assets', 'Other Current Assets', 'Prepaid Assets', 'Inventory', 'Finished Goods', 'Work In Process', 'Raw Materials', 'Receivables', 'Accounts Receivable', 'Allowance For Doubtful Accounts Receivable', 'Gross Accounts Receivable', 'Cash Cash Equivalents And Short Term Investments', 'Other Short Term Investments', 'Cash And Cash Equivalents']
2024-12-27 12:50:46,237 - merger - INFO - consolidate_dir -  ->Exported combined CSV: ./files/fundamentals/NVDA/balance_sheet/combined.csv =>(5, 85)
2024-12-27 12:50:46,237 - merger - INFO - consolidate_dir - ./files/ohlcv/INTC/1m/2024_12_20_1525_to_2024_12_27_1524.csv
2024-12-27 12:50:46,239 - merger - INFO - consolidate_dir - ./files/ohlcv/INTC/1m/2024_12_20_0930_to_2024_12_26_1559.csv
2024-12-27 12:50:46,243 - merger - INFO - consolidate_dir - ./files/ohlcv/INTC/1m/2024_12_19_0930_to_2024_12_24_1259.csv
2024-12-27 12:50:46,246 - merger - INFO - consolidate_dir -  -> Combined file=(4140, 6)
2024-12-27 12:50:46,246 - merger - INFO - consolidate_dir - ['date', 'Open', 'High', 'Low', 'Close', 'Volume']
2024-12-27 12:50:46,256 - merger - INFO - consolidate_dir -  ->Exported combined CSV: ./files/ohlcv/INTC/1m/combined.csv =>(2125, 6)
2024-12-27 12:50:46,256 - merger - INFO - consolidate_dir - ./files/ohlcv/AMD/1m/2024_12_20_1525_to_2024_12_27_1524.csv
2024-12-27 12:50:46,259 - merger - INFO - consolidate_dir - ./files/ohlcv/AMD/1m/2024_12_20_0930_to_2024_12_26_1559.csv
2024-12-27 12:50:46,261 - merger - INFO - consolidate_dir - ./files/ohlcv/AMD/1m/2024_12_19_0930_to_2024_12_24_1259.csv
2024-12-27 12:50:46,264 - merger - INFO - consolidate_dir -  -> Combined file=(4140, 6)
2024-12-27 12:50:46,264 - merger - INFO - consolidate_dir - ['date', 'Open', 'High', 'Low', 'Close', 'Volume']
2024-12-27 12:50:46,273 - merger - INFO - consolidate_dir -  ->Exported combined CSV: ./files/ohlcv/AMD/1m/combined.csv =>(2125, 6)
2024-12-27 12:50:46,273 - merger - INFO - consolidate_dir - ./files/ohlcv/NVDA/1m/2024_12_20_1525_to_2024_12_27_1524.csv
2024-12-27 12:50:46,276 - merger - INFO - consolidate_dir - ./files/ohlcv/NVDA/1m/2024_12_20_0930_to_2024_12_26_1559.csv
2024-12-27 12:50:46,281 - merger - INFO - consolidate_dir - ./files/ohlcv/NVDA/1m/2024_12_19_0930_to_2024_12_24_1259.csv
2024-12-27 12:50:46,284 - merger - INFO - consolidate_dir -  -> Combined file=(4140, 6)
2024-12-27 12:50:46,284 - merger - INFO - consolidate_dir - ['date', 'Open', 'High', 'Low', 'Close', 'Volume']
2024-12-27 12:50:46,293 - merger - INFO - consolidate_dir -  ->Exported combined CSV: ./files/ohlcv/NVDA/1m/combined.csv =>(2125, 6)
2024-12-27 12:50:46,293 - merger - INFO - consolidate_dir - ./files/ohlcv/SMH/1m/2024_12_20_1525_to_2024_12_27_1524.csv
2024-12-27 12:50:46,297 - merger - INFO - consolidate_dir - ./files/ohlcv/SMH/1m/2024_12_20_0930_to_2024_12_26_1559.csv
2024-12-27 12:50:46,300 - merger - INFO - consolidate_dir - ./files/ohlcv/SMH/1m/2024_12_19_0930_to_2024_12_24_1259.csv
2024-12-27 12:50:46,302 - merger - INFO - consolidate_dir -  -> Combined file=(4140, 6)
2024-12-27 12:50:46,302 - merger - INFO - consolidate_dir - ['date', 'Open', 'High', 'Low', 'Close', 'Volume']
2024-12-27 12:50:46,311 - merger - INFO - consolidate_dir -  ->Exported combined CSV: ./files/ohlcv/SMH/1m/combined.csv =>(2125, 6)
2024-12-27 12:50:46,312 - merger - INFO - consolidate_dir - ./files/ohlcv/XLK/1m/2024_12_20_1525_to_2024_12_27_1524.csv
2024-12-27 12:50:46,318 - merger - INFO - consolidate_dir - ./files/ohlcv/XLK/1m/2024_12_20_0930_to_2024_12_26_1559.csv
2024-12-27 12:50:46,337 - merger - INFO - consolidate_dir - ./files/ohlcv/XLK/1m/2024_12_19_0930_to_2024_12_24_1259.csv
2024-12-27 12:50:46,341 - merger - INFO - consolidate_dir -  -> Combined file=(4140, 6)
2024-12-27 12:50:46,341 - merger - INFO - consolidate_dir - ['date', 'Open', 'High', 'Low', 'Close', 'Volume']
2024-12-27 12:50:46,351 - merger - INFO - consolidate_dir -  ->Exported combined CSV: ./files/ohlcv/XLK/1m/combined.csv =>(2125, 6)
2024-12-27 12:50:46,351 - merger - INFO - consolidate_dir - ./files/ohlcv/AVGO/1m/2024_12_20_1525_to_2024_12_27_1524.csv
2024-12-27 12:50:46,354 - merger - INFO - consolidate_dir - ./files/ohlcv/AVGO/1m/2024_12_20_0930_to_2024_12_26_1559.csv
2024-12-27 12:50:46,356 - merger - INFO - consolidate_dir - ./files/ohlcv/AVGO/1m/2024_12_19_0930_to_2024_12_24_1259.csv
2024-12-27 12:50:46,358 - merger - INFO - consolidate_dir -  -> Combined file=(4140, 6)
2024-12-27 12:50:46,358 - merger - INFO - consolidate_dir - ['date', 'Open', 'High', 'Low', 'Close', 'Volume']
2024-12-27 12:50:46,368 - merger - INFO - consolidate_dir -  ->Exported combined CSV: ./files/ohlcv/AVGO/1m/combined.csv =>(2125, 6)
2024-12-27 12:50:46,368 - merger - INFO - consolidate_dir - ./files/ohlcv/BOTZ/1m/2024_12_20_1526_to_2024_12_27_1523.csv
2024-12-27 12:50:46,370 - merger - INFO - consolidate_dir - ./files/ohlcv/BOTZ/1m/2024_12_20_0930_to_2024_12_26_1559.csv
2024-12-27 12:50:46,372 - merger - INFO - consolidate_dir - ./files/ohlcv/BOTZ/1m/2024_12_19_0930_to_2024_12_24_1259.csv
2024-12-27 12:50:46,375 - merger - INFO - consolidate_dir -  -> Combined file=(4138, 6)
2024-12-27 12:50:46,375 - merger - INFO - consolidate_dir - ['date', 'Open', 'High', 'Low', 'Close', 'Volume']
2024-12-27 12:50:46,383 - merger - INFO - consolidate_dir -  ->Exported combined CSV: ./files/ohlcv/BOTZ/1m/combined.csv =>(2124, 6)
2024-12-27 12:50:46,383 - merger - INFO - consolidate_dir - ./files/ohlcv/SPY/1m/2024_12_20_1525_to_2024_12_27_1524.csv
2024-12-27 12:50:46,386 - merger - INFO - consolidate_dir - ./files/ohlcv/SPY/1m/2024_12_20_0930_to_2024_12_26_1559.csv
2024-12-27 12:50:46,388 - merger - INFO - consolidate_dir - ./files/ohlcv/SPY/1m/2024_12_19_0930_to_2024_12_24_1259.csv
2024-12-27 12:50:46,391 - merger - INFO - consolidate_dir -  -> Combined file=(4140, 6)
2024-12-27 12:50:46,391 - merger - INFO - consolidate_dir - ['date', 'Open', 'High', 'Low', 'Close', 'Volume']
2024-12-27 12:50:46,400 - merger - INFO - consolidate_dir -  ->Exported combined CSV: ./files/ohlcv/SPY/1m/combined.csv =>(2125, 6)
2024-12-27 12:50:46,401 - merger - INFO - get_data_files -    Loaded 8 ohlcv files=> ['./files/ohlcv/NVDA/1m/combined.csv', './files/ohlcv/INTC/1m/combined.csv', './files/ohlcv/AMD/1m/combined.csv', './files/ohlcv/AVGO/1m/combined.csv', './files/ohlcv/SPY/1m/combined.csv', './files/ohlcv/BOTZ/1m/combined.csv', './files/ohlcv/SMH/1m/combined.csv', './files/ohlcv/XLK/1m/combined.csv']
2024-12-27 12:50:46,401 - merger - INFO - get_data_files -    Loaded 6 economy files=> ['./files/economy/gdp/combined.csv', './files/economy/cpi/combined.csv', './files/economy/fear_n_greed/combined.csv', './files/economy/treasury/combined.csv', './files/economy/mortgage/combined.csv', './files/economy/unemployment/combined.csv']
2024-12-27 12:50:46,402 - merger - INFO - get_data_files -    Loaded 11 fundamental files=> ['./files/fundamentals/NVDA/options/combined.csv', './files/fundamentals/NVDA/major_holders/combined.csv', './files/fundamentals/NVDA/mutualfund_holders/combined.csv', './files/fundamentals/NVDA/institutional_holders/combined.csv', './files/fundamentals/NVDA/financial/combined.csv', './files/fundamentals/NVDA/cashflow/combined.csv', './files/fundamentals/NVDA/quarterly_income_stmt/combined.csv', './files/fundamentals/NVDA/balance_sheet/combined.csv', './files/fundamentals/NVDA/dividends/combined.csv', './files/fundamentals/NVDA/share_count/combined.csv', './files/fundamentals/NVDA/splits/combined.csv']
2024-12-27 12:50:46,406 - merger - INFO - read_data - ./files/ohlcv/NVDA/1m/combined.csv, (2125, 6)
2024-12-27 12:50:46,425 - merger - INFO - merger - merged df shape=(2125, 6)
2024-12-27 12:50:46,428 - merger - INFO - read_data - ./files/ohlcv/INTC/1m/combined.csv, (2125, 6)
2024-12-27 12:50:46,444 - merger - INFO - merger - merged df shape=(2125, 11)
2024-12-27 12:50:46,447 - merger - INFO - read_data - ./files/ohlcv/AMD/1m/combined.csv, (2125, 6)
2024-12-27 12:50:46,464 - merger - INFO - merger - merged df shape=(2125, 16)
2024-12-27 12:50:46,467 - merger - INFO - read_data - ./files/ohlcv/AVGO/1m/combined.csv, (2125, 6)
2024-12-27 12:50:46,483 - merger - INFO - merger - merged df shape=(2125, 21)
2024-12-27 12:50:46,487 - merger - INFO - read_data - ./files/ohlcv/SPY/1m/combined.csv, (2125, 6)
2024-12-27 12:50:46,503 - merger - INFO - merger - merged df shape=(2125, 26)
2024-12-27 12:50:46,506 - merger - INFO - read_data - ./files/ohlcv/BOTZ/1m/combined.csv, (2124, 6)
2024-12-27 12:50:46,522 - merger - INFO - merger - merged df shape=(2125, 31)
2024-12-27 12:50:46,524 - merger - INFO - read_data - ./files/ohlcv/SMH/1m/combined.csv, (2125, 6)
2024-12-27 12:50:46,541 - merger - INFO - merger - merged df shape=(2125, 36)
2024-12-27 12:50:46,544 - merger - INFO - read_data - ./files/ohlcv/XLK/1m/combined.csv, (2125, 6)
2024-12-27 12:50:46,560 - merger - INFO - merger - merged df shape=(2125, 41)
2024-12-27 12:50:46,562 - merger - INFO - read_data - ./files/economy/gdp/combined.csv, (344, 2)
2024-12-27 12:50:46,566 - merger - INFO - merger - merged df shape=(2125, 42)
2024-12-27 12:50:46,567 - merger - INFO - read_data - ./files/economy/cpi/combined.csv, (935, 2)
2024-12-27 12:50:46,573 - merger - INFO - merger - merged df shape=(2125, 43)
2024-12-27 12:50:46,575 - merger - INFO - read_data - ./files/economy/fear_n_greed/combined.csv, (256, 3)
2024-12-27 12:50:46,578 - merger - INFO - merger - merged df shape=(2125, 45)
2024-12-27 12:50:46,583 - merger - INFO - read_data - ./files/economy/treasury/combined.csv, (12673, 2)
2024-12-27 12:50:46,640 - merger - INFO - merger - merged df shape=(2125, 46)
2024-12-27 12:50:46,642 - merger - INFO - read_data - ./files/economy/mortgage/combined.csv, (2805, 2)
2024-12-27 12:50:46,657 - merger - INFO - merger - merged df shape=(2125, 47)
2024-12-27 12:50:46,658 - merger - INFO - read_data - ./files/economy/unemployment/combined.csv, (923, 2)
2024-12-27 12:50:46,665 - merger - INFO - merger - merged df shape=(2125, 48)
2024-12-27 12:50:46,666 - merger - INFO - read_data - ./files/fundamentals/NVDA/options/combined.csv, (20, 17)
2024-12-27 12:50:46,669 - merger - INFO - merger - merged df shape=(2125, 64)
2024-12-27 12:50:46,670 - merger - INFO - read_data - ./files/fundamentals/NVDA/major_holders/combined.csv, (1, 3)
2024-12-27 12:50:46,673 - merger - INFO - merger - merged df shape=(2125, 66)
2024-12-27 12:50:46,697 - merger - INFO - read_data - ./files/fundamentals/NVDA/mutualfund_holders/combined.csv, (1, 6)
2024-12-27 12:50:46,699 - merger - INFO - merger - merged df shape=(2125, 71)
2024-12-27 12:50:46,702 - merger - INFO - read_data - ./files/fundamentals/NVDA/institutional_holders/combined.csv, (1, 6)
2024-12-27 12:50:46,705 - merger - INFO - merger - merged df shape=(2125, 76)
2024-12-27 12:50:46,706 - merger - INFO - read_data - ./files/fundamentals/NVDA/financial/combined.csv, (64, 20)
2024-12-27 12:50:46,709 - merger - INFO - merger - merged df shape=(2125, 95)
2024-12-27 12:50:46,711 - merger - INFO - read_data - ./files/fundamentals/NVDA/cashflow/combined.csv, (5, 56)
2024-12-27 12:50:46,713 - merger - INFO - merger - merged df shape=(2125, 150)
2024-12-27 12:50:46,715 - merger - INFO - read_data - ./files/fundamentals/NVDA/quarterly_income_stmt/combined.csv, (7, 44)
2024-12-27 12:50:46,718 - merger - INFO - merger - merged df shape=(2125, 193)
2024-12-27 12:50:46,721 - merger - INFO - read_data - ./files/fundamentals/NVDA/balance_sheet/combined.csv, (5, 85)
2024-12-27 12:50:46,724 - merger - INFO - merger - merged df shape=(2125, 277)
2024-12-27 12:50:46,738 - merger - INFO - read_data - ./files/fundamentals/NVDA/dividends/combined.csv, (49, 2)
2024-12-27 12:50:46,742 - merger - INFO - merger - merged df shape=(2125, 278)
2024-12-27 12:50:46,748 - merger - INFO - read_data - ./files/fundamentals/NVDA/share_count/combined.csv, (244, 2)
2024-12-27 12:50:46,754 - merger - INFO - merger - merged df shape=(2125, 279)
2024-12-27 12:50:46,755 - merger - INFO - read_data - ./files/fundamentals/NVDA/splits/combined.csv, (6, 2)
2024-12-27 12:50:46,758 - merger - INFO - merger - merged df shape=(2125, 280)
2024-12-27 12:50:46,766 - merger - INFO - export_to_csv - Exporting merged file to ./files/training/merger/NVDA
