2024-12-26 16:26:28,748 - merger - INFO - driver - dir to combine csv files in {dirs}
2024-12-26 16:26:28,749 - merger - INFO - get_data_files -    Loaded 8 ohlcv files=> ['./files/ohlcv/NVDA/1m/combined.csv', './files/ohlcv/INTC/1m/combined.csv', './files/ohlcv/AMD/1m/combined.csv', './files/ohlcv/AVGO/1m/combined.csv', './files/ohlcv/SPY/1m/combined.csv', './files/ohlcv/BOTZ/1m/combined.csv', './files/ohlcv/SMH/1m/combined.csv', './files/ohlcv/XLK/1m/combined.csv']
2024-12-26 16:26:28,750 - merger - INFO - get_data_files -    Loaded 6 economy files=> ['./files/economy/gdp/combined.csv', './files/economy/cpi/combined.csv', './files/economy/fear_n_greed/combined.csv', './files/economy/treasury/combined.csv', './files/economy/mortgage/combined.csv', './files/economy/unemployment/combined.csv']
2024-12-26 16:26:28,750 - merger - INFO - get_data_files -    Loaded 11 fundamental files=> ['./files/fundamentals/NVDA/options/combined.csv', './files/fundamentals/NVDA/major_holders/combined.csv', './files/fundamentals/NVDA/mutualfund_holders/combined.csv', './files/fundamentals/NVDA/institutional_holders/combined.csv', './files/fundamentals/NVDA/financial/combined.csv', './files/fundamentals/NVDA/cashflow/combined.csv', './files/fundamentals/NVDA/quarterly_income_stmt/combined.csv', './files/fundamentals/NVDA/balance_sheet/combined.csv', './files/fundamentals/NVDA/dividends/combined.csv', './files/fundamentals/NVDA/share_count/combined.csv', './files/fundamentals/NVDA/splits/combined.csv']
2024-12-26 16:26:28,758 - merger - INFO - read_data - ./files/ohlcv/NVDA/1m/combined.csv, (1770, 6)
2024-12-26 16:26:28,777 - merger - INFO - merger - merged df shape=(1770, 6)
2024-12-26 16:26:28,781 - merger - INFO - read_data - ./files/ohlcv/INTC/1m/combined.csv, (1770, 6)
2024-12-26 16:26:28,797 - merger - INFO - merger - merged df shape=(1770, 11)
2024-12-26 16:26:28,800 - merger - INFO - read_data - ./files/ohlcv/AMD/1m/combined.csv, (1381, 7)
2024-12-26 16:26:28,811 - merger - INFO - merger - merged df shape=(1770, 17)
2024-12-26 16:26:28,814 - merger - INFO - read_data - ./files/ohlcv/AVGO/1m/combined.csv, (1770, 6)
2024-12-26 16:26:28,828 - merger - INFO - merger - merged df shape=(1770, 21)
2024-12-26 16:26:28,831 - merger - INFO - read_data - ./files/ohlcv/SPY/1m/combined.csv, (1770, 6)
2024-12-26 16:26:28,844 - merger - INFO - merger - merged df shape=(1770, 26)
2024-12-26 16:26:28,847 - merger - INFO - read_data - ./files/ohlcv/BOTZ/1m/combined.csv, (1770, 6)
2024-12-26 16:26:28,860 - merger - INFO - merger - merged df shape=(1770, 31)
2024-12-26 16:26:28,863 - merger - INFO - read_data - ./files/ohlcv/SMH/1m/combined.csv, (1770, 6)
2024-12-26 16:26:28,877 - merger - INFO - merger - merged df shape=(1770, 36)
2024-12-26 16:26:28,880 - merger - INFO - read_data - ./files/ohlcv/XLK/1m/combined.csv, (1770, 6)
2024-12-26 16:26:28,893 - merger - INFO - merger - merged df shape=(1770, 41)
2024-12-26 16:26:28,895 - merger - INFO - read_data - ./files/economy/gdp/combined.csv, (344, 2)
2024-12-26 16:26:28,899 - merger - INFO - merger - merged df shape=(1770, 42)
2024-12-26 16:26:28,910 - merger - INFO - read_data - ./files/economy/cpi/combined.csv, (935, 2)
2024-12-26 16:26:28,916 - merger - INFO - merger - merged df shape=(1770, 43)
2024-12-26 16:26:28,918 - merger - INFO - read_data - ./files/economy/fear_n_greed/combined.csv, (253, 3)
2024-12-26 16:26:28,920 - merger - INFO - merger - merged df shape=(1770, 45)
2024-12-26 16:26:28,925 - merger - INFO - read_data - ./files/economy/treasury/combined.csv, (12671, 2)
2024-12-26 16:26:28,981 - merger - INFO - merger - merged df shape=(1770, 46)
2024-12-26 16:26:28,984 - merger - INFO - read_data - ./files/economy/mortgage/combined.csv, (2804, 2)
2024-12-26 16:26:28,998 - merger - INFO - merger - merged df shape=(1770, 47)
2024-12-26 16:26:29,001 - merger - INFO - read_data - ./files/economy/unemployment/combined.csv, (923, 2)
2024-12-26 16:26:29,007 - merger - INFO - merger - merged df shape=(1770, 48)
2024-12-26 16:26:29,011 - merger - INFO - read_data - ./files/fundamentals/NVDA/options/combined.csv, (20, 17)
2024-12-26 16:26:29,013 - merger - INFO - merger - merged df shape=(1770, 64)
2024-12-26 16:26:29,014 - merger - INFO - read_data - ./files/fundamentals/NVDA/major_holders/combined.csv, (1, 3)
2024-12-26 16:26:29,017 - merger - INFO - merger - merged df shape=(1770, 66)
2024-12-26 16:26:29,018 - merger - INFO - read_data - ./files/fundamentals/NVDA/mutualfund_holders/combined.csv, (1, 6)
2024-12-26 16:26:29,020 - merger - INFO - merger - merged df shape=(1770, 71)
2024-12-26 16:26:29,021 - merger - INFO - read_data - ./files/fundamentals/NVDA/institutional_holders/combined.csv, (1, 6)
2024-12-26 16:26:29,024 - merger - INFO - merger - merged df shape=(1770, 76)
2024-12-26 16:26:29,026 - merger - INFO - read_data - ./files/fundamentals/NVDA/financial/combined.csv, (64, 20)
2024-12-26 16:26:29,028 - merger - INFO - merger - merged df shape=(1770, 95)
2024-12-26 16:26:29,030 - merger - INFO - read_data - ./files/fundamentals/NVDA/cashflow/combined.csv, (5, 56)
2024-12-26 16:26:29,032 - merger - INFO - merger - merged df shape=(1770, 150)
2024-12-26 16:26:29,035 - merger - INFO - read_data - ./files/fundamentals/NVDA/quarterly_income_stmt/combined.csv, (7, 44)
2024-12-26 16:26:29,038 - merger - INFO - merger - merged df shape=(1770, 193)
2024-12-26 16:26:29,040 - merger - INFO - read_data - ./files/fundamentals/NVDA/balance_sheet/combined.csv, (5, 85)
2024-12-26 16:26:29,043 - merger - INFO - merger - merged df shape=(1770, 277)
2024-12-26 16:26:29,046 - merger - INFO - read_data - ./files/fundamentals/NVDA/dividends/combined.csv, (49, 2)
2024-12-26 16:26:29,050 - merger - INFO - merger - merged df shape=(1770, 278)
2024-12-26 16:26:29,053 - merger - INFO - read_data - ./files/fundamentals/NVDA/share_count/combined.csv, (244, 2)
2024-12-26 16:26:29,058 - merger - INFO - merger - merged df shape=(1770, 279)
2024-12-26 16:26:29,060 - merger - INFO - read_data - ./files/fundamentals/NVDA/splits/combined.csv, (6, 2)
2024-12-26 16:26:29,062 - merger - INFO - merger - merged df shape=(1770, 280)
2024-12-26 16:26:29,070 - merger - INFO - driver - Exporting merged file to ./files/training/NVDA_1m.csv
