2024-12-26 11:39:40,005 - fundamentals - INFO - run - Scraping data from https://www.macrotrends.net/stocks/charts/NVDA/nvidia/income-statement?freq=Q...
2024-12-26 11:39:40,210 - fundamentals - INFO - save_to_csv - Saving data to ./files/fundamentals/NVDA
2024-12-26 11:39:40,217 - fundamentals - INFO - save_to_csv - Data successfully saved to ./files/fundamentals/NVDA/financial/2009-01-31_to_2024-10-31.csv
2024-12-26 11:39:40,218 - fundamentals - INFO - run - Fetching historical data for NVDA...
2024-12-26 11:39:43,809 - fundamentals - INFO - fetch_data - Error fetching historical data: 'numpy.ndarray' object is not callable
2024-12-26 11:39:43,812 - fundamentals - INFO - save_to_csv - Saved dividends to ./files/fundamentals/NVDA/dividends/2012_11_20_to_2024_12_05.csv
2024-12-26 11:39:43,815 - fundamentals - INFO - save_to_csv - Saved splits to ./files/fundamentals/NVDA/splits/2000_06_27_to_2024_06_10.csv
2024-12-26 11:39:43,817 - fundamentals - INFO - save_to_csv - Saved share_count to ./files/fundamentals/NVDA/share_count/2015_11_18_to_2024_12_14.csv
2024-12-26 11:39:43,819 - fundamentals - INFO - save_to_csv - Saved quarterly_income_stmt to ./files/fundamentals/NVDA/quarterly_income_stmt/2023_04_30_to_2024_10_31.csv
2024-12-26 11:39:43,820 - fundamentals - INFO - save_to_csv - Saved balance_sheet to ./files/fundamentals/NVDA/balance_sheet/2020_01_31_to_2024_01_31.csv
2024-12-26 11:39:43,822 - fundamentals - INFO - save_to_csv - Saved cashflow to ./files/fundamentals/NVDA/cashflow/2020_01_31_to_2024_01_31.csv
2024-12-26 11:39:43,823 - fundamentals - INFO - save_to_csv - Saved major_holders to ./files/fundamentals/NVDA/major_holders/2024_12_26.csv
2024-12-26 11:39:43,824 - fundamentals - INFO - save_to_csv - Saved institutional_holders to ./files/fundamentals/NVDA/institutional_holders/2024_12_26.csv
2024-12-26 11:39:43,830 - fundamentals - INFO - save_to_csv - Saved mutualfund_holders to ./files/fundamentals/NVDA/mutualfund_holders/2024_12_26.csv
2024-12-26 11:39:57,425 - fundamentals - INFO - run - Scraping data from https://www.macrotrends.net/stocks/charts/NVDA/nvidia/income-statement?freq=Q...
2024-12-26 11:39:57,607 - fundamentals - INFO - save_to_csv - Saving data to ./files/fundamentals/NVDA
2024-12-26 11:39:57,610 - fundamentals - INFO - save_to_csv - Data successfully saved to ./files/fundamentals/NVDA/financial/2009-01-31_to_2024-10-31.csv
2024-12-26 11:39:57,611 - fundamentals - INFO - run - Fetching historical data for NVDA...
2024-12-26 11:40:01,395 - fundamentals - INFO - fetch_data - Error fetching historical data: 'numpy.ndarray' object is not callable
2024-12-26 11:40:01,397 - fundamentals - INFO - save_to_csv - Saved dividends to ./files/fundamentals/NVDA/dividends/2012_11_20_to_2024_12_05.csv
2024-12-26 11:40:01,401 - fundamentals - INFO - save_to_csv - Saved splits to ./files/fundamentals/NVDA/splits/2000_06_27_to_2024_06_10.csv
2024-12-26 11:40:01,405 - fundamentals - INFO - save_to_csv - Saved share_count to ./files/fundamentals/NVDA/share_count/2015_11_18_to_2024_12_14.csv
2024-12-26 11:40:01,406 - fundamentals - INFO - save_to_csv - Saved quarterly_income_stmt to ./files/fundamentals/NVDA/quarterly_income_stmt/2023_04_30_to_2024_10_31.csv
2024-12-26 11:40:01,412 - fundamentals - INFO - save_to_csv - Saved balance_sheet to ./files/fundamentals/NVDA/balance_sheet/2020_01_31_to_2024_01_31.csv
2024-12-26 11:40:01,413 - fundamentals - INFO - save_to_csv - Saved cashflow to ./files/fundamentals/NVDA/cashflow/2020_01_31_to_2024_01_31.csv
2024-12-26 11:40:01,414 - fundamentals - INFO - save_to_csv - Saved major_holders to ./files/fundamentals/NVDA/major_holders/2024_12_26.csv
2024-12-26 11:40:01,415 - fundamentals - INFO - save_to_csv - Saved institutional_holders to ./files/fundamentals/NVDA/institutional_holders/2024_12_26.csv
2024-12-26 11:40:01,416 - fundamentals - INFO - save_to_csv - Saved mutualfund_holders to ./files/fundamentals/NVDA/mutualfund_holders/2024_12_26.csv
