2024-12-26 11:49:07,561 - fundamentals - INFO - run - Scraping data from https://www.macrotrends.net/stocks/charts/NVDA/nvidia/income-statement?freq=Q...
2024-12-26 11:49:07,830 - fundamentals - INFO - save_to_csv - Saving data to ./files/fundamentals/NVDA
2024-12-26 11:49:07,838 - fundamentals - INFO - save_to_csv - Data successfully saved to ./files/fundamentals/NVDA/financial/2009-01-31_to_2024-10-31.csv
2024-12-26 11:49:07,840 - fundamentals - INFO - run - Fetching historical data for NVDA...
2024-12-26 11:49:11,537 - fundamentals - INFO - fetch_data - 2024-12-27
2024-12-26 11:49:11,681 - fundamentals - INFO - fetch_data - 2025-01-03
2024-12-26 11:49:11,805 - fundamentals - INFO - fetch_data - 2025-01-10
2024-12-26 11:49:11,938 - fundamentals - INFO - fetch_data - 2025-01-17
2024-12-26 11:49:12,214 - fundamentals - INFO - fetch_data - 2025-01-24
2024-12-26 11:49:12,348 - fundamentals - INFO - fetch_data - 2025-01-31
2024-12-26 11:49:12,489 - fundamentals - INFO - fetch_data - 2025-02-21
2024-12-26 11:49:12,775 - fundamentals - INFO - fetch_data - 2025-03-21
2024-12-26 11:49:13,044 - fundamentals - INFO - fetch_data - 2025-04-17
2024-12-26 11:49:13,163 - fundamentals - INFO - fetch_data - 2025-05-16
2024-12-26 11:49:13,312 - fundamentals - INFO - fetch_data - 2025-06-20
2024-12-26 11:49:13,617 - fundamentals - INFO - fetch_data - 2025-07-18
2024-12-26 11:49:13,742 - fundamentals - INFO - fetch_data - 2025-08-15
2024-12-26 11:49:13,861 - fundamentals - INFO - fetch_data - 2025-09-19
2024-12-26 11:49:14,039 - fundamentals - INFO - fetch_data - 2025-12-19
2024-12-26 11:49:14,254 - fundamentals - INFO - fetch_data - 2026-01-16
2024-12-26 11:49:14,494 - fundamentals - INFO - fetch_data - 2026-06-18
2024-12-26 11:49:14,699 - fundamentals - INFO - fetch_data - 2026-09-18
2024-12-26 11:49:14,843 - fundamentals - INFO - fetch_data - 2026-12-18
2024-12-26 11:49:15,115 - fundamentals - INFO - fetch_data - 2027-01-15
2024-12-26 11:49:15,243 - fundamentals - INFO - fetch_data -            contractSymbol             lastTradeDate  ...  currency  expirationDate
0     NVDA241227C00050000 2024-12-26 17:55:23+00:00  ...       USD      2024-12-27
1     NVDA241227C00055000 2024-12-23 19:50:12+00:00  ...       USD      2024-12-27
2     NVDA241227C00060000 2024-12-26 15:32:15+00:00  ...       USD      2024-12-27
3     NVDA241227C00065000 2024-12-23 16:02:08+00:00  ...       USD      2024-12-27
4     NVDA241227C00070000 2024-12-26 16:55:42+00:00  ...       USD      2024-12-27
...                   ...                       ...  ...       ...             ...
4380  NVDA270115C00250000 2024-12-26 18:15:07+00:00  ...       USD      2027-01-15
4381  NVDA270115C00260000 2024-12-24 17:58:11+00:00  ...       USD      2027-01-15
4382  NVDA270115C00270000 2024-12-26 18:50:45+00:00  ...       USD      2027-01-15
4383  NVDA270115C00280000 2024-12-26 18:09:53+00:00  ...       USD      2027-01-15
4384  NVDA270115C00290000 2024-12-26 18:10:14+00:00  ...       USD      2027-01-15

[4385 rows x 15 columns]
2024-12-26 11:49:15,288 - fundamentals - INFO - fetch_data - ++++++++++++++++++++++++++++++++++++++++++++++++++++++++++++++++++++++++++++++++++++++++++++++++++++
2024-12-26 11:49:37,491 - fundamentals - INFO - run - Scraping data from https://www.macrotrends.net/stocks/charts/NVDA/nvidia/income-statement?freq=Q...
2024-12-26 11:49:37,700 - fundamentals - INFO - save_to_csv - Saving data to ./files/fundamentals/NVDA
2024-12-26 11:49:37,705 - fundamentals - INFO - save_to_csv - Data successfully saved to ./files/fundamentals/NVDA/financial/2009-01-31_to_2024-10-31.csv
2024-12-26 11:49:37,706 - fundamentals - INFO - run - Fetching historical data for NVDA...
2024-12-26 11:49:41,377 - fundamentals - INFO - fetch_data - 2024-12-27
2024-12-26 11:49:41,497 - fundamentals - INFO - fetch_data - 2025-01-03
2024-12-26 11:49:41,620 - fundamentals - INFO - fetch_data - 2025-01-10
2024-12-26 11:49:41,749 - fundamentals - INFO - fetch_data - 2025-01-17
2024-12-26 11:49:41,999 - fundamentals - INFO - fetch_data - 2025-01-24
2024-12-26 11:49:42,118 - fundamentals - INFO - fetch_data - 2025-01-31
2024-12-26 11:49:42,232 - fundamentals - INFO - fetch_data - 2025-02-21
2024-12-26 11:49:42,442 - fundamentals - INFO - fetch_data - 2025-03-21
2024-12-26 11:49:42,627 - fundamentals - INFO - fetch_data - 2025-04-17
2024-12-26 11:49:42,727 - fundamentals - INFO - fetch_data - 2025-05-16
2024-12-26 11:49:42,832 - fundamentals - INFO - fetch_data - 2025-06-20
2024-12-26 11:49:43,156 - fundamentals - INFO - fetch_data - 2025-07-18
2024-12-26 11:49:43,343 - fundamentals - INFO - fetch_data - 2025-08-15
2024-12-26 11:49:43,462 - fundamentals - INFO - fetch_data - 2025-09-19
2024-12-26 11:49:43,632 - fundamentals - INFO - fetch_data - 2025-12-19
2024-12-26 11:49:43,899 - fundamentals - INFO - fetch_data - 2026-01-16
2024-12-26 11:49:44,178 - fundamentals - INFO - fetch_data - 2026-06-18
2024-12-26 11:49:44,409 - fundamentals - INFO - fetch_data - 2026-09-18
2024-12-26 11:49:44,522 - fundamentals - INFO - fetch_data - 2026-12-18
2024-12-26 11:49:44,736 - fundamentals - INFO - fetch_data - 2027-01-15
2024-12-26 11:49:44,844 - fundamentals - INFO - fetch_data -            contractSymbol             lastTradeDate  ...  currency  expirationDate
0     NVDA241227C00050000 2024-12-26 17:55:23+00:00  ...       USD      2024-12-27
1     NVDA241227C00055000 2024-12-23 19:50:12+00:00  ...       USD      2024-12-27
2     NVDA241227C00060000 2024-12-26 15:32:15+00:00  ...       USD      2024-12-27
3     NVDA241227C00065000 2024-12-23 16:02:08+00:00  ...       USD      2024-12-27
4     NVDA241227C00070000 2024-12-26 16:55:42+00:00  ...       USD      2024-12-27
...                   ...                       ...  ...       ...             ...
4380  NVDA270115C00250000 2024-12-26 18:15:07+00:00  ...       USD      2027-01-15
4381  NVDA270115C00260000 2024-12-24 17:58:11+00:00  ...       USD      2027-01-15
4382  NVDA270115C00270000 2024-12-26 18:50:45+00:00  ...       USD      2027-01-15
4383  NVDA270115C00280000 2024-12-26 18:09:53+00:00  ...       USD      2027-01-15
4384  NVDA270115C00290000 2024-12-26 18:10:14+00:00  ...       USD      2027-01-15

[4385 rows x 15 columns]
2024-12-26 11:49:44,870 - fundamentals - INFO - fetch_data - ++++++++++++++++++++++++++++++++++++++++++++++++++++++++++++++++++++++++++++++++++++++++++++++++++++
2024-12-26 11:49:44,872 - fundamentals - INFO - save_to_csv - Saved dividends to ./files/fundamentals/NVDA/dividends/2012_11_20_to_2024_12_05.csv
2024-12-26 11:49:44,874 - fundamentals - INFO - save_to_csv - Saved splits to ./files/fundamentals/NVDA/splits/2000_06_27_to_2024_06_10.csv
2024-12-26 11:49:44,876 - fundamentals - INFO - save_to_csv - Saved share_count to ./files/fundamentals/NVDA/share_count/2015_11_18_to_2024_12_14.csv
2024-12-26 11:49:44,877 - fundamentals - INFO - save_to_csv - Saved quarterly_income_stmt to ./files/fundamentals/NVDA/quarterly_income_stmt/2023_04_30_to_2024_10_31.csv
2024-12-26 11:49:44,878 - fundamentals - INFO - save_to_csv - Saved balance_sheet to ./files/fundamentals/NVDA/balance_sheet/2020_01_31_to_2024_01_31.csv
2024-12-26 11:49:44,880 - fundamentals - INFO - save_to_csv - Saved cashflow to ./files/fundamentals/NVDA/cashflow/2020_01_31_to_2024_01_31.csv
2024-12-26 11:49:44,880 - fundamentals - INFO - save_to_csv - Saved major_holders to ./files/fundamentals/NVDA/major_holders/2024_12_26.csv
2024-12-26 11:49:44,881 - fundamentals - INFO - save_to_csv - Saved institutional_holders to ./files/fundamentals/NVDA/institutional_holders/2024_12_26.csv
2024-12-26 11:49:44,888 - fundamentals - INFO - save_to_csv - Saved mutualfund_holders to ./files/fundamentals/NVDA/mutualfund_holders/2024_12_26.csv
2024-12-26 11:49:44,952 - fundamentals - INFO - save_to_csv - Saved options to ./files/fundamentals/NVDA/options/2024_12_26.csv
