2024-12-26 12:02:23,232 - fundamentals - INFO - run - Scraping data from https://www.macrotrends.net/stocks/charts/NVDA/nvidia/income-statement?freq=Q...
2024-12-26 12:02:23,423 - fundamentals - INFO - save_to_csv - Saving data to ./files/fundamentals/NVDA
2024-12-26 12:02:23,426 - fundamentals - INFO - save_to_csv - Data successfully saved to ./files/fundamentals/NVDA/financial/2009-01-31_to_2024-10-31.csv
2024-12-26 12:02:23,427 - fundamentals - INFO - run - Fetching historical data for NVDA...
2024-12-26 12:02:30,937 - fundamentals - INFO - save_to_csv - Saved dividends to ./files/fundamentals/NVDA/dividends/2012_11_20_to_2024_12_05.csv
2024-12-26 12:02:30,940 - fundamentals - INFO - save_to_csv - Saved splits to ./files/fundamentals/NVDA/splits/2000_06_27_to_2024_06_10.csv
2024-12-26 12:02:30,946 - fundamentals - INFO - save_to_csv - Saved share_count to ./files/fundamentals/NVDA/share_count/2015_11_18_to_2024_12_14.csv
2024-12-26 12:02:30,955 - fundamentals - INFO - save_to_csv - Saved quarterly_income_stmt to ./files/fundamentals/NVDA/quarterly_income_stmt/2023_04_30_to_2024_10_31.csv
2024-12-26 12:02:30,962 - fundamentals - INFO - save_to_csv - Saved balance_sheet to ./files/fundamentals/NVDA/balance_sheet/2020_01_31_to_2024_01_31.csv
2024-12-26 12:02:30,963 - fundamentals - INFO - save_to_csv - Saved cashflow to ./files/fundamentals/NVDA/cashflow/2020_01_31_to_2024_01_31.csv
2024-12-26 12:02:30,964 - fundamentals - INFO - save_to_csv - Saved major_holders to ./files/fundamentals/NVDA/major_holders/2024_12_26.csv
2024-12-26 12:02:30,965 - fundamentals - INFO - save_to_csv - Saved institutional_holders to ./files/fundamentals/NVDA/institutional_holders/2024_12_26.csv
2024-12-26 12:02:30,966 - fundamentals - INFO - save_to_csv - Saved mutualfund_holders to ./files/fundamentals/NVDA/mutualfund_holders/2024_12_26.csv
2024-12-26 12:02:55,068 - fundamentals - INFO - run - Scraping data from https://www.macrotrends.net/stocks/charts/NVDA/nvidia/income-statement?freq=Q...
2024-12-26 12:02:55,255 - fundamentals - INFO - save_to_csv - Saving data to ./files/fundamentals/NVDA
2024-12-26 12:02:55,262 - fundamentals - INFO - save_to_csv - Data successfully saved to ./files/fundamentals/NVDA/financial/2009-01-31_to_2024-10-31.csv
2024-12-26 12:02:55,263 - fundamentals - INFO - run - Fetching historical data for NVDA...
2024-12-26 12:03:03,353 - fundamentals - INFO - save_to_csv - Saved dividends to ./files/fundamentals/NVDA/dividends/2012_11_20_to_2024_12_05.csv
2024-12-26 12:03:03,354 - fundamentals - INFO - save_to_csv - Saved splits to ./files/fundamentals/NVDA/splits/2000_06_27_to_2024_06_10.csv
2024-12-26 12:03:03,356 - fundamentals - INFO - save_to_csv - Saved share_count to ./files/fundamentals/NVDA/share_count/2015_11_18_to_2024_12_14.csv
2024-12-26 12:03:03,357 - fundamentals - INFO - save_to_csv - Saved quarterly_income_stmt to ./files/fundamentals/NVDA/quarterly_income_stmt/2023_04_30_to_2024_10_31.csv
2024-12-26 12:03:03,359 - fundamentals - INFO - save_to_csv - Saved balance_sheet to ./files/fundamentals/NVDA/balance_sheet/2020_01_31_to_2024_01_31.csv
2024-12-26 12:03:03,360 - fundamentals - INFO - save_to_csv - Saved cashflow to ./files/fundamentals/NVDA/cashflow/2020_01_31_to_2024_01_31.csv
2024-12-26 12:03:03,361 - fundamentals - INFO - save_to_csv - Saved major_holders to ./files/fundamentals/NVDA/major_holders/2024_12_26.csv
2024-12-26 12:03:03,361 - fundamentals - INFO - save_to_csv - Saved institutional_holders to ./files/fundamentals/NVDA/institutional_holders/2024_12_26.csv
2024-12-26 12:03:03,362 - fundamentals - INFO - save_to_csv - Saved mutualfund_holders to ./files/fundamentals/NVDA/mutualfund_holders/2024_12_26.csv
