2024-12-26 11:43:10,639 - fundamentals - INFO - run - Scraping data from https://www.macrotrends.net/stocks/charts/NVDA/nvidia/income-statement?freq=Q...
2024-12-26 11:43:10,834 - fundamentals - INFO - save_to_csv - Saving data to ./files/fundamentals/NVDA
2024-12-26 11:43:10,842 - fundamentals - INFO - save_to_csv - Data successfully saved to ./files/fundamentals/NVDA/financial/2009-01-31_to_2024-10-31.csv
2024-12-26 11:43:10,843 - fundamentals - INFO - run - Fetching historical data for NVDA...
2024-12-26 11:43:16,395 - fundamentals - INFO - fetch_data - 2024-12-27
2024-12-26 11:43:16,583 - fundamentals - INFO - fetch_data - 'DataFrame' object has no attribute 'append'
2024-12-26 11:43:16,583 - fundamentals - INFO - fetch_data - 2025-01-03
2024-12-26 11:43:16,735 - fundamentals - INFO - fetch_data - 'DataFrame' object has no attribute 'append'
2024-12-26 11:43:16,735 - fundamentals - INFO - fetch_data - 2025-01-10
2024-12-26 11:43:16,896 - fundamentals - INFO - fetch_data - 'DataFrame' object has no attribute 'append'
2024-12-26 11:43:16,896 - fundamentals - INFO - fetch_data - 2025-01-17
2024-12-26 11:43:17,201 - fundamentals - INFO - fetch_data - 'DataFrame' object has no attribute 'append'
2024-12-26 11:43:17,201 - fundamentals - INFO - fetch_data - 2025-01-24
2024-12-26 11:43:17,364 - fundamentals - INFO - fetch_data - 'DataFrame' object has no attribute 'append'
2024-12-26 11:43:17,364 - fundamentals - INFO - fetch_data - 2025-01-31
2024-12-26 11:43:17,537 - fundamentals - INFO - fetch_data - 'DataFrame' object has no attribute 'append'
2024-12-26 11:43:17,537 - fundamentals - INFO - fetch_data - 2025-02-21
2024-12-26 11:43:17,842 - fundamentals - INFO - fetch_data - 'DataFrame' object has no attribute 'append'
2024-12-26 11:43:17,842 - fundamentals - INFO - fetch_data - 2025-03-21
2024-12-26 11:43:18,087 - fundamentals - INFO - fetch_data - 'DataFrame' object has no attribute 'append'
2024-12-26 11:43:18,087 - fundamentals - INFO - fetch_data - 2025-04-17
2024-12-26 11:43:18,253 - fundamentals - INFO - fetch_data - 'DataFrame' object has no attribute 'append'
2024-12-26 11:43:18,253 - fundamentals - INFO - fetch_data - 2025-05-16
2024-12-26 11:43:18,400 - fundamentals - INFO - fetch_data - 'DataFrame' object has no attribute 'append'
2024-12-26 11:43:18,400 - fundamentals - INFO - fetch_data - 2025-06-20
2024-12-26 11:43:18,731 - fundamentals - INFO - fetch_data - 'DataFrame' object has no attribute 'append'
2024-12-26 11:43:18,731 - fundamentals - INFO - fetch_data - 2025-07-18
2024-12-26 11:43:18,893 - fundamentals - INFO - fetch_data - 'DataFrame' object has no attribute 'append'
2024-12-26 11:43:18,893 - fundamentals - INFO - fetch_data - 2025-08-15
2024-12-26 11:43:19,057 - fundamentals - INFO - fetch_data - 'DataFrame' object has no attribute 'append'
2024-12-26 11:43:19,057 - fundamentals - INFO - fetch_data - 2025-09-19
2024-12-26 11:43:19,248 - fundamentals - INFO - fetch_data - 'DataFrame' object has no attribute 'append'
2024-12-26 11:43:19,248 - fundamentals - INFO - fetch_data - 2025-12-19
2024-12-26 11:43:19,509 - fundamentals - INFO - fetch_data - 'DataFrame' object has no attribute 'append'
2024-12-26 11:43:19,509 - fundamentals - INFO - fetch_data - 2026-01-16
2024-12-26 11:43:19,806 - fundamentals - INFO - fetch_data - 'DataFrame' object has no attribute 'append'
2024-12-26 11:43:19,806 - fundamentals - INFO - fetch_data - 2026-06-18
2024-12-26 11:43:20,046 - fundamentals - INFO - fetch_data - 'DataFrame' object has no attribute 'append'
2024-12-26 11:43:20,046 - fundamentals - INFO - fetch_data - 2026-09-18
2024-12-26 11:43:20,234 - fundamentals - INFO - fetch_data - 'DataFrame' object has no attribute 'append'
2024-12-26 11:43:20,235 - fundamentals - INFO - fetch_data - 2026-12-18
2024-12-26 11:43:20,498 - fundamentals - INFO - fetch_data - 'DataFrame' object has no attribute 'append'
2024-12-26 11:43:20,498 - fundamentals - INFO - fetch_data - 2027-01-15
2024-12-26 11:43:20,666 - fundamentals - INFO - fetch_data - 'DataFrame' object has no attribute 'append'
2024-12-26 11:43:20,666 - fundamentals - INFO - fetch_data - Empty DataFrame
Columns: []
Index: []
2024-12-26 11:43:20,667 - fundamentals - INFO - fetch_data - ++++++++++++++++++++++++++++++++++++++++++++++++++++++++++++++++++++++++++++++++++++++++++++++++++++
