2024-12-26 11:38:05,649 - fundamentals - INFO - run - Scraping data from https://www.macrotrends.net/stocks/charts/NVDA/nvidia/income-statement?freq=Q...
2024-12-26 11:38:05,831 - fundamentals - INFO - save_to_csv - Saving data to ./files/fundamentals/NVDA
2024-12-26 11:38:05,834 - fundamentals - INFO - save_to_csv - Data successfully saved to ./files/fundamentals/NVDA/financial/2009-01-31_to_2024-10-31.csv
2024-12-26 11:38:05,835 - fundamentals - INFO - run - Fetching historical data for NVDA...
2024-12-26 11:38:10,728 - fundamentals - INFO - fetch_data - Error fetching historical data: 'numpy.ndarray' object is not callable
2024-12-26 11:38:10,734 - fundamentals - INFO - save_to_csv - Saved dividends to ./files/fundamentals/NVDA/dividends/2012_11_20_to_2024_12_05.csv
2024-12-26 11:38:10,740 - fundamentals - INFO - save_to_csv - Saved splits to ./files/fundamentals/NVDA/splits/2000_06_27_to_2024_06_10.csv
2024-12-26 11:38:10,752 - fundamentals - INFO - save_to_csv - Saved share_count to ./files/fundamentals/NVDA/share_count/2015_11_18_to_2024_12_14.csv
2024-12-26 11:38:10,757 - fundamentals - INFO - save_to_csv - Saved quarterly_income_stmt to ./files/fundamentals/NVDA/quarterly_income_stmt/2023_04_30_to_2024_10_31.csv
2024-12-26 11:38:10,762 - fundamentals - INFO - save_to_csv - Saved balance_sheet to ./files/fundamentals/NVDA/balance_sheet/2020_01_31_to_2024_01_31.csv
2024-12-26 11:38:10,765 - fundamentals - INFO - save_to_csv - Saved cashflow to ./files/fundamentals/NVDA/cashflow/2020_01_31_to_2024_01_31.csv
2024-12-26 11:38:10,766 - fundamentals - INFO - save_to_csv - Saved major_holders to ./files/fundamentals/NVDA/major_holders/2024_12_26.csv
2024-12-26 11:38:10,767 - fundamentals - INFO - save_to_csv - Saved institutional_holders to ./files/fundamentals/NVDA/institutional_holders/2024_12_26.csv
2024-12-26 11:38:10,768 - fundamentals - INFO - save_to_csv - Saved mutualfund_holders to ./files/fundamentals/NVDA/mutualfund_holders/2024_12_26.csv
2024-12-26 11:38:56,296 - fundamentals - INFO - run - Scraping data from https://www.macrotrends.net/stocks/charts/NVDA/nvidia/income-statement?freq=Q...
2024-12-26 11:38:56,478 - fundamentals - INFO - save_to_csv - Saving data to ./files/fundamentals/NVDA
2024-12-26 11:38:56,488 - fundamentals - INFO - save_to_csv - Data successfully saved to ./files/fundamentals/NVDA/financial/2009-01-31_to_2024-10-31.csv
2024-12-26 11:38:56,489 - fundamentals - INFO - run - Fetching historical data for NVDA...
2024-12-26 11:39:00,033 - fundamentals - INFO - fetch_data - Error fetching historical data: 'numpy.ndarray' object is not callable
2024-12-26 11:39:00,036 - fundamentals - INFO - save_to_csv - Saved dividends to ./files/fundamentals/NVDA/dividends/2012_11_20_to_2024_12_05.csv
2024-12-26 11:39:00,038 - fundamentals - INFO - save_to_csv - Saved splits to ./files/fundamentals/NVDA/splits/2000_06_27_to_2024_06_10.csv
2024-12-26 11:39:00,041 - fundamentals - INFO - save_to_csv - Saved share_count to ./files/fundamentals/NVDA/share_count/2015_11_18_to_2024_12_14.csv
2024-12-26 11:39:00,043 - fundamentals - INFO - save_to_csv - Saved quarterly_income_stmt to ./files/fundamentals/NVDA/quarterly_income_stmt/2023_04_30_to_2024_10_31.csv
2024-12-26 11:39:00,045 - fundamentals - INFO - save_to_csv - Saved balance_sheet to ./files/fundamentals/NVDA/balance_sheet/2020_01_31_to_2024_01_31.csv
2024-12-26 11:39:00,047 - fundamentals - INFO - save_to_csv - Saved cashflow to ./files/fundamentals/NVDA/cashflow/2020_01_31_to_2024_01_31.csv
2024-12-26 11:39:00,048 - fundamentals - INFO - save_to_csv - Saved major_holders to ./files/fundamentals/NVDA/major_holders/2024_12_26.csv
2024-12-26 11:39:00,051 - fundamentals - INFO - save_to_csv - Saved institutional_holders to ./files/fundamentals/NVDA/institutional_holders/2024_12_26.csv
2024-12-26 11:39:00,055 - fundamentals - INFO - save_to_csv - Saved mutualfund_holders to ./files/fundamentals/NVDA/mutualfund_holders/2024_12_26.csv
