2024-12-26 11:50:56,162 - fundamentals - INFO - run - Scraping data from https://www.macrotrends.net/stocks/charts/NVDA/nvidia/income-statement?freq=Q...
2024-12-26 11:50:56,340 - fundamentals - INFO - save_to_csv - Saving data to ./files/fundamentals/NVDA
2024-12-26 11:50:56,343 - fundamentals - INFO - save_to_csv - Data successfully saved to ./files/fundamentals/NVDA/financial/2009-01-31_to_2024-10-31.csv
2024-12-26 11:50:56,343 - fundamentals - INFO - run - Fetching historical data for NVDA...
2024-12-26 11:50:59,958 - fundamentals - INFO - fetch_data - 2024-12-27
2024-12-26 11:51:00,092 - fundamentals - INFO - fetch_data - 2025-01-03
2024-12-26 11:51:00,225 - fundamentals - INFO - fetch_data - 2025-01-10
2024-12-26 11:51:00,371 - fundamentals - INFO - fetch_data - 2025-01-17
2024-12-26 11:51:00,673 - fundamentals - INFO - fetch_data - 2025-01-24
2024-12-26 11:51:00,816 - fundamentals - INFO - fetch_data - 2025-01-31
2024-12-26 11:51:00,943 - fundamentals - INFO - fetch_data - 2025-02-21
2024-12-26 11:51:01,233 - fundamentals - INFO - fetch_data - 2025-03-21
2024-12-26 11:51:01,439 - fundamentals - INFO - fetch_data - 2025-04-17
2024-12-26 11:51:01,560 - fundamentals - INFO - fetch_data - 2025-05-16
2024-12-26 11:51:01,673 - fundamentals - INFO - fetch_data - 2025-06-20
2024-12-26 11:51:01,917 - fundamentals - INFO - fetch_data - 2025-07-18
2024-12-26 11:51:02,054 - fundamentals - INFO - fetch_data - 2025-08-15
2024-12-26 11:51:02,183 - fundamentals - INFO - fetch_data - 2025-09-19
2024-12-26 11:51:02,355 - fundamentals - INFO - fetch_data - 2025-12-19
2024-12-26 11:51:02,649 - fundamentals - INFO - fetch_data - 2026-01-16
2024-12-26 11:51:02,878 - fundamentals - INFO - fetch_data - 2026-06-18
2024-12-26 11:51:03,108 - fundamentals - INFO - fetch_data - 2026-09-18
2024-12-26 11:51:03,220 - fundamentals - INFO - fetch_data - 2026-12-18
2024-12-26 11:51:03,468 - fundamentals - INFO - fetch_data - 2027-01-15
2024-12-26 11:51:03,594 - fundamentals - INFO - fetch_data -            contractSymbol             lastTradeDate  ...  expirationDate  type
0     NVDA241227C00050000 2024-12-26 17:55:23+00:00  ...      2024-12-27  call
1     NVDA241227C00055000 2024-12-23 19:50:12+00:00  ...      2024-12-27  call
2     NVDA241227C00060000 2024-12-26 15:32:15+00:00  ...      2024-12-27  call
3     NVDA241227C00065000 2024-12-23 16:02:08+00:00  ...      2024-12-27  call
4     NVDA241227C00070000 2024-12-26 16:55:42+00:00  ...      2024-12-27  call
...                   ...                       ...  ...             ...   ...
4380  NVDA270115C00250000 2024-12-26 18:15:07+00:00  ...      2027-01-15  call
4381  NVDA270115C00260000 2024-12-24 17:58:11+00:00  ...      2027-01-15  call
4382  NVDA270115C00270000 2024-12-26 18:50:45+00:00  ...      2027-01-15  call
4383  NVDA270115C00280000 2024-12-26 18:09:53+00:00  ...      2027-01-15  call
4384  NVDA270115C00290000 2024-12-26 18:10:14+00:00  ...      2027-01-15  call

[4385 rows x 16 columns]
2024-12-26 11:51:03,639 - fundamentals - INFO - fetch_data - ++++++++++++++++++++++++++++++++++++++++++++++++++++++++++++++++++++++++++++++++++++++++++++++++++++
2024-12-26 11:51:03,642 - fundamentals - INFO - save_to_csv - Saved dividends to ./files/fundamentals/NVDA/dividends/2012_11_20_to_2024_12_05.csv
2024-12-26 11:51:03,643 - fundamentals - INFO - save_to_csv - Saved splits to ./files/fundamentals/NVDA/splits/2000_06_27_to_2024_06_10.csv
2024-12-26 11:51:03,645 - fundamentals - INFO - save_to_csv - Saved share_count to ./files/fundamentals/NVDA/share_count/2015_11_18_to_2024_12_14.csv
2024-12-26 11:51:03,646 - fundamentals - INFO - save_to_csv - Saved quarterly_income_stmt to ./files/fundamentals/NVDA/quarterly_income_stmt/2023_04_30_to_2024_10_31.csv
2024-12-26 11:51:03,647 - fundamentals - INFO - save_to_csv - Saved balance_sheet to ./files/fundamentals/NVDA/balance_sheet/2020_01_31_to_2024_01_31.csv
2024-12-26 11:51:03,648 - fundamentals - INFO - save_to_csv - Saved cashflow to ./files/fundamentals/NVDA/cashflow/2020_01_31_to_2024_01_31.csv
2024-12-26 11:51:03,649 - fundamentals - INFO - save_to_csv - Saved major_holders to ./files/fundamentals/NVDA/major_holders/2024_12_26.csv
2024-12-26 11:51:03,649 - fundamentals - INFO - save_to_csv - Saved institutional_holders to ./files/fundamentals/NVDA/institutional_holders/2024_12_26.csv
2024-12-26 11:51:03,650 - fundamentals - INFO - save_to_csv - Saved mutualfund_holders to ./files/fundamentals/NVDA/mutualfund_holders/2024_12_26.csv
2024-12-26 11:51:03,720 - fundamentals - INFO - save_to_csv - Saved options to ./files/fundamentals/NVDA/options/2024_12_26.csv
